CRITICAL - 2020-09-15 22:06:03 --> You have not selected a database type to connect to.
#0 C:\xampp7\htdocs\apps\disperindag\vendor\codeigniter4\framework\system\Database\Config.php(115): CodeIgniter\Database\Database->load(Array, 'default')
#1 C:\xampp7\htdocs\apps\disperindag\app\Libraries\SmartComponent\Form.php(27): CodeIgniter\Database\Config::connect()
#2 C:\xampp7\htdocs\apps\disperindag\app\Controllers\Km\Mahasiswa.php(95): App\Libraries\SmartComponent\Form->__construct()
#3 C:\xampp7\htdocs\apps\disperindag\app\Controllers\Km\Mahasiswa.php(27): App\Controllers\Km\Mahasiswa->search()
#4 C:\xampp7\htdocs\apps\disperindag\vendor\codeigniter4\framework\system\CodeIgniter.php(918): App\Controllers\Km\Mahasiswa->index()
#5 C:\xampp7\htdocs\apps\disperindag\vendor\codeigniter4\framework\system\CodeIgniter.php(404): CodeIgniter\CodeIgniter->runController(Object(App\Controllers\Km\Mahasiswa))
#6 C:\xampp7\htdocs\apps\disperindag\vendor\codeigniter4\framework\system\CodeIgniter.php(312): CodeIgniter\CodeIgniter->handleRequest(NULL, Object(Config\Cache), false)
#7 C:\xampp7\htdocs\apps\disperindag\public\index.php(45): CodeIgniter\CodeIgniter->run()
#8 {main}
CRITICAL - 2020-09-15 22:07:01 --> Class '\CodeIgniter\Database\pgsql\Connection' not found
#0 C:\xampp7\htdocs\apps\disperindag\vendor\codeigniter4\framework\system\Database\Config.php(115): CodeIgniter\Database\Database->load(Array, 'default')
#1 C:\xampp7\htdocs\apps\disperindag\app\Libraries\SmartComponent\Form.php(27): CodeIgniter\Database\Config::connect()
#2 C:\xampp7\htdocs\apps\disperindag\app\Controllers\Km\Mahasiswa.php(95): App\Libraries\SmartComponent\Form->__construct()
#3 C:\xampp7\htdocs\apps\disperindag\app\Controllers\Km\Mahasiswa.php(27): App\Controllers\Km\Mahasiswa->search()
#4 C:\xampp7\htdocs\apps\disperindag\vendor\codeigniter4\framework\system\CodeIgniter.php(918): App\Controllers\Km\Mahasiswa->index()
#5 C:\xampp7\htdocs\apps\disperindag\vendor\codeigniter4\framework\system\CodeIgniter.php(404): CodeIgniter\CodeIgniter->runController(Object(App\Controllers\Km\Mahasiswa))
#6 C:\xampp7\htdocs\apps\disperindag\vendor\codeigniter4\framework\system\CodeIgniter.php(312): CodeIgniter\CodeIgniter->handleRequest(NULL, Object(Config\Cache), false)
#7 C:\xampp7\htdocs\apps\disperindag\public\index.php(45): CodeIgniter\CodeIgniter->run()
#8 {main}
CRITICAL - 2020-09-15 22:07:16 --> You have not selected a database type to connect to.
#0 C:\xampp7\htdocs\apps\disperindag\vendor\codeigniter4\framework\system\Database\Config.php(115): CodeIgniter\Database\Database->load(Array, 'default')
#1 C:\xampp7\htdocs\apps\disperindag\app\Libraries\SmartComponent\Form.php(27): CodeIgniter\Database\Config::connect()
#2 C:\xampp7\htdocs\apps\disperindag\app\Controllers\Km\Mahasiswa.php(95): App\Libraries\SmartComponent\Form->__construct()
#3 C:\xampp7\htdocs\apps\disperindag\app\Controllers\Km\Mahasiswa.php(27): App\Controllers\Km\Mahasiswa->search()
#4 C:\xampp7\htdocs\apps\disperindag\vendor\codeigniter4\framework\system\CodeIgniter.php(918): App\Controllers\Km\Mahasiswa->index()
#5 C:\xampp7\htdocs\apps\disperindag\vendor\codeigniter4\framework\system\CodeIgniter.php(404): CodeIgniter\CodeIgniter->runController(Object(App\Controllers\Km\Mahasiswa))
#6 C:\xampp7\htdocs\apps\disperindag\vendor\codeigniter4\framework\system\CodeIgniter.php(312): CodeIgniter\CodeIgniter->handleRequest(NULL, Object(Config\Cache), false)
#7 C:\xampp7\htdocs\apps\disperindag\public\index.php(45): CodeIgniter\CodeIgniter->run()
#8 {main}
CRITICAL - 2020-09-15 22:08:22 --> Class '\CodeIgniter\Database\pdo\Connection' not found
#0 C:\xampp7\htdocs\apps\disperindag\vendor\codeigniter4\framework\system\Database\Config.php(115): CodeIgniter\Database\Database->load(Array, 'default')
#1 C:\xampp7\htdocs\apps\disperindag\app\Libraries\SmartComponent\Form.php(27): CodeIgniter\Database\Config::connect()
#2 C:\xampp7\htdocs\apps\disperindag\app\Controllers\Km\Mahasiswa.php(95): App\Libraries\SmartComponent\Form->__construct()
#3 C:\xampp7\htdocs\apps\disperindag\app\Controllers\Km\Mahasiswa.php(27): App\Controllers\Km\Mahasiswa->search()
#4 C:\xampp7\htdocs\apps\disperindag\vendor\codeigniter4\framework\system\CodeIgniter.php(918): App\Controllers\Km\Mahasiswa->index()
#5 C:\xampp7\htdocs\apps\disperindag\vendor\codeigniter4\framework\system\CodeIgniter.php(404): CodeIgniter\CodeIgniter->runController(Object(App\Controllers\Km\Mahasiswa))
#6 C:\xampp7\htdocs\apps\disperindag\vendor\codeigniter4\framework\system\CodeIgniter.php(312): CodeIgniter\CodeIgniter->handleRequest(NULL, Object(Config\Cache), false)
#7 C:\xampp7\htdocs\apps\disperindag\public\index.php(45): CodeIgniter\CodeIgniter->run()
#8 {main}
CRITICAL - 2020-09-15 22:18:03 --> Class '\CodeIgniter\Database\pgsql\Connection' not found
#0 C:\xampp7\htdocs\apps\disperindag\vendor\codeigniter4\framework\system\Database\Config.php(115): CodeIgniter\Database\Database->load(Array, 'default')
#1 C:\xampp7\htdocs\apps\disperindag\app\Libraries\SmartComponent\Form.php(27): CodeIgniter\Database\Config::connect()
#2 C:\xampp7\htdocs\apps\disperindag\app\Controllers\Km\Mahasiswa.php(95): App\Libraries\SmartComponent\Form->__construct()
#3 C:\xampp7\htdocs\apps\disperindag\app\Controllers\Km\Mahasiswa.php(27): App\Controllers\Km\Mahasiswa->search()
#4 C:\xampp7\htdocs\apps\disperindag\vendor\codeigniter4\framework\system\CodeIgniter.php(918): App\Controllers\Km\Mahasiswa->index()
#5 C:\xampp7\htdocs\apps\disperindag\vendor\codeigniter4\framework\system\CodeIgniter.php(404): CodeIgniter\CodeIgniter->runController(Object(App\Controllers\Km\Mahasiswa))
#6 C:\xampp7\htdocs\apps\disperindag\vendor\codeigniter4\framework\system\CodeIgniter.php(312): CodeIgniter\CodeIgniter->handleRequest(NULL, Object(Config\Cache), false)
#7 C:\xampp7\htdocs\apps\disperindag\public\index.php(45): CodeIgniter\CodeIgniter->run()
#8 {main}
CRITICAL - 2020-09-15 22:46:35 --> Undefined property: App\Controllers\Login::$input
#0 C:\xampp7\htdocs\apps\disperindag\app\Controllers\Login.php(12): CodeIgniter\Debug\Exceptions->errorHandler(8, 'Undefined prope...', 'C:\\xampp7\\htdoc...', 12, Array)
#1 C:\xampp7\htdocs\apps\disperindag\vendor\codeigniter4\framework\system\CodeIgniter.php(918): App\Controllers\Login->auth()
#2 C:\xampp7\htdocs\apps\disperindag\vendor\codeigniter4\framework\system\CodeIgniter.php(404): CodeIgniter\CodeIgniter->runController(Object(App\Controllers\Login))
#3 C:\xampp7\htdocs\apps\disperindag\vendor\codeigniter4\framework\system\CodeIgniter.php(312): CodeIgniter\CodeIgniter->handleRequest(NULL, Object(Config\Cache), false)
#4 C:\xampp7\htdocs\apps\disperindag\public\index.php(45): CodeIgniter\CodeIgniter->run()
#5 {main}
CRITICAL - 2020-09-15 22:49:07 --> Undefined property: App\Controllers\Login::$db
#0 C:\xampp7\htdocs\apps\disperindag\app\Controllers\Login.php(14): CodeIgniter\Debug\Exceptions->errorHandler(8, 'Undefined prope...', 'C:\\xampp7\\htdoc...', 14, Array)
#1 C:\xampp7\htdocs\apps\disperindag\vendor\codeigniter4\framework\system\CodeIgniter.php(918): App\Controllers\Login->auth()
#2 C:\xampp7\htdocs\apps\disperindag\vendor\codeigniter4\framework\system\CodeIgniter.php(404): CodeIgniter\CodeIgniter->runController(Object(App\Controllers\Login))
#3 C:\xampp7\htdocs\apps\disperindag\vendor\codeigniter4\framework\system\CodeIgniter.php(312): CodeIgniter\CodeIgniter->handleRequest(NULL, Object(Config\Cache), false)
#4 C:\xampp7\htdocs\apps\disperindag\public\index.php(45): CodeIgniter\CodeIgniter->run()
#5 {main}
CRITICAL - 2020-09-15 22:49:59 --> Unable to connect to the database.
#0 C:\xampp7\htdocs\apps\disperindag\vendor\codeigniter4\framework\system\Database\BaseConnection.php(646): CodeIgniter\Database\BaseConnection->initialize()
#1 C:\xampp7\htdocs\apps\disperindag\app\Controllers\Login.php(14): CodeIgniter\Database\BaseConnection->query('select * from u...')
#2 C:\xampp7\htdocs\apps\disperindag\vendor\codeigniter4\framework\system\CodeIgniter.php(918): App\Controllers\Login->auth()
#3 C:\xampp7\htdocs\apps\disperindag\vendor\codeigniter4\framework\system\CodeIgniter.php(404): CodeIgniter\CodeIgniter->runController(Object(App\Controllers\Login))
#4 C:\xampp7\htdocs\apps\disperindag\vendor\codeigniter4\framework\system\CodeIgniter.php(312): CodeIgniter\CodeIgniter->handleRequest(NULL, Object(Config\Cache), false)
#5 C:\xampp7\htdocs\apps\disperindag\public\index.php(45): CodeIgniter\CodeIgniter->run()
#6 {main}
CRITICAL - 2020-09-15 22:50:57 --> Unable to connect to the database.
#0 C:\xampp7\htdocs\apps\disperindag\vendor\codeigniter4\framework\system\Database\BaseConnection.php(646): CodeIgniter\Database\BaseConnection->initialize()
#1 C:\xampp7\htdocs\apps\disperindag\app\Controllers\Login.php(14): CodeIgniter\Database\BaseConnection->query('select * from u...')
#2 C:\xampp7\htdocs\apps\disperindag\vendor\codeigniter4\framework\system\CodeIgniter.php(918): App\Controllers\Login->auth()
#3 C:\xampp7\htdocs\apps\disperindag\vendor\codeigniter4\framework\system\CodeIgniter.php(404): CodeIgniter\CodeIgniter->runController(Object(App\Controllers\Login))
#4 C:\xampp7\htdocs\apps\disperindag\vendor\codeigniter4\framework\system\CodeIgniter.php(312): CodeIgniter\CodeIgniter->handleRequest(NULL, Object(Config\Cache), false)
#5 C:\xampp7\htdocs\apps\disperindag\public\index.php(45): CodeIgniter\CodeIgniter->run()
#6 {main}
CRITICAL - 2020-09-15 22:50:58 --> Unable to connect to the database.
#0 C:\xampp7\htdocs\apps\disperindag\vendor\codeigniter4\framework\system\Database\BaseConnection.php(646): CodeIgniter\Database\BaseConnection->initialize()
#1 C:\xampp7\htdocs\apps\disperindag\app\Controllers\Login.php(14): CodeIgniter\Database\BaseConnection->query('select * from u...')
#2 C:\xampp7\htdocs\apps\disperindag\vendor\codeigniter4\framework\system\CodeIgniter.php(918): App\Controllers\Login->auth()
#3 C:\xampp7\htdocs\apps\disperindag\vendor\codeigniter4\framework\system\CodeIgniter.php(404): CodeIgniter\CodeIgniter->runController(Object(App\Controllers\Login))
#4 C:\xampp7\htdocs\apps\disperindag\vendor\codeigniter4\framework\system\CodeIgniter.php(312): CodeIgniter\CodeIgniter->handleRequest(NULL, Object(Config\Cache), false)
#5 C:\xampp7\htdocs\apps\disperindag\public\index.php(45): CodeIgniter\CodeIgniter->run()
#6 {main}
CRITICAL - 2020-09-15 22:52:02 --> Unable to connect to the database.
#0 C:\xampp7\htdocs\apps\disperindag\vendor\codeigniter4\framework\system\Database\BaseConnection.php(646): CodeIgniter\Database\BaseConnection->initialize()
#1 C:\xampp7\htdocs\apps\disperindag\app\Controllers\Login.php(14): CodeIgniter\Database\BaseConnection->query('select * from u...')
#2 C:\xampp7\htdocs\apps\disperindag\vendor\codeigniter4\framework\system\CodeIgniter.php(918): App\Controllers\Login->auth()
#3 C:\xampp7\htdocs\apps\disperindag\vendor\codeigniter4\framework\system\CodeIgniter.php(404): CodeIgniter\CodeIgniter->runController(Object(App\Controllers\Login))
#4 C:\xampp7\htdocs\apps\disperindag\vendor\codeigniter4\framework\system\CodeIgniter.php(312): CodeIgniter\CodeIgniter->handleRequest(NULL, Object(Config\Cache), false)
#5 C:\xampp7\htdocs\apps\disperindag\public\index.php(45): CodeIgniter\CodeIgniter->run()
#6 {main}
CRITICAL - 2020-09-15 22:52:03 --> Unable to connect to the database.
#0 C:\xampp7\htdocs\apps\disperindag\vendor\codeigniter4\framework\system\Database\BaseConnection.php(646): CodeIgniter\Database\BaseConnection->initialize()
#1 C:\xampp7\htdocs\apps\disperindag\app\Controllers\Login.php(14): CodeIgniter\Database\BaseConnection->query('select * from u...')
#2 C:\xampp7\htdocs\apps\disperindag\vendor\codeigniter4\framework\system\CodeIgniter.php(918): App\Controllers\Login->auth()
#3 C:\xampp7\htdocs\apps\disperindag\vendor\codeigniter4\framework\system\CodeIgniter.php(404): CodeIgniter\CodeIgniter->runController(Object(App\Controllers\Login))
#4 C:\xampp7\htdocs\apps\disperindag\vendor\codeigniter4\framework\system\CodeIgniter.php(312): CodeIgniter\CodeIgniter->handleRequest(NULL, Object(Config\Cache), false)
#5 C:\xampp7\htdocs\apps\disperindag\public\index.php(45): CodeIgniter\CodeIgniter->run()
#6 {main}
CRITICAL - 2020-09-15 22:52:04 --> Unable to connect to the database.
#0 C:\xampp7\htdocs\apps\disperindag\vendor\codeigniter4\framework\system\Database\BaseConnection.php(646): CodeIgniter\Database\BaseConnection->initialize()
#1 C:\xampp7\htdocs\apps\disperindag\app\Controllers\Login.php(14): CodeIgniter\Database\BaseConnection->query('select * from u...')
#2 C:\xampp7\htdocs\apps\disperindag\vendor\codeigniter4\framework\system\CodeIgniter.php(918): App\Controllers\Login->auth()
#3 C:\xampp7\htdocs\apps\disperindag\vendor\codeigniter4\framework\system\CodeIgniter.php(404): CodeIgniter\CodeIgniter->runController(Object(App\Controllers\Login))
#4 C:\xampp7\htdocs\apps\disperindag\vendor\codeigniter4\framework\system\CodeIgniter.php(312): CodeIgniter\CodeIgniter->handleRequest(NULL, Object(Config\Cache), false)
#5 C:\xampp7\htdocs\apps\disperindag\public\index.php(45): CodeIgniter\CodeIgniter->run()
#6 {main}
CRITICAL - 2020-09-15 22:52:04 --> Unable to connect to the database.
#0 C:\xampp7\htdocs\apps\disperindag\vendor\codeigniter4\framework\system\Database\BaseConnection.php(646): CodeIgniter\Database\BaseConnection->initialize()
#1 C:\xampp7\htdocs\apps\disperindag\app\Controllers\Login.php(14): CodeIgniter\Database\BaseConnection->query('select * from u...')
#2 C:\xampp7\htdocs\apps\disperindag\vendor\codeigniter4\framework\system\CodeIgniter.php(918): App\Controllers\Login->auth()
#3 C:\xampp7\htdocs\apps\disperindag\vendor\codeigniter4\framework\system\CodeIgniter.php(404): CodeIgniter\CodeIgniter->runController(Object(App\Controllers\Login))
#4 C:\xampp7\htdocs\apps\disperindag\vendor\codeigniter4\framework\system\CodeIgniter.php(312): CodeIgniter\CodeIgniter->handleRequest(NULL, Object(Config\Cache), false)
#5 C:\xampp7\htdocs\apps\disperindag\public\index.php(45): CodeIgniter\CodeIgniter->run()
#6 {main}
CRITICAL - 2020-09-15 22:52:04 --> Unable to connect to the database.
#0 C:\xampp7\htdocs\apps\disperindag\vendor\codeigniter4\framework\system\Database\BaseConnection.php(646): CodeIgniter\Database\BaseConnection->initialize()
#1 C:\xampp7\htdocs\apps\disperindag\app\Controllers\Login.php(14): CodeIgniter\Database\BaseConnection->query('select * from u...')
#2 C:\xampp7\htdocs\apps\disperindag\vendor\codeigniter4\framework\system\CodeIgniter.php(918): App\Controllers\Login->auth()
#3 C:\xampp7\htdocs\apps\disperindag\vendor\codeigniter4\framework\system\CodeIgniter.php(404): CodeIgniter\CodeIgniter->runController(Object(App\Controllers\Login))
#4 C:\xampp7\htdocs\apps\disperindag\vendor\codeigniter4\framework\system\CodeIgniter.php(312): CodeIgniter\CodeIgniter->handleRequest(NULL, Object(Config\Cache), false)
#5 C:\xampp7\htdocs\apps\disperindag\public\index.php(45): CodeIgniter\CodeIgniter->run()
#6 {main}
CRITICAL - 2020-09-15 22:52:04 --> Unable to connect to the database.
#0 C:\xampp7\htdocs\apps\disperindag\vendor\codeigniter4\framework\system\Database\BaseConnection.php(646): CodeIgniter\Database\BaseConnection->initialize()
#1 C:\xampp7\htdocs\apps\disperindag\app\Controllers\Login.php(14): CodeIgniter\Database\BaseConnection->query('select * from u...')
#2 C:\xampp7\htdocs\apps\disperindag\vendor\codeigniter4\framework\system\CodeIgniter.php(918): App\Controllers\Login->auth()
#3 C:\xampp7\htdocs\apps\disperindag\vendor\codeigniter4\framework\system\CodeIgniter.php(404): CodeIgniter\CodeIgniter->runController(Object(App\Controllers\Login))
#4 C:\xampp7\htdocs\apps\disperindag\vendor\codeigniter4\framework\system\CodeIgniter.php(312): CodeIgniter\CodeIgniter->handleRequest(NULL, Object(Config\Cache), false)
#5 C:\xampp7\htdocs\apps\disperindag\public\index.php(45): CodeIgniter\CodeIgniter->run()
#6 {main}
CRITICAL - 2020-09-15 22:52:04 --> Unable to connect to the database.
#0 C:\xampp7\htdocs\apps\disperindag\vendor\codeigniter4\framework\system\Database\BaseConnection.php(646): CodeIgniter\Database\BaseConnection->initialize()
#1 C:\xampp7\htdocs\apps\disperindag\app\Controllers\Login.php(14): CodeIgniter\Database\BaseConnection->query('select * from u...')
#2 C:\xampp7\htdocs\apps\disperindag\vendor\codeigniter4\framework\system\CodeIgniter.php(918): App\Controllers\Login->auth()
#3 C:\xampp7\htdocs\apps\disperindag\vendor\codeigniter4\framework\system\CodeIgniter.php(404): CodeIgniter\CodeIgniter->runController(Object(App\Controllers\Login))
#4 C:\xampp7\htdocs\apps\disperindag\vendor\codeigniter4\framework\system\CodeIgniter.php(312): CodeIgniter\CodeIgniter->handleRequest(NULL, Object(Config\Cache), false)
#5 C:\xampp7\htdocs\apps\disperindag\public\index.php(45): CodeIgniter\CodeIgniter->run()
#6 {main}
CRITICAL - 2020-09-15 22:52:05 --> Unable to connect to the database.
#0 C:\xampp7\htdocs\apps\disperindag\vendor\codeigniter4\framework\system\Database\BaseConnection.php(646): CodeIgniter\Database\BaseConnection->initialize()
#1 C:\xampp7\htdocs\apps\disperindag\app\Controllers\Login.php(14): CodeIgniter\Database\BaseConnection->query('select * from u...')
#2 C:\xampp7\htdocs\apps\disperindag\vendor\codeigniter4\framework\system\CodeIgniter.php(918): App\Controllers\Login->auth()
#3 C:\xampp7\htdocs\apps\disperindag\vendor\codeigniter4\framework\system\CodeIgniter.php(404): CodeIgniter\CodeIgniter->runController(Object(App\Controllers\Login))
#4 C:\xampp7\htdocs\apps\disperindag\vendor\codeigniter4\framework\system\CodeIgniter.php(312): CodeIgniter\CodeIgniter->handleRequest(NULL, Object(Config\Cache), false)
#5 C:\xampp7\htdocs\apps\disperindag\public\index.php(45): CodeIgniter\CodeIgniter->run()
#6 {main}
CRITICAL - 2020-09-15 22:52:05 --> Unable to connect to the database.
#0 C:\xampp7\htdocs\apps\disperindag\vendor\codeigniter4\framework\system\Database\BaseConnection.php(646): CodeIgniter\Database\BaseConnection->initialize()
#1 C:\xampp7\htdocs\apps\disperindag\app\Controllers\Login.php(14): CodeIgniter\Database\BaseConnection->query('select * from u...')
#2 C:\xampp7\htdocs\apps\disperindag\vendor\codeigniter4\framework\system\CodeIgniter.php(918): App\Controllers\Login->auth()
#3 C:\xampp7\htdocs\apps\disperindag\vendor\codeigniter4\framework\system\CodeIgniter.php(404): CodeIgniter\CodeIgniter->runController(Object(App\Controllers\Login))
#4 C:\xampp7\htdocs\apps\disperindag\vendor\codeigniter4\framework\system\CodeIgniter.php(312): CodeIgniter\CodeIgniter->handleRequest(NULL, Object(Config\Cache), false)
#5 C:\xampp7\htdocs\apps\disperindag\public\index.php(45): CodeIgniter\CodeIgniter->run()
#6 {main}
CRITICAL - 2020-09-15 22:52:05 --> Unable to connect to the database.
#0 C:\xampp7\htdocs\apps\disperindag\vendor\codeigniter4\framework\system\Database\BaseConnection.php(646): CodeIgniter\Database\BaseConnection->initialize()
#1 C:\xampp7\htdocs\apps\disperindag\app\Controllers\Login.php(14): CodeIgniter\Database\BaseConnection->query('select * from u...')
#2 C:\xampp7\htdocs\apps\disperindag\vendor\codeigniter4\framework\system\CodeIgniter.php(918): App\Controllers\Login->auth()
#3 C:\xampp7\htdocs\apps\disperindag\vendor\codeigniter4\framework\system\CodeIgniter.php(404): CodeIgniter\CodeIgniter->runController(Object(App\Controllers\Login))
#4 C:\xampp7\htdocs\apps\disperindag\vendor\codeigniter4\framework\system\CodeIgniter.php(312): CodeIgniter\CodeIgniter->handleRequest(NULL, Object(Config\Cache), false)
#5 C:\xampp7\htdocs\apps\disperindag\public\index.php(45): CodeIgniter\CodeIgniter->run()
#6 {main}
CRITICAL - 2020-09-15 22:52:05 --> Unable to connect to the database.
#0 C:\xampp7\htdocs\apps\disperindag\vendor\codeigniter4\framework\system\Database\BaseConnection.php(646): CodeIgniter\Database\BaseConnection->initialize()
#1 C:\xampp7\htdocs\apps\disperindag\app\Controllers\Login.php(14): CodeIgniter\Database\BaseConnection->query('select * from u...')
#2 C:\xampp7\htdocs\apps\disperindag\vendor\codeigniter4\framework\system\CodeIgniter.php(918): App\Controllers\Login->auth()
#3 C:\xampp7\htdocs\apps\disperindag\vendor\codeigniter4\framework\system\CodeIgniter.php(404): CodeIgniter\CodeIgniter->runController(Object(App\Controllers\Login))
#4 C:\xampp7\htdocs\apps\disperindag\vendor\codeigniter4\framework\system\CodeIgniter.php(312): CodeIgniter\CodeIgniter->handleRequest(NULL, Object(Config\Cache), false)
#5 C:\xampp7\htdocs\apps\disperindag\public\index.php(45): CodeIgniter\CodeIgniter->run()
#6 {main}
CRITICAL - 2020-09-15 22:52:10 --> Unable to connect to the database.
#0 C:\xampp7\htdocs\apps\disperindag\vendor\codeigniter4\framework\system\Database\BaseConnection.php(646): CodeIgniter\Database\BaseConnection->initialize()
#1 C:\xampp7\htdocs\apps\disperindag\app\Controllers\Login.php(14): CodeIgniter\Database\BaseConnection->query('select * from u...')
#2 C:\xampp7\htdocs\apps\disperindag\vendor\codeigniter4\framework\system\CodeIgniter.php(918): App\Controllers\Login->auth()
#3 C:\xampp7\htdocs\apps\disperindag\vendor\codeigniter4\framework\system\CodeIgniter.php(404): CodeIgniter\CodeIgniter->runController(Object(App\Controllers\Login))
#4 C:\xampp7\htdocs\apps\disperindag\vendor\codeigniter4\framework\system\CodeIgniter.php(312): CodeIgniter\CodeIgniter->handleRequest(NULL, Object(Config\Cache), false)
#5 C:\xampp7\htdocs\apps\disperindag\public\index.php(45): CodeIgniter\CodeIgniter->run()
#6 {main}
CRITICAL - 2020-09-15 22:52:10 --> Unable to connect to the database.
#0 C:\xampp7\htdocs\apps\disperindag\vendor\codeigniter4\framework\system\Database\BaseConnection.php(646): CodeIgniter\Database\BaseConnection->initialize()
#1 C:\xampp7\htdocs\apps\disperindag\app\Controllers\Login.php(14): CodeIgniter\Database\BaseConnection->query('select * from u...')
#2 C:\xampp7\htdocs\apps\disperindag\vendor\codeigniter4\framework\system\CodeIgniter.php(918): App\Controllers\Login->auth()
#3 C:\xampp7\htdocs\apps\disperindag\vendor\codeigniter4\framework\system\CodeIgniter.php(404): CodeIgniter\CodeIgniter->runController(Object(App\Controllers\Login))
#4 C:\xampp7\htdocs\apps\disperindag\vendor\codeigniter4\framework\system\CodeIgniter.php(312): CodeIgniter\CodeIgniter->handleRequest(NULL, Object(Config\Cache), false)
#5 C:\xampp7\htdocs\apps\disperindag\public\index.php(45): CodeIgniter\CodeIgniter->run()
#6 {main}
CRITICAL - 2020-09-15 22:52:10 --> Unable to connect to the database.
#0 C:\xampp7\htdocs\apps\disperindag\vendor\codeigniter4\framework\system\Database\BaseConnection.php(646): CodeIgniter\Database\BaseConnection->initialize()
#1 C:\xampp7\htdocs\apps\disperindag\app\Controllers\Login.php(14): CodeIgniter\Database\BaseConnection->query('select * from u...')
#2 C:\xampp7\htdocs\apps\disperindag\vendor\codeigniter4\framework\system\CodeIgniter.php(918): App\Controllers\Login->auth()
#3 C:\xampp7\htdocs\apps\disperindag\vendor\codeigniter4\framework\system\CodeIgniter.php(404): CodeIgniter\CodeIgniter->runController(Object(App\Controllers\Login))
#4 C:\xampp7\htdocs\apps\disperindag\vendor\codeigniter4\framework\system\CodeIgniter.php(312): CodeIgniter\CodeIgniter->handleRequest(NULL, Object(Config\Cache), false)
#5 C:\xampp7\htdocs\apps\disperindag\public\index.php(45): CodeIgniter\CodeIgniter->run()
#6 {main}
CRITICAL - 2020-09-15 22:52:10 --> Unable to connect to the database.
#0 C:\xampp7\htdocs\apps\disperindag\vendor\codeigniter4\framework\system\Database\BaseConnection.php(646): CodeIgniter\Database\BaseConnection->initialize()
#1 C:\xampp7\htdocs\apps\disperindag\app\Controllers\Login.php(14): CodeIgniter\Database\BaseConnection->query('select * from u...')
#2 C:\xampp7\htdocs\apps\disperindag\vendor\codeigniter4\framework\system\CodeIgniter.php(918): App\Controllers\Login->auth()
#3 C:\xampp7\htdocs\apps\disperindag\vendor\codeigniter4\framework\system\CodeIgniter.php(404): CodeIgniter\CodeIgniter->runController(Object(App\Controllers\Login))
#4 C:\xampp7\htdocs\apps\disperindag\vendor\codeigniter4\framework\system\CodeIgniter.php(312): CodeIgniter\CodeIgniter->handleRequest(NULL, Object(Config\Cache), false)
#5 C:\xampp7\htdocs\apps\disperindag\public\index.php(45): CodeIgniter\CodeIgniter->run()
#6 {main}
CRITICAL - 2020-09-15 22:52:11 --> Unable to connect to the database.
#0 C:\xampp7\htdocs\apps\disperindag\vendor\codeigniter4\framework\system\Database\BaseConnection.php(646): CodeIgniter\Database\BaseConnection->initialize()
#1 C:\xampp7\htdocs\apps\disperindag\app\Controllers\Login.php(14): CodeIgniter\Database\BaseConnection->query('select * from u...')
#2 C:\xampp7\htdocs\apps\disperindag\vendor\codeigniter4\framework\system\CodeIgniter.php(918): App\Controllers\Login->auth()
#3 C:\xampp7\htdocs\apps\disperindag\vendor\codeigniter4\framework\system\CodeIgniter.php(404): CodeIgniter\CodeIgniter->runController(Object(App\Controllers\Login))
#4 C:\xampp7\htdocs\apps\disperindag\vendor\codeigniter4\framework\system\CodeIgniter.php(312): CodeIgniter\CodeIgniter->handleRequest(NULL, Object(Config\Cache), false)
#5 C:\xampp7\htdocs\apps\disperindag\public\index.php(45): CodeIgniter\CodeIgniter->run()
#6 {main}
CRITICAL - 2020-09-15 22:53:09 --> Unable to connect to the database.
#0 C:\xampp7\htdocs\apps\disperindag\vendor\codeigniter4\framework\system\Database\BaseConnection.php(646): CodeIgniter\Database\BaseConnection->initialize()
#1 C:\xampp7\htdocs\apps\disperindag\app\Controllers\Login.php(14): CodeIgniter\Database\BaseConnection->query('select * from u...')
#2 C:\xampp7\htdocs\apps\disperindag\vendor\codeigniter4\framework\system\CodeIgniter.php(918): App\Controllers\Login->auth()
#3 C:\xampp7\htdocs\apps\disperindag\vendor\codeigniter4\framework\system\CodeIgniter.php(404): CodeIgniter\CodeIgniter->runController(Object(App\Controllers\Login))
#4 C:\xampp7\htdocs\apps\disperindag\vendor\codeigniter4\framework\system\CodeIgniter.php(312): CodeIgniter\CodeIgniter->handleRequest(NULL, Object(Config\Cache), false)
#5 C:\xampp7\htdocs\apps\disperindag\public\index.php(45): CodeIgniter\CodeIgniter->run()
#6 {main}
CRITICAL - 2020-09-15 22:56:04 -->  route cannot be found while reverse-routing.
#0 C:\xampp7\htdocs\apps\disperindag\vendor\codeigniter4\framework\system\HTTP\RedirectResponse.php(92): CodeIgniter\HTTP\Exceptions\HTTPException::forInvalidRedirectRoute('')
#1 C:\xampp7\htdocs\apps\disperindag\vendor\codeigniter4\framework\system\Common.php(845): CodeIgniter\HTTP\RedirectResponse->route(false)
#2 C:\xampp7\htdocs\apps\disperindag\app\Controllers\Login.php(21): redirect('/login')
#3 C:\xampp7\htdocs\apps\disperindag\vendor\codeigniter4\framework\system\CodeIgniter.php(918): App\Controllers\Login->auth()
#4 C:\xampp7\htdocs\apps\disperindag\vendor\codeigniter4\framework\system\CodeIgniter.php(404): CodeIgniter\CodeIgniter->runController(Object(App\Controllers\Login))
#5 C:\xampp7\htdocs\apps\disperindag\vendor\codeigniter4\framework\system\CodeIgniter.php(312): CodeIgniter\CodeIgniter->handleRequest(NULL, Object(Config\Cache), false)
#6 C:\xampp7\htdocs\apps\disperindag\public\index.php(45): CodeIgniter\CodeIgniter->run()
#7 {main}
CRITICAL - 2020-09-15 22:59:35 --> Unable to connect to the database.
#0 C:\xampp7\htdocs\apps\disperindag\vendor\codeigniter4\framework\system\Database\BaseConnection.php(646): CodeIgniter\Database\BaseConnection->initialize()
#1 C:\xampp7\htdocs\apps\disperindag\app\Controllers\Login.php(14): CodeIgniter\Database\BaseConnection->query('select * from u...')
#2 C:\xampp7\htdocs\apps\disperindag\vendor\codeigniter4\framework\system\CodeIgniter.php(918): App\Controllers\Login->auth()
#3 C:\xampp7\htdocs\apps\disperindag\vendor\codeigniter4\framework\system\CodeIgniter.php(404): CodeIgniter\CodeIgniter->runController(Object(App\Controllers\Login))
#4 C:\xampp7\htdocs\apps\disperindag\vendor\codeigniter4\framework\system\CodeIgniter.php(312): CodeIgniter\CodeIgniter->handleRequest(NULL, Object(Config\Cache), false)
#5 C:\xampp7\htdocs\apps\disperindag\public\index.php(45): CodeIgniter\CodeIgniter->run()
#6 {main}
CRITICAL - 2020-09-15 22:59:36 --> Unable to connect to the database.
#0 C:\xampp7\htdocs\apps\disperindag\vendor\codeigniter4\framework\system\Database\BaseConnection.php(646): CodeIgniter\Database\BaseConnection->initialize()
#1 C:\xampp7\htdocs\apps\disperindag\app\Controllers\Login.php(14): CodeIgniter\Database\BaseConnection->query('select * from u...')
#2 C:\xampp7\htdocs\apps\disperindag\vendor\codeigniter4\framework\system\CodeIgniter.php(918): App\Controllers\Login->auth()
#3 C:\xampp7\htdocs\apps\disperindag\vendor\codeigniter4\framework\system\CodeIgniter.php(404): CodeIgniter\CodeIgniter->runController(Object(App\Controllers\Login))
#4 C:\xampp7\htdocs\apps\disperindag\vendor\codeigniter4\framework\system\CodeIgniter.php(312): CodeIgniter\CodeIgniter->handleRequest(NULL, Object(Config\Cache), false)
#5 C:\xampp7\htdocs\apps\disperindag\public\index.php(45): CodeIgniter\CodeIgniter->run()
#6 {main}
CRITICAL - 2020-09-15 22:59:37 --> Unable to connect to the database.
#0 C:\xampp7\htdocs\apps\disperindag\vendor\codeigniter4\framework\system\Database\BaseConnection.php(646): CodeIgniter\Database\BaseConnection->initialize()
#1 C:\xampp7\htdocs\apps\disperindag\app\Controllers\Login.php(14): CodeIgniter\Database\BaseConnection->query('select * from u...')
#2 C:\xampp7\htdocs\apps\disperindag\vendor\codeigniter4\framework\system\CodeIgniter.php(918): App\Controllers\Login->auth()
#3 C:\xampp7\htdocs\apps\disperindag\vendor\codeigniter4\framework\system\CodeIgniter.php(404): CodeIgniter\CodeIgniter->runController(Object(App\Controllers\Login))
#4 C:\xampp7\htdocs\apps\disperindag\vendor\codeigniter4\framework\system\CodeIgniter.php(312): CodeIgniter\CodeIgniter->handleRequest(NULL, Object(Config\Cache), false)
#5 C:\xampp7\htdocs\apps\disperindag\public\index.php(45): CodeIgniter\CodeIgniter->run()
#6 {main}
CRITICAL - 2020-09-15 22:59:37 --> Unable to connect to the database.
#0 C:\xampp7\htdocs\apps\disperindag\vendor\codeigniter4\framework\system\Database\BaseConnection.php(646): CodeIgniter\Database\BaseConnection->initialize()
#1 C:\xampp7\htdocs\apps\disperindag\app\Controllers\Login.php(14): CodeIgniter\Database\BaseConnection->query('select * from u...')
#2 C:\xampp7\htdocs\apps\disperindag\vendor\codeigniter4\framework\system\CodeIgniter.php(918): App\Controllers\Login->auth()
#3 C:\xampp7\htdocs\apps\disperindag\vendor\codeigniter4\framework\system\CodeIgniter.php(404): CodeIgniter\CodeIgniter->runController(Object(App\Controllers\Login))
#4 C:\xampp7\htdocs\apps\disperindag\vendor\codeigniter4\framework\system\CodeIgniter.php(312): CodeIgniter\CodeIgniter->handleRequest(NULL, Object(Config\Cache), false)
#5 C:\xampp7\htdocs\apps\disperindag\public\index.php(45): CodeIgniter\CodeIgniter->run()
#6 {main}
CRITICAL - 2020-09-15 22:59:37 --> Unable to connect to the database.
#0 C:\xampp7\htdocs\apps\disperindag\vendor\codeigniter4\framework\system\Database\BaseConnection.php(646): CodeIgniter\Database\BaseConnection->initialize()
#1 C:\xampp7\htdocs\apps\disperindag\app\Controllers\Login.php(14): CodeIgniter\Database\BaseConnection->query('select * from u...')
#2 C:\xampp7\htdocs\apps\disperindag\vendor\codeigniter4\framework\system\CodeIgniter.php(918): App\Controllers\Login->auth()
#3 C:\xampp7\htdocs\apps\disperindag\vendor\codeigniter4\framework\system\CodeIgniter.php(404): CodeIgniter\CodeIgniter->runController(Object(App\Controllers\Login))
#4 C:\xampp7\htdocs\apps\disperindag\vendor\codeigniter4\framework\system\CodeIgniter.php(312): CodeIgniter\CodeIgniter->handleRequest(NULL, Object(Config\Cache), false)
#5 C:\xampp7\htdocs\apps\disperindag\public\index.php(45): CodeIgniter\CodeIgniter->run()
#6 {main}
CRITICAL - 2020-09-15 22:59:37 --> Unable to connect to the database.
#0 C:\xampp7\htdocs\apps\disperindag\vendor\codeigniter4\framework\system\Database\BaseConnection.php(646): CodeIgniter\Database\BaseConnection->initialize()
#1 C:\xampp7\htdocs\apps\disperindag\app\Controllers\Login.php(14): CodeIgniter\Database\BaseConnection->query('select * from u...')
#2 C:\xampp7\htdocs\apps\disperindag\vendor\codeigniter4\framework\system\CodeIgniter.php(918): App\Controllers\Login->auth()
#3 C:\xampp7\htdocs\apps\disperindag\vendor\codeigniter4\framework\system\CodeIgniter.php(404): CodeIgniter\CodeIgniter->runController(Object(App\Controllers\Login))
#4 C:\xampp7\htdocs\apps\disperindag\vendor\codeigniter4\framework\system\CodeIgniter.php(312): CodeIgniter\CodeIgniter->handleRequest(NULL, Object(Config\Cache), false)
#5 C:\xampp7\htdocs\apps\disperindag\public\index.php(45): CodeIgniter\CodeIgniter->run()
#6 {main}
CRITICAL - 2020-09-15 23:00:27 --> Unable to connect to the database.
#0 C:\xampp7\htdocs\apps\disperindag\vendor\codeigniter4\framework\system\Database\BaseConnection.php(646): CodeIgniter\Database\BaseConnection->initialize()
#1 C:\xampp7\htdocs\apps\disperindag\app\Controllers\Login.php(14): CodeIgniter\Database\BaseConnection->query('select * from u...')
#2 C:\xampp7\htdocs\apps\disperindag\vendor\codeigniter4\framework\system\CodeIgniter.php(918): App\Controllers\Login->auth()
#3 C:\xampp7\htdocs\apps\disperindag\vendor\codeigniter4\framework\system\CodeIgniter.php(404): CodeIgniter\CodeIgniter->runController(Object(App\Controllers\Login))
#4 C:\xampp7\htdocs\apps\disperindag\vendor\codeigniter4\framework\system\CodeIgniter.php(312): CodeIgniter\CodeIgniter->handleRequest(NULL, Object(Config\Cache), false)
#5 C:\xampp7\htdocs\apps\disperindag\public\index.php(45): CodeIgniter\CodeIgniter->run()
#6 {main}
CRITICAL - 2020-09-15 23:00:29 --> Unable to connect to the database.
#0 C:\xampp7\htdocs\apps\disperindag\vendor\codeigniter4\framework\system\Database\BaseConnection.php(646): CodeIgniter\Database\BaseConnection->initialize()
#1 C:\xampp7\htdocs\apps\disperindag\app\Controllers\Login.php(14): CodeIgniter\Database\BaseConnection->query('select * from u...')
#2 C:\xampp7\htdocs\apps\disperindag\vendor\codeigniter4\framework\system\CodeIgniter.php(918): App\Controllers\Login->auth()
#3 C:\xampp7\htdocs\apps\disperindag\vendor\codeigniter4\framework\system\CodeIgniter.php(404): CodeIgniter\CodeIgniter->runController(Object(App\Controllers\Login))
#4 C:\xampp7\htdocs\apps\disperindag\vendor\codeigniter4\framework\system\CodeIgniter.php(312): CodeIgniter\CodeIgniter->handleRequest(NULL, Object(Config\Cache), false)
#5 C:\xampp7\htdocs\apps\disperindag\public\index.php(45): CodeIgniter\CodeIgniter->run()
#6 {main}
CRITICAL - 2020-09-15 23:00:29 --> Unable to connect to the database.
#0 C:\xampp7\htdocs\apps\disperindag\vendor\codeigniter4\framework\system\Database\BaseConnection.php(646): CodeIgniter\Database\BaseConnection->initialize()
#1 C:\xampp7\htdocs\apps\disperindag\app\Controllers\Login.php(14): CodeIgniter\Database\BaseConnection->query('select * from u...')
#2 C:\xampp7\htdocs\apps\disperindag\vendor\codeigniter4\framework\system\CodeIgniter.php(918): App\Controllers\Login->auth()
#3 C:\xampp7\htdocs\apps\disperindag\vendor\codeigniter4\framework\system\CodeIgniter.php(404): CodeIgniter\CodeIgniter->runController(Object(App\Controllers\Login))
#4 C:\xampp7\htdocs\apps\disperindag\vendor\codeigniter4\framework\system\CodeIgniter.php(312): CodeIgniter\CodeIgniter->handleRequest(NULL, Object(Config\Cache), false)
#5 C:\xampp7\htdocs\apps\disperindag\public\index.php(45): CodeIgniter\CodeIgniter->run()
#6 {main}
CRITICAL - 2020-09-15 23:00:29 --> Unable to connect to the database.
#0 C:\xampp7\htdocs\apps\disperindag\vendor\codeigniter4\framework\system\Database\BaseConnection.php(646): CodeIgniter\Database\BaseConnection->initialize()
#1 C:\xampp7\htdocs\apps\disperindag\app\Controllers\Login.php(14): CodeIgniter\Database\BaseConnection->query('select * from u...')
#2 C:\xampp7\htdocs\apps\disperindag\vendor\codeigniter4\framework\system\CodeIgniter.php(918): App\Controllers\Login->auth()
#3 C:\xampp7\htdocs\apps\disperindag\vendor\codeigniter4\framework\system\CodeIgniter.php(404): CodeIgniter\CodeIgniter->runController(Object(App\Controllers\Login))
#4 C:\xampp7\htdocs\apps\disperindag\vendor\codeigniter4\framework\system\CodeIgniter.php(312): CodeIgniter\CodeIgniter->handleRequest(NULL, Object(Config\Cache), false)
#5 C:\xampp7\htdocs\apps\disperindag\public\index.php(45): CodeIgniter\CodeIgniter->run()
#6 {main}
CRITICAL - 2020-09-15 23:00:29 --> Unable to connect to the database.
#0 C:\xampp7\htdocs\apps\disperindag\vendor\codeigniter4\framework\system\Database\BaseConnection.php(646): CodeIgniter\Database\BaseConnection->initialize()
#1 C:\xampp7\htdocs\apps\disperindag\app\Controllers\Login.php(14): CodeIgniter\Database\BaseConnection->query('select * from u...')
#2 C:\xampp7\htdocs\apps\disperindag\vendor\codeigniter4\framework\system\CodeIgniter.php(918): App\Controllers\Login->auth()
#3 C:\xampp7\htdocs\apps\disperindag\vendor\codeigniter4\framework\system\CodeIgniter.php(404): CodeIgniter\CodeIgniter->runController(Object(App\Controllers\Login))
#4 C:\xampp7\htdocs\apps\disperindag\vendor\codeigniter4\framework\system\CodeIgniter.php(312): CodeIgniter\CodeIgniter->handleRequest(NULL, Object(Config\Cache), false)
#5 C:\xampp7\htdocs\apps\disperindag\public\index.php(45): CodeIgniter\CodeIgniter->run()
#6 {main}
CRITICAL - 2020-09-15 23:00:34 --> Class '\CodeIgniter\Database\pdo\Connection' not found
#0 C:\xampp7\htdocs\apps\disperindag\vendor\codeigniter4\framework\system\Database\Config.php(115): CodeIgniter\Database\Database->load(Array, 'default')
#1 C:\xampp7\htdocs\apps\disperindag\app\Controllers\BaseController.php(46): CodeIgniter\Database\Config::connect()
#2 C:\xampp7\htdocs\apps\disperindag\vendor\codeigniter4\framework\system\CodeIgniter.php(891): App\Controllers\BaseController->initController(Object(CodeIgniter\HTTP\IncomingRequest), Object(CodeIgniter\HTTP\Response), Object(CodeIgniter\Log\Logger))
#3 C:\xampp7\htdocs\apps\disperindag\vendor\codeigniter4\framework\system\CodeIgniter.php(399): CodeIgniter\CodeIgniter->createController()
#4 C:\xampp7\htdocs\apps\disperindag\vendor\codeigniter4\framework\system\CodeIgniter.php(312): CodeIgniter\CodeIgniter->handleRequest(NULL, Object(Config\Cache), false)
#5 C:\xampp7\htdocs\apps\disperindag\public\index.php(45): CodeIgniter\CodeIgniter->run()
#6 {main}
CRITICAL - 2020-09-15 23:00:42 --> Unable to connect to the database.
#0 C:\xampp7\htdocs\apps\disperindag\vendor\codeigniter4\framework\system\Database\BaseConnection.php(646): CodeIgniter\Database\BaseConnection->initialize()
#1 C:\xampp7\htdocs\apps\disperindag\app\Controllers\Login.php(14): CodeIgniter\Database\BaseConnection->query('select * from u...')
#2 C:\xampp7\htdocs\apps\disperindag\vendor\codeigniter4\framework\system\CodeIgniter.php(918): App\Controllers\Login->auth()
#3 C:\xampp7\htdocs\apps\disperindag\vendor\codeigniter4\framework\system\CodeIgniter.php(404): CodeIgniter\CodeIgniter->runController(Object(App\Controllers\Login))
#4 C:\xampp7\htdocs\apps\disperindag\vendor\codeigniter4\framework\system\CodeIgniter.php(312): CodeIgniter\CodeIgniter->handleRequest(NULL, Object(Config\Cache), false)
#5 C:\xampp7\htdocs\apps\disperindag\public\index.php(45): CodeIgniter\CodeIgniter->run()
#6 {main}
CRITICAL - 2020-09-15 23:01:42 --> Unable to connect to the database.
#0 C:\xampp7\htdocs\apps\disperindag\vendor\codeigniter4\framework\system\Database\BaseConnection.php(646): CodeIgniter\Database\BaseConnection->initialize()
#1 C:\xampp7\htdocs\apps\disperindag\app\Controllers\Login.php(14): CodeIgniter\Database\BaseConnection->query('select * from u...')
#2 C:\xampp7\htdocs\apps\disperindag\vendor\codeigniter4\framework\system\CodeIgniter.php(918): App\Controllers\Login->auth()
#3 C:\xampp7\htdocs\apps\disperindag\vendor\codeigniter4\framework\system\CodeIgniter.php(404): CodeIgniter\CodeIgniter->runController(Object(App\Controllers\Login))
#4 C:\xampp7\htdocs\apps\disperindag\vendor\codeigniter4\framework\system\CodeIgniter.php(312): CodeIgniter\CodeIgniter->handleRequest(NULL, Object(Config\Cache), false)
#5 C:\xampp7\htdocs\apps\disperindag\public\index.php(45): CodeIgniter\CodeIgniter->run()
#6 {main}
CRITICAL - 2020-09-15 23:01:43 --> Unable to connect to the database.
#0 C:\xampp7\htdocs\apps\disperindag\vendor\codeigniter4\framework\system\Database\BaseConnection.php(646): CodeIgniter\Database\BaseConnection->initialize()
#1 C:\xampp7\htdocs\apps\disperindag\app\Controllers\Login.php(14): CodeIgniter\Database\BaseConnection->query('select * from u...')
#2 C:\xampp7\htdocs\apps\disperindag\vendor\codeigniter4\framework\system\CodeIgniter.php(918): App\Controllers\Login->auth()
#3 C:\xampp7\htdocs\apps\disperindag\vendor\codeigniter4\framework\system\CodeIgniter.php(404): CodeIgniter\CodeIgniter->runController(Object(App\Controllers\Login))
#4 C:\xampp7\htdocs\apps\disperindag\vendor\codeigniter4\framework\system\CodeIgniter.php(312): CodeIgniter\CodeIgniter->handleRequest(NULL, Object(Config\Cache), false)
#5 C:\xampp7\htdocs\apps\disperindag\public\index.php(45): CodeIgniter\CodeIgniter->run()
#6 {main}
CRITICAL - 2020-09-15 23:01:43 --> Unable to connect to the database.
#0 C:\xampp7\htdocs\apps\disperindag\vendor\codeigniter4\framework\system\Database\BaseConnection.php(646): CodeIgniter\Database\BaseConnection->initialize()
#1 C:\xampp7\htdocs\apps\disperindag\app\Controllers\Login.php(14): CodeIgniter\Database\BaseConnection->query('select * from u...')
#2 C:\xampp7\htdocs\apps\disperindag\vendor\codeigniter4\framework\system\CodeIgniter.php(918): App\Controllers\Login->auth()
#3 C:\xampp7\htdocs\apps\disperindag\vendor\codeigniter4\framework\system\CodeIgniter.php(404): CodeIgniter\CodeIgniter->runController(Object(App\Controllers\Login))
#4 C:\xampp7\htdocs\apps\disperindag\vendor\codeigniter4\framework\system\CodeIgniter.php(312): CodeIgniter\CodeIgniter->handleRequest(NULL, Object(Config\Cache), false)
#5 C:\xampp7\htdocs\apps\disperindag\public\index.php(45): CodeIgniter\CodeIgniter->run()
#6 {main}
CRITICAL - 2020-09-15 23:01:43 --> Unable to connect to the database.
#0 C:\xampp7\htdocs\apps\disperindag\vendor\codeigniter4\framework\system\Database\BaseConnection.php(646): CodeIgniter\Database\BaseConnection->initialize()
#1 C:\xampp7\htdocs\apps\disperindag\app\Controllers\Login.php(14): CodeIgniter\Database\BaseConnection->query('select * from u...')
#2 C:\xampp7\htdocs\apps\disperindag\vendor\codeigniter4\framework\system\CodeIgniter.php(918): App\Controllers\Login->auth()
#3 C:\xampp7\htdocs\apps\disperindag\vendor\codeigniter4\framework\system\CodeIgniter.php(404): CodeIgniter\CodeIgniter->runController(Object(App\Controllers\Login))
#4 C:\xampp7\htdocs\apps\disperindag\vendor\codeigniter4\framework\system\CodeIgniter.php(312): CodeIgniter\CodeIgniter->handleRequest(NULL, Object(Config\Cache), false)
#5 C:\xampp7\htdocs\apps\disperindag\public\index.php(45): CodeIgniter\CodeIgniter->run()
#6 {main}
CRITICAL - 2020-09-15 23:01:43 --> Unable to connect to the database.
#0 C:\xampp7\htdocs\apps\disperindag\vendor\codeigniter4\framework\system\Database\BaseConnection.php(646): CodeIgniter\Database\BaseConnection->initialize()
#1 C:\xampp7\htdocs\apps\disperindag\app\Controllers\Login.php(14): CodeIgniter\Database\BaseConnection->query('select * from u...')
#2 C:\xampp7\htdocs\apps\disperindag\vendor\codeigniter4\framework\system\CodeIgniter.php(918): App\Controllers\Login->auth()
#3 C:\xampp7\htdocs\apps\disperindag\vendor\codeigniter4\framework\system\CodeIgniter.php(404): CodeIgniter\CodeIgniter->runController(Object(App\Controllers\Login))
#4 C:\xampp7\htdocs\apps\disperindag\vendor\codeigniter4\framework\system\CodeIgniter.php(312): CodeIgniter\CodeIgniter->handleRequest(NULL, Object(Config\Cache), false)
#5 C:\xampp7\htdocs\apps\disperindag\public\index.php(45): CodeIgniter\CodeIgniter->run()
#6 {main}
CRITICAL - 2020-09-15 23:01:44 --> Unable to connect to the database.
#0 C:\xampp7\htdocs\apps\disperindag\vendor\codeigniter4\framework\system\Database\BaseConnection.php(646): CodeIgniter\Database\BaseConnection->initialize()
#1 C:\xampp7\htdocs\apps\disperindag\app\Controllers\Login.php(14): CodeIgniter\Database\BaseConnection->query('select * from u...')
#2 C:\xampp7\htdocs\apps\disperindag\vendor\codeigniter4\framework\system\CodeIgniter.php(918): App\Controllers\Login->auth()
#3 C:\xampp7\htdocs\apps\disperindag\vendor\codeigniter4\framework\system\CodeIgniter.php(404): CodeIgniter\CodeIgniter->runController(Object(App\Controllers\Login))
#4 C:\xampp7\htdocs\apps\disperindag\vendor\codeigniter4\framework\system\CodeIgniter.php(312): CodeIgniter\CodeIgniter->handleRequest(NULL, Object(Config\Cache), false)
#5 C:\xampp7\htdocs\apps\disperindag\public\index.php(45): CodeIgniter\CodeIgniter->run()
#6 {main}
CRITICAL - 2020-09-15 23:02:20 --> Unable to connect to the database.
#0 C:\xampp7\htdocs\apps\disperindag\vendor\codeigniter4\framework\system\Database\BaseConnection.php(646): CodeIgniter\Database\BaseConnection->initialize()
#1 C:\xampp7\htdocs\apps\disperindag\app\Controllers\Login.php(14): CodeIgniter\Database\BaseConnection->query('select * from u...')
#2 C:\xampp7\htdocs\apps\disperindag\vendor\codeigniter4\framework\system\CodeIgniter.php(918): App\Controllers\Login->auth()
#3 C:\xampp7\htdocs\apps\disperindag\vendor\codeigniter4\framework\system\CodeIgniter.php(404): CodeIgniter\CodeIgniter->runController(Object(App\Controllers\Login))
#4 C:\xampp7\htdocs\apps\disperindag\vendor\codeigniter4\framework\system\CodeIgniter.php(312): CodeIgniter\CodeIgniter->handleRequest(NULL, Object(Config\Cache), false)
#5 C:\xampp7\htdocs\apps\disperindag\public\index.php(45): CodeIgniter\CodeIgniter->run()
#6 {main}
CRITICAL - 2020-09-15 23:02:20 --> Unable to connect to the database.
#0 C:\xampp7\htdocs\apps\disperindag\vendor\codeigniter4\framework\system\Database\BaseConnection.php(646): CodeIgniter\Database\BaseConnection->initialize()
#1 C:\xampp7\htdocs\apps\disperindag\app\Controllers\Login.php(14): CodeIgniter\Database\BaseConnection->query('select * from u...')
#2 C:\xampp7\htdocs\apps\disperindag\vendor\codeigniter4\framework\system\CodeIgniter.php(918): App\Controllers\Login->auth()
#3 C:\xampp7\htdocs\apps\disperindag\vendor\codeigniter4\framework\system\CodeIgniter.php(404): CodeIgniter\CodeIgniter->runController(Object(App\Controllers\Login))
#4 C:\xampp7\htdocs\apps\disperindag\vendor\codeigniter4\framework\system\CodeIgniter.php(312): CodeIgniter\CodeIgniter->handleRequest(NULL, Object(Config\Cache), false)
#5 C:\xampp7\htdocs\apps\disperindag\public\index.php(45): CodeIgniter\CodeIgniter->run()
#6 {main}
CRITICAL - 2020-09-15 23:02:20 --> Unable to connect to the database.
#0 C:\xampp7\htdocs\apps\disperindag\vendor\codeigniter4\framework\system\Database\BaseConnection.php(646): CodeIgniter\Database\BaseConnection->initialize()
#1 C:\xampp7\htdocs\apps\disperindag\app\Controllers\Login.php(14): CodeIgniter\Database\BaseConnection->query('select * from u...')
#2 C:\xampp7\htdocs\apps\disperindag\vendor\codeigniter4\framework\system\CodeIgniter.php(918): App\Controllers\Login->auth()
#3 C:\xampp7\htdocs\apps\disperindag\vendor\codeigniter4\framework\system\CodeIgniter.php(404): CodeIgniter\CodeIgniter->runController(Object(App\Controllers\Login))
#4 C:\xampp7\htdocs\apps\disperindag\vendor\codeigniter4\framework\system\CodeIgniter.php(312): CodeIgniter\CodeIgniter->handleRequest(NULL, Object(Config\Cache), false)
#5 C:\xampp7\htdocs\apps\disperindag\public\index.php(45): CodeIgniter\CodeIgniter->run()
#6 {main}
CRITICAL - 2020-09-15 23:02:21 --> Unable to connect to the database.
#0 C:\xampp7\htdocs\apps\disperindag\vendor\codeigniter4\framework\system\Database\BaseConnection.php(646): CodeIgniter\Database\BaseConnection->initialize()
#1 C:\xampp7\htdocs\apps\disperindag\app\Controllers\Login.php(14): CodeIgniter\Database\BaseConnection->query('select * from u...')
#2 C:\xampp7\htdocs\apps\disperindag\vendor\codeigniter4\framework\system\CodeIgniter.php(918): App\Controllers\Login->auth()
#3 C:\xampp7\htdocs\apps\disperindag\vendor\codeigniter4\framework\system\CodeIgniter.php(404): CodeIgniter\CodeIgniter->runController(Object(App\Controllers\Login))
#4 C:\xampp7\htdocs\apps\disperindag\vendor\codeigniter4\framework\system\CodeIgniter.php(312): CodeIgniter\CodeIgniter->handleRequest(NULL, Object(Config\Cache), false)
#5 C:\xampp7\htdocs\apps\disperindag\public\index.php(45): CodeIgniter\CodeIgniter->run()
#6 {main}
CRITICAL - 2020-09-15 23:02:21 --> Unable to connect to the database.
#0 C:\xampp7\htdocs\apps\disperindag\vendor\codeigniter4\framework\system\Database\BaseConnection.php(646): CodeIgniter\Database\BaseConnection->initialize()
#1 C:\xampp7\htdocs\apps\disperindag\app\Controllers\Login.php(14): CodeIgniter\Database\BaseConnection->query('select * from u...')
#2 C:\xampp7\htdocs\apps\disperindag\vendor\codeigniter4\framework\system\CodeIgniter.php(918): App\Controllers\Login->auth()
#3 C:\xampp7\htdocs\apps\disperindag\vendor\codeigniter4\framework\system\CodeIgniter.php(404): CodeIgniter\CodeIgniter->runController(Object(App\Controllers\Login))
#4 C:\xampp7\htdocs\apps\disperindag\vendor\codeigniter4\framework\system\CodeIgniter.php(312): CodeIgniter\CodeIgniter->handleRequest(NULL, Object(Config\Cache), false)
#5 C:\xampp7\htdocs\apps\disperindag\public\index.php(45): CodeIgniter\CodeIgniter->run()
#6 {main}
CRITICAL - 2020-09-15 23:02:21 --> Unable to connect to the database.
#0 C:\xampp7\htdocs\apps\disperindag\vendor\codeigniter4\framework\system\Database\BaseConnection.php(646): CodeIgniter\Database\BaseConnection->initialize()
#1 C:\xampp7\htdocs\apps\disperindag\app\Controllers\Login.php(14): CodeIgniter\Database\BaseConnection->query('select * from u...')
#2 C:\xampp7\htdocs\apps\disperindag\vendor\codeigniter4\framework\system\CodeIgniter.php(918): App\Controllers\Login->auth()
#3 C:\xampp7\htdocs\apps\disperindag\vendor\codeigniter4\framework\system\CodeIgniter.php(404): CodeIgniter\CodeIgniter->runController(Object(App\Controllers\Login))
#4 C:\xampp7\htdocs\apps\disperindag\vendor\codeigniter4\framework\system\CodeIgniter.php(312): CodeIgniter\CodeIgniter->handleRequest(NULL, Object(Config\Cache), false)
#5 C:\xampp7\htdocs\apps\disperindag\public\index.php(45): CodeIgniter\CodeIgniter->run()
#6 {main}
CRITICAL - 2020-09-15 23:02:21 --> Unable to connect to the database.
#0 C:\xampp7\htdocs\apps\disperindag\vendor\codeigniter4\framework\system\Database\BaseConnection.php(646): CodeIgniter\Database\BaseConnection->initialize()
#1 C:\xampp7\htdocs\apps\disperindag\app\Controllers\Login.php(14): CodeIgniter\Database\BaseConnection->query('select * from u...')
#2 C:\xampp7\htdocs\apps\disperindag\vendor\codeigniter4\framework\system\CodeIgniter.php(918): App\Controllers\Login->auth()
#3 C:\xampp7\htdocs\apps\disperindag\vendor\codeigniter4\framework\system\CodeIgniter.php(404): CodeIgniter\CodeIgniter->runController(Object(App\Controllers\Login))
#4 C:\xampp7\htdocs\apps\disperindag\vendor\codeigniter4\framework\system\CodeIgniter.php(312): CodeIgniter\CodeIgniter->handleRequest(NULL, Object(Config\Cache), false)
#5 C:\xampp7\htdocs\apps\disperindag\public\index.php(45): CodeIgniter\CodeIgniter->run()
#6 {main}
CRITICAL - 2020-09-15 23:02:21 --> Unable to connect to the database.
#0 C:\xampp7\htdocs\apps\disperindag\vendor\codeigniter4\framework\system\Database\BaseConnection.php(646): CodeIgniter\Database\BaseConnection->initialize()
#1 C:\xampp7\htdocs\apps\disperindag\app\Controllers\Login.php(14): CodeIgniter\Database\BaseConnection->query('select * from u...')
#2 C:\xampp7\htdocs\apps\disperindag\vendor\codeigniter4\framework\system\CodeIgniter.php(918): App\Controllers\Login->auth()
#3 C:\xampp7\htdocs\apps\disperindag\vendor\codeigniter4\framework\system\CodeIgniter.php(404): CodeIgniter\CodeIgniter->runController(Object(App\Controllers\Login))
#4 C:\xampp7\htdocs\apps\disperindag\vendor\codeigniter4\framework\system\CodeIgniter.php(312): CodeIgniter\CodeIgniter->handleRequest(NULL, Object(Config\Cache), false)
#5 C:\xampp7\htdocs\apps\disperindag\public\index.php(45): CodeIgniter\CodeIgniter->run()
#6 {main}
CRITICAL - 2020-09-15 23:02:21 --> Unable to connect to the database.
#0 C:\xampp7\htdocs\apps\disperindag\vendor\codeigniter4\framework\system\Database\BaseConnection.php(646): CodeIgniter\Database\BaseConnection->initialize()
#1 C:\xampp7\htdocs\apps\disperindag\app\Controllers\Login.php(14): CodeIgniter\Database\BaseConnection->query('select * from u...')
#2 C:\xampp7\htdocs\apps\disperindag\vendor\codeigniter4\framework\system\CodeIgniter.php(918): App\Controllers\Login->auth()
#3 C:\xampp7\htdocs\apps\disperindag\vendor\codeigniter4\framework\system\CodeIgniter.php(404): CodeIgniter\CodeIgniter->runController(Object(App\Controllers\Login))
#4 C:\xampp7\htdocs\apps\disperindag\vendor\codeigniter4\framework\system\CodeIgniter.php(312): CodeIgniter\CodeIgniter->handleRequest(NULL, Object(Config\Cache), false)
#5 C:\xampp7\htdocs\apps\disperindag\public\index.php(45): CodeIgniter\CodeIgniter->run()
#6 {main}
CRITICAL - 2020-09-15 23:05:32 --> Unable to connect to the database.
#0 C:\xampp7\htdocs\apps\disperindag\vendor\codeigniter4\framework\system\Database\BaseConnection.php(646): CodeIgniter\Database\BaseConnection->initialize()
#1 C:\xampp7\htdocs\apps\disperindag\app\Controllers\Login.php(14): CodeIgniter\Database\BaseConnection->query('select * from u...')
#2 C:\xampp7\htdocs\apps\disperindag\vendor\codeigniter4\framework\system\CodeIgniter.php(918): App\Controllers\Login->auth()
#3 C:\xampp7\htdocs\apps\disperindag\vendor\codeigniter4\framework\system\CodeIgniter.php(404): CodeIgniter\CodeIgniter->runController(Object(App\Controllers\Login))
#4 C:\xampp7\htdocs\apps\disperindag\vendor\codeigniter4\framework\system\CodeIgniter.php(312): CodeIgniter\CodeIgniter->handleRequest(NULL, Object(Config\Cache), false)
#5 C:\xampp7\htdocs\apps\disperindag\public\index.php(45): CodeIgniter\CodeIgniter->run()
#6 {main}
CRITICAL - 2020-09-15 23:05:47 --> Unable to connect to the database.
#0 C:\xampp7\htdocs\apps\disperindag\vendor\codeigniter4\framework\system\Database\BaseConnection.php(646): CodeIgniter\Database\BaseConnection->initialize()
#1 C:\xampp7\htdocs\apps\disperindag\app\Controllers\Login.php(14): CodeIgniter\Database\BaseConnection->query('select * from u...')
#2 C:\xampp7\htdocs\apps\disperindag\vendor\codeigniter4\framework\system\CodeIgniter.php(918): App\Controllers\Login->auth()
#3 C:\xampp7\htdocs\apps\disperindag\vendor\codeigniter4\framework\system\CodeIgniter.php(404): CodeIgniter\CodeIgniter->runController(Object(App\Controllers\Login))
#4 C:\xampp7\htdocs\apps\disperindag\vendor\codeigniter4\framework\system\CodeIgniter.php(312): CodeIgniter\CodeIgniter->handleRequest(NULL, Object(Config\Cache), false)
#5 C:\xampp7\htdocs\apps\disperindag\public\index.php(45): CodeIgniter\CodeIgniter->run()
#6 {main}
CRITICAL - 2020-09-15 23:05:48 --> Unable to connect to the database.
#0 C:\xampp7\htdocs\apps\disperindag\vendor\codeigniter4\framework\system\Database\BaseConnection.php(646): CodeIgniter\Database\BaseConnection->initialize()
#1 C:\xampp7\htdocs\apps\disperindag\app\Controllers\Login.php(14): CodeIgniter\Database\BaseConnection->query('select * from u...')
#2 C:\xampp7\htdocs\apps\disperindag\vendor\codeigniter4\framework\system\CodeIgniter.php(918): App\Controllers\Login->auth()
#3 C:\xampp7\htdocs\apps\disperindag\vendor\codeigniter4\framework\system\CodeIgniter.php(404): CodeIgniter\CodeIgniter->runController(Object(App\Controllers\Login))
#4 C:\xampp7\htdocs\apps\disperindag\vendor\codeigniter4\framework\system\CodeIgniter.php(312): CodeIgniter\CodeIgniter->handleRequest(NULL, Object(Config\Cache), false)
#5 C:\xampp7\htdocs\apps\disperindag\public\index.php(45): CodeIgniter\CodeIgniter->run()
#6 {main}
CRITICAL - 2020-09-15 23:05:50 --> Unable to connect to the database.
#0 C:\xampp7\htdocs\apps\disperindag\vendor\codeigniter4\framework\system\Database\BaseConnection.php(646): CodeIgniter\Database\BaseConnection->initialize()
#1 C:\xampp7\htdocs\apps\disperindag\app\Controllers\Login.php(14): CodeIgniter\Database\BaseConnection->query('select * from u...')
#2 C:\xampp7\htdocs\apps\disperindag\vendor\codeigniter4\framework\system\CodeIgniter.php(918): App\Controllers\Login->auth()
#3 C:\xampp7\htdocs\apps\disperindag\vendor\codeigniter4\framework\system\CodeIgniter.php(404): CodeIgniter\CodeIgniter->runController(Object(App\Controllers\Login))
#4 C:\xampp7\htdocs\apps\disperindag\vendor\codeigniter4\framework\system\CodeIgniter.php(312): CodeIgniter\CodeIgniter->handleRequest(NULL, Object(Config\Cache), false)
#5 C:\xampp7\htdocs\apps\disperindag\public\index.php(45): CodeIgniter\CodeIgniter->run()
#6 {main}
CRITICAL - 2020-09-15 23:05:50 --> Unable to connect to the database.
#0 C:\xampp7\htdocs\apps\disperindag\vendor\codeigniter4\framework\system\Database\BaseConnection.php(646): CodeIgniter\Database\BaseConnection->initialize()
#1 C:\xampp7\htdocs\apps\disperindag\app\Controllers\Login.php(14): CodeIgniter\Database\BaseConnection->query('select * from u...')
#2 C:\xampp7\htdocs\apps\disperindag\vendor\codeigniter4\framework\system\CodeIgniter.php(918): App\Controllers\Login->auth()
#3 C:\xampp7\htdocs\apps\disperindag\vendor\codeigniter4\framework\system\CodeIgniter.php(404): CodeIgniter\CodeIgniter->runController(Object(App\Controllers\Login))
#4 C:\xampp7\htdocs\apps\disperindag\vendor\codeigniter4\framework\system\CodeIgniter.php(312): CodeIgniter\CodeIgniter->handleRequest(NULL, Object(Config\Cache), false)
#5 C:\xampp7\htdocs\apps\disperindag\public\index.php(45): CodeIgniter\CodeIgniter->run()
#6 {main}
CRITICAL - 2020-09-15 23:05:56 --> Unable to connect to the database.
#0 C:\xampp7\htdocs\apps\disperindag\vendor\codeigniter4\framework\system\Database\BaseConnection.php(646): CodeIgniter\Database\BaseConnection->initialize()
#1 C:\xampp7\htdocs\apps\disperindag\app\Controllers\Login.php(14): CodeIgniter\Database\BaseConnection->query('select * from u...')
#2 C:\xampp7\htdocs\apps\disperindag\vendor\codeigniter4\framework\system\CodeIgniter.php(918): App\Controllers\Login->auth()
#3 C:\xampp7\htdocs\apps\disperindag\vendor\codeigniter4\framework\system\CodeIgniter.php(404): CodeIgniter\CodeIgniter->runController(Object(App\Controllers\Login))
#4 C:\xampp7\htdocs\apps\disperindag\vendor\codeigniter4\framework\system\CodeIgniter.php(312): CodeIgniter\CodeIgniter->handleRequest(NULL, Object(Config\Cache), false)
#5 C:\xampp7\htdocs\apps\disperindag\public\index.php(45): CodeIgniter\CodeIgniter->run()
#6 {main}
CRITICAL - 2020-09-15 23:06:14 --> pg_query(): Query failed: ERROR:  column &quot;user_name&quot; does not exist
LINE 1: select * from user where user_name='admin' and user_password...
                                 ^
#0 [internal function]: CodeIgniter\Debug\Exceptions->errorHandler(2, 'pg_query(): Que...', 'C:\\xampp7\\htdoc...', 196, Array)
#1 C:\xampp7\htdocs\apps\disperindag\vendor\codeigniter4\framework\system\Database\Postgre\Connection.php(196): pg_query(Resource id #117, 'select * from u...')
#2 C:\xampp7\htdocs\apps\disperindag\vendor\codeigniter4\framework\system\Database\BaseConnection.php(741): CodeIgniter\Database\Postgre\Connection->execute('select * from u...')
#3 C:\xampp7\htdocs\apps\disperindag\vendor\codeigniter4\framework\system\Database\BaseConnection.php(669): CodeIgniter\Database\BaseConnection->simpleQuery('select * from u...')
#4 C:\xampp7\htdocs\apps\disperindag\app\Controllers\Login.php(14): CodeIgniter\Database\BaseConnection->query('select * from u...')
#5 C:\xampp7\htdocs\apps\disperindag\vendor\codeigniter4\framework\system\CodeIgniter.php(918): App\Controllers\Login->auth()
#6 C:\xampp7\htdocs\apps\disperindag\vendor\codeigniter4\framework\system\CodeIgniter.php(404): CodeIgniter\CodeIgniter->runController(Object(App\Controllers\Login))
#7 C:\xampp7\htdocs\apps\disperindag\vendor\codeigniter4\framework\system\CodeIgniter.php(312): CodeIgniter\CodeIgniter->handleRequest(NULL, Object(Config\Cache), false)
#8 C:\xampp7\htdocs\apps\disperindag\public\index.php(45): CodeIgniter\CodeIgniter->run()
#9 {main}
CRITICAL - 2020-09-15 23:06:53 --> pg_query(): Query failed: ERROR:  column &quot;user_name&quot; does not exist
LINE 1: select * from user where user_name='admin' and user_password...
                                 ^
#0 [internal function]: CodeIgniter\Debug\Exceptions->errorHandler(2, 'pg_query(): Que...', 'C:\\xampp7\\htdoc...', 196, Array)
#1 C:\xampp7\htdocs\apps\disperindag\vendor\codeigniter4\framework\system\Database\Postgre\Connection.php(196): pg_query(Resource id #118, 'select * from u...')
#2 C:\xampp7\htdocs\apps\disperindag\vendor\codeigniter4\framework\system\Database\BaseConnection.php(741): CodeIgniter\Database\Postgre\Connection->execute('select * from u...')
#3 C:\xampp7\htdocs\apps\disperindag\vendor\codeigniter4\framework\system\Database\BaseConnection.php(669): CodeIgniter\Database\BaseConnection->simpleQuery('select * from u...')
#4 C:\xampp7\htdocs\apps\disperindag\app\Controllers\Login.php(14): CodeIgniter\Database\BaseConnection->query('select * from u...')
#5 C:\xampp7\htdocs\apps\disperindag\vendor\codeigniter4\framework\system\CodeIgniter.php(918): App\Controllers\Login->auth()
#6 C:\xampp7\htdocs\apps\disperindag\vendor\codeigniter4\framework\system\CodeIgniter.php(404): CodeIgniter\CodeIgniter->runController(Object(App\Controllers\Login))
#7 C:\xampp7\htdocs\apps\disperindag\vendor\codeigniter4\framework\system\CodeIgniter.php(312): CodeIgniter\CodeIgniter->handleRequest(NULL, Object(Config\Cache), false)
#8 C:\xampp7\htdocs\apps\disperindag\public\index.php(45): CodeIgniter\CodeIgniter->run()
#9 {main}
CRITICAL - 2020-09-15 23:07:13 --> pg_query(): Query failed: ERROR:  column &quot;user_name&quot; does not exist
LINE 1: select * from user where user_name='admin' and user_password...
                                 ^
#0 [internal function]: CodeIgniter\Debug\Exceptions->errorHandler(2, 'pg_query(): Que...', 'C:\\xampp7\\htdoc...', 196, Array)
#1 C:\xampp7\htdocs\apps\disperindag\vendor\codeigniter4\framework\system\Database\Postgre\Connection.php(196): pg_query(Resource id #117, 'select * from u...')
#2 C:\xampp7\htdocs\apps\disperindag\vendor\codeigniter4\framework\system\Database\BaseConnection.php(741): CodeIgniter\Database\Postgre\Connection->execute('select * from u...')
#3 C:\xampp7\htdocs\apps\disperindag\vendor\codeigniter4\framework\system\Database\BaseConnection.php(669): CodeIgniter\Database\BaseConnection->simpleQuery('select * from u...')
#4 C:\xampp7\htdocs\apps\disperindag\app\Controllers\Login.php(14): CodeIgniter\Database\BaseConnection->query('select * from u...')
#5 C:\xampp7\htdocs\apps\disperindag\vendor\codeigniter4\framework\system\CodeIgniter.php(918): App\Controllers\Login->auth()
#6 C:\xampp7\htdocs\apps\disperindag\vendor\codeigniter4\framework\system\CodeIgniter.php(404): CodeIgniter\CodeIgniter->runController(Object(App\Controllers\Login))
#7 C:\xampp7\htdocs\apps\disperindag\vendor\codeigniter4\framework\system\CodeIgniter.php(312): CodeIgniter\CodeIgniter->handleRequest(NULL, Object(Config\Cache), false)
#8 C:\xampp7\htdocs\apps\disperindag\public\index.php(45): CodeIgniter\CodeIgniter->run()
#9 {main}
CRITICAL - 2020-09-15 23:07:40 --> pg_query(): Query failed: ERROR:  column &quot;user_name&quot; does not exist
LINE 1: select * from user where user_name='admin' and user_password...
                                 ^
#0 [internal function]: CodeIgniter\Debug\Exceptions->errorHandler(2, 'pg_query(): Que...', 'C:\\xampp7\\htdoc...', 196, Array)
#1 C:\xampp7\htdocs\apps\disperindag\vendor\codeigniter4\framework\system\Database\Postgre\Connection.php(196): pg_query(Resource id #117, 'select * from u...')
#2 C:\xampp7\htdocs\apps\disperindag\vendor\codeigniter4\framework\system\Database\BaseConnection.php(741): CodeIgniter\Database\Postgre\Connection->execute('select * from u...')
#3 C:\xampp7\htdocs\apps\disperindag\vendor\codeigniter4\framework\system\Database\BaseConnection.php(669): CodeIgniter\Database\BaseConnection->simpleQuery('select * from u...')
#4 C:\xampp7\htdocs\apps\disperindag\app\Controllers\Login.php(15): CodeIgniter\Database\BaseConnection->query('select * from u...')
#5 C:\xampp7\htdocs\apps\disperindag\vendor\codeigniter4\framework\system\CodeIgniter.php(918): App\Controllers\Login->auth()
#6 C:\xampp7\htdocs\apps\disperindag\vendor\codeigniter4\framework\system\CodeIgniter.php(404): CodeIgniter\CodeIgniter->runController(Object(App\Controllers\Login))
#7 C:\xampp7\htdocs\apps\disperindag\vendor\codeigniter4\framework\system\CodeIgniter.php(312): CodeIgniter\CodeIgniter->handleRequest(NULL, Object(Config\Cache), false)
#8 C:\xampp7\htdocs\apps\disperindag\public\index.php(45): CodeIgniter\CodeIgniter->run()
#9 {main}
CRITICAL - 2020-09-15 23:07:41 --> pg_query(): Query failed: ERROR:  column &quot;user_name&quot; does not exist
LINE 1: select * from user where user_name='admin' and user_password...
                                 ^
#0 [internal function]: CodeIgniter\Debug\Exceptions->errorHandler(2, 'pg_query(): Que...', 'C:\\xampp7\\htdoc...', 196, Array)
#1 C:\xampp7\htdocs\apps\disperindag\vendor\codeigniter4\framework\system\Database\Postgre\Connection.php(196): pg_query(Resource id #117, 'select * from u...')
#2 C:\xampp7\htdocs\apps\disperindag\vendor\codeigniter4\framework\system\Database\BaseConnection.php(741): CodeIgniter\Database\Postgre\Connection->execute('select * from u...')
#3 C:\xampp7\htdocs\apps\disperindag\vendor\codeigniter4\framework\system\Database\BaseConnection.php(669): CodeIgniter\Database\BaseConnection->simpleQuery('select * from u...')
#4 C:\xampp7\htdocs\apps\disperindag\app\Controllers\Login.php(15): CodeIgniter\Database\BaseConnection->query('select * from u...')
#5 C:\xampp7\htdocs\apps\disperindag\vendor\codeigniter4\framework\system\CodeIgniter.php(918): App\Controllers\Login->auth()
#6 C:\xampp7\htdocs\apps\disperindag\vendor\codeigniter4\framework\system\CodeIgniter.php(404): CodeIgniter\CodeIgniter->runController(Object(App\Controllers\Login))
#7 C:\xampp7\htdocs\apps\disperindag\vendor\codeigniter4\framework\system\CodeIgniter.php(312): CodeIgniter\CodeIgniter->handleRequest(NULL, Object(Config\Cache), false)
#8 C:\xampp7\htdocs\apps\disperindag\public\index.php(45): CodeIgniter\CodeIgniter->run()
#9 {main}
CRITICAL - 2020-09-15 23:09:17 --> pg_query(): Query failed: ERROR:  column &quot;user_name&quot; does not exist
LINE 1: select * from user where user_name='admin' and user_password...
                                 ^
#0 [internal function]: CodeIgniter\Debug\Exceptions->errorHandler(2, 'pg_query(): Que...', 'C:\\xampp7\\htdoc...', 196, Array)
#1 C:\xampp7\htdocs\apps\disperindag\vendor\codeigniter4\framework\system\Database\Postgre\Connection.php(196): pg_query(Resource id #117, 'select * from u...')
#2 C:\xampp7\htdocs\apps\disperindag\vendor\codeigniter4\framework\system\Database\BaseConnection.php(741): CodeIgniter\Database\Postgre\Connection->execute('select * from u...')
#3 C:\xampp7\htdocs\apps\disperindag\vendor\codeigniter4\framework\system\Database\BaseConnection.php(669): CodeIgniter\Database\BaseConnection->simpleQuery('select * from u...')
#4 C:\xampp7\htdocs\apps\disperindag\app\Controllers\Login.php(14): CodeIgniter\Database\BaseConnection->query('select * from u...')
#5 C:\xampp7\htdocs\apps\disperindag\vendor\codeigniter4\framework\system\CodeIgniter.php(918): App\Controllers\Login->auth()
#6 C:\xampp7\htdocs\apps\disperindag\vendor\codeigniter4\framework\system\CodeIgniter.php(404): CodeIgniter\CodeIgniter->runController(Object(App\Controllers\Login))
#7 C:\xampp7\htdocs\apps\disperindag\vendor\codeigniter4\framework\system\CodeIgniter.php(312): CodeIgniter\CodeIgniter->handleRequest(NULL, Object(Config\Cache), false)
#8 C:\xampp7\htdocs\apps\disperindag\public\index.php(45): CodeIgniter\CodeIgniter->run()
#9 {main}
CRITICAL - 2020-09-15 23:09:17 --> pg_query(): Query failed: ERROR:  column &quot;user_name&quot; does not exist
LINE 1: select * from user where user_name='admin' and user_password...
                                 ^
#0 [internal function]: CodeIgniter\Debug\Exceptions->errorHandler(2, 'pg_query(): Que...', 'C:\\xampp7\\htdoc...', 196, Array)
#1 C:\xampp7\htdocs\apps\disperindag\vendor\codeigniter4\framework\system\Database\Postgre\Connection.php(196): pg_query(Resource id #117, 'select * from u...')
#2 C:\xampp7\htdocs\apps\disperindag\vendor\codeigniter4\framework\system\Database\BaseConnection.php(741): CodeIgniter\Database\Postgre\Connection->execute('select * from u...')
#3 C:\xampp7\htdocs\apps\disperindag\vendor\codeigniter4\framework\system\Database\BaseConnection.php(669): CodeIgniter\Database\BaseConnection->simpleQuery('select * from u...')
#4 C:\xampp7\htdocs\apps\disperindag\app\Controllers\Login.php(14): CodeIgniter\Database\BaseConnection->query('select * from u...')
#5 C:\xampp7\htdocs\apps\disperindag\vendor\codeigniter4\framework\system\CodeIgniter.php(918): App\Controllers\Login->auth()
#6 C:\xampp7\htdocs\apps\disperindag\vendor\codeigniter4\framework\system\CodeIgniter.php(404): CodeIgniter\CodeIgniter->runController(Object(App\Controllers\Login))
#7 C:\xampp7\htdocs\apps\disperindag\vendor\codeigniter4\framework\system\CodeIgniter.php(312): CodeIgniter\CodeIgniter->handleRequest(NULL, Object(Config\Cache), false)
#8 C:\xampp7\htdocs\apps\disperindag\public\index.php(45): CodeIgniter\CodeIgniter->run()
#9 {main}
CRITICAL - 2020-09-15 23:09:20 --> pg_query(): Query failed: ERROR:  column &quot;user_name&quot; does not exist
LINE 1: select * from user where user_name='admin' and user_password...
                                 ^
#0 [internal function]: CodeIgniter\Debug\Exceptions->errorHandler(2, 'pg_query(): Que...', 'C:\\xampp7\\htdoc...', 196, Array)
#1 C:\xampp7\htdocs\apps\disperindag\vendor\codeigniter4\framework\system\Database\Postgre\Connection.php(196): pg_query(Resource id #117, 'select * from u...')
#2 C:\xampp7\htdocs\apps\disperindag\vendor\codeigniter4\framework\system\Database\BaseConnection.php(741): CodeIgniter\Database\Postgre\Connection->execute('select * from u...')
#3 C:\xampp7\htdocs\apps\disperindag\vendor\codeigniter4\framework\system\Database\BaseConnection.php(669): CodeIgniter\Database\BaseConnection->simpleQuery('select * from u...')
#4 C:\xampp7\htdocs\apps\disperindag\app\Controllers\Login.php(14): CodeIgniter\Database\BaseConnection->query('select * from u...')
#5 C:\xampp7\htdocs\apps\disperindag\vendor\codeigniter4\framework\system\CodeIgniter.php(918): App\Controllers\Login->auth()
#6 C:\xampp7\htdocs\apps\disperindag\vendor\codeigniter4\framework\system\CodeIgniter.php(404): CodeIgniter\CodeIgniter->runController(Object(App\Controllers\Login))
#7 C:\xampp7\htdocs\apps\disperindag\vendor\codeigniter4\framework\system\CodeIgniter.php(312): CodeIgniter\CodeIgniter->handleRequest(NULL, Object(Config\Cache), false)
#8 C:\xampp7\htdocs\apps\disperindag\public\index.php(45): CodeIgniter\CodeIgniter->run()
#9 {main}
CRITICAL - 2020-09-15 23:11:17 -->  route cannot be found while reverse-routing.
#0 C:\xampp7\htdocs\apps\disperindag\vendor\codeigniter4\framework\system\HTTP\RedirectResponse.php(92): CodeIgniter\HTTP\Exceptions\HTTPException::forInvalidRedirectRoute('')
#1 C:\xampp7\htdocs\apps\disperindag\vendor\codeigniter4\framework\system\Common.php(845): CodeIgniter\HTTP\RedirectResponse->route(false)
#2 C:\xampp7\htdocs\apps\disperindag\app\Controllers\Login.php(18): redirect('/admin/home')
#3 C:\xampp7\htdocs\apps\disperindag\vendor\codeigniter4\framework\system\CodeIgniter.php(918): App\Controllers\Login->auth()
#4 C:\xampp7\htdocs\apps\disperindag\vendor\codeigniter4\framework\system\CodeIgniter.php(404): CodeIgniter\CodeIgniter->runController(Object(App\Controllers\Login))
#5 C:\xampp7\htdocs\apps\disperindag\vendor\codeigniter4\framework\system\CodeIgniter.php(312): CodeIgniter\CodeIgniter->handleRequest(NULL, Object(Config\Cache), false)
#6 C:\xampp7\htdocs\apps\disperindag\public\index.php(45): CodeIgniter\CodeIgniter->run()
#7 {main}
CRITICAL - 2020-09-15 23:28:14 --> Call to undefined method App\Libraries\SmartComponent\Form::set_cancel_label()
#0 C:\xampp7\htdocs\apps\disperindag\app\Controllers\Admin\RefSeller.php(95): App\Libraries\SmartComponent\Form->set_form_type('search')
#1 C:\xampp7\htdocs\apps\disperindag\app\Controllers\Admin\RefSeller.php(27): App\Controllers\Admin\RefSeller->search()
#2 C:\xampp7\htdocs\apps\disperindag\vendor\codeigniter4\framework\system\CodeIgniter.php(918): App\Controllers\Admin\RefSeller->index()
#3 C:\xampp7\htdocs\apps\disperindag\vendor\codeigniter4\framework\system\CodeIgniter.php(404): CodeIgniter\CodeIgniter->runController(Object(App\Controllers\Admin\RefSeller))
#4 C:\xampp7\htdocs\apps\disperindag\vendor\codeigniter4\framework\system\CodeIgniter.php(312): CodeIgniter\CodeIgniter->handleRequest(NULL, Object(Config\Cache), false)
#5 C:\xampp7\htdocs\apps\disperindag\public\index.php(45): CodeIgniter\CodeIgniter->run()
#6 {main}
CRITICAL - 2020-09-15 23:36:07 --> syntax error, unexpected '(', expecting variable (T_VARIABLE) or '{' or '$'
#0 C:\xampp7\htdocs\apps\disperindag\vendor\codeigniter4\framework\system\Autoloader\Autoloader.php(296): CodeIgniter\Autoloader\Autoloader->requireFile('C:\\xampp7\\htdoc...')
#1 C:\xampp7\htdocs\apps\disperindag\vendor\codeigniter4\framework\system\Autoloader\Autoloader.php(258): CodeIgniter\Autoloader\Autoloader->loadInNamespace('App\\Libraries\\S...')
#2 [internal function]: CodeIgniter\Autoloader\Autoloader->loadClass('App\\Libraries\\S...')
#3 C:\xampp7\htdocs\apps\disperindag\app\Controllers\Admin\RefSeller.php(41): spl_autoload_call('App\\Libraries\\S...')
#4 C:\xampp7\htdocs\apps\disperindag\app\Controllers\Admin\RefSeller.php(26): App\Controllers\Admin\RefSeller->grid()
#5 C:\xampp7\htdocs\apps\disperindag\vendor\codeigniter4\framework\system\CodeIgniter.php(918): App\Controllers\Admin\RefSeller->index()
#6 C:\xampp7\htdocs\apps\disperindag\vendor\codeigniter4\framework\system\CodeIgniter.php(404): CodeIgniter\CodeIgniter->runController(Object(App\Controllers\Admin\RefSeller))
#7 C:\xampp7\htdocs\apps\disperindag\vendor\codeigniter4\framework\system\CodeIgniter.php(312): CodeIgniter\CodeIgniter->handleRequest(NULL, Object(Config\Cache), false)
#8 C:\xampp7\htdocs\apps\disperindag\public\index.php(45): CodeIgniter\CodeIgniter->run()
#9 {main}
CRITICAL - 2020-09-15 23:36:09 --> syntax error, unexpected '(', expecting variable (T_VARIABLE) or '{' or '$'
#0 C:\xampp7\htdocs\apps\disperindag\vendor\codeigniter4\framework\system\Autoloader\Autoloader.php(296): CodeIgniter\Autoloader\Autoloader->requireFile('C:\\xampp7\\htdoc...')
#1 C:\xampp7\htdocs\apps\disperindag\vendor\codeigniter4\framework\system\Autoloader\Autoloader.php(258): CodeIgniter\Autoloader\Autoloader->loadInNamespace('App\\Libraries\\S...')
#2 [internal function]: CodeIgniter\Autoloader\Autoloader->loadClass('App\\Libraries\\S...')
#3 C:\xampp7\htdocs\apps\disperindag\app\Controllers\Admin\RefSeller.php(41): spl_autoload_call('App\\Libraries\\S...')
#4 C:\xampp7\htdocs\apps\disperindag\app\Controllers\Admin\RefSeller.php(26): App\Controllers\Admin\RefSeller->grid()
#5 C:\xampp7\htdocs\apps\disperindag\vendor\codeigniter4\framework\system\CodeIgniter.php(918): App\Controllers\Admin\RefSeller->index()
#6 C:\xampp7\htdocs\apps\disperindag\vendor\codeigniter4\framework\system\CodeIgniter.php(404): CodeIgniter\CodeIgniter->runController(Object(App\Controllers\Admin\RefSeller))
#7 C:\xampp7\htdocs\apps\disperindag\vendor\codeigniter4\framework\system\CodeIgniter.php(312): CodeIgniter\CodeIgniter->handleRequest(NULL, Object(Config\Cache), false)
#8 C:\xampp7\htdocs\apps\disperindag\public\index.php(45): CodeIgniter\CodeIgniter->run()
#9 {main}
CRITICAL - 2020-09-15 23:38:23 --> pg_query(): Query failed: ERROR:  column &quot;kasir_log_total_penjualan_non_tunai&quot; does not exist
LINE 1: select true as id order by kasir_log_total_penjualan_non_tun...
                                   ^
#0 [internal function]: CodeIgniter\Debug\Exceptions->errorHandler(2, 'pg_query(): Que...', 'C:\\xampp7\\htdoc...', 196, Array)
#1 C:\xampp7\htdocs\apps\disperindag\vendor\codeigniter4\framework\system\Database\Postgre\Connection.php(196): pg_query(Resource id #119, 'select true as ...')
#2 C:\xampp7\htdocs\apps\disperindag\vendor\codeigniter4\framework\system\Database\BaseConnection.php(741): CodeIgniter\Database\Postgre\Connection->execute('select true as ...')
#3 C:\xampp7\htdocs\apps\disperindag\vendor\codeigniter4\framework\system\Database\BaseConnection.php(669): CodeIgniter\Database\BaseConnection->simpleQuery('select true as ...')
#4 C:\xampp7\htdocs\apps\disperindag\app\Libraries\SmartComponent\Datasource.php(72): CodeIgniter\Database\BaseConnection->query('select true as ...')
#5 C:\xampp7\htdocs\apps\disperindag\app\Libraries\SmartComponent\Grid.php(127): App\Libraries\SmartComponent\Datasource->run()
#6 C:\xampp7\htdocs\apps\disperindag\app\Libraries\SmartComponent\Grid.php(96): App\Libraries\SmartComponent\Grid->get_datasource()
#7 C:\xampp7\htdocs\apps\disperindag\app\Controllers\Admin\Home.php(89): App\Libraries\SmartComponent\Grid->output()
#8 C:\xampp7\htdocs\apps\disperindag\vendor\codeigniter4\framework\system\CodeIgniter.php(918): App\Controllers\Admin\Home->grid()
#9 C:\xampp7\htdocs\apps\disperindag\vendor\codeigniter4\framework\system\CodeIgniter.php(404): CodeIgniter\CodeIgniter->runController(Object(App\Controllers\Admin\Home))
#10 C:\xampp7\htdocs\apps\disperindag\vendor\codeigniter4\framework\system\CodeIgniter.php(312): CodeIgniter\CodeIgniter->handleRequest(NULL, Object(Config\Cache), false)
#11 C:\xampp7\htdocs\apps\disperindag\public\index.php(45): CodeIgniter\CodeIgniter->run()
#12 {main}
CRITICAL - 2020-09-15 23:38:23 --> Uncaught CodeIgniter\Format\Exceptions\FormatException: Failed to parse json string, error: "Type is not supported". in C:\xampp7\htdocs\apps\disperindag\vendor\codeigniter4\framework\system\Format\Exceptions\FormatException.php:9
Stack trace:
#0 C:\xampp7\htdocs\apps\disperindag\vendor\codeigniter4\framework\system\Format\JSONFormatter.php(71): CodeIgniter\Format\Exceptions\FormatException::forInvalidJSON('Type is not sup...')
#1 C:\xampp7\htdocs\apps\disperindag\vendor\codeigniter4\framework\system\API\ResponseTrait.php(414): CodeIgniter\Format\JSONFormatter->format(Array)
#2 C:\xampp7\htdocs\apps\disperindag\vendor\codeigniter4\framework\system\API\ResponseTrait.php(134): CodeIgniter\Debug\Exceptions->format(Array)
#3 C:\xampp7\htdocs\apps\disperindag\vendor\codeigniter4\framework\system\Debug\Exceptions.php(168): CodeIgniter\Debug\Exceptions->respond(Array, 500)
#4 [internal function]: CodeIgniter\Debug\Exceptions->exceptionHandler(Object(ErrorException))
#5 {main}
  thrown
#0 [internal function]: CodeIgniter\Debug\Exceptions->shutdownHandler()
#1 {main}
CRITICAL - 2020-09-15 23:38:24 --> pg_query(): Query failed: ERROR:  column &quot;kasir_log_total_penjualan_non_tunai&quot; does not exist
LINE 1: select true as id order by kasir_log_total_penjualan_non_tun...
                                   ^
#0 [internal function]: CodeIgniter\Debug\Exceptions->errorHandler(2, 'pg_query(): Que...', 'C:\\xampp7\\htdoc...', 196, Array)
#1 C:\xampp7\htdocs\apps\disperindag\vendor\codeigniter4\framework\system\Database\Postgre\Connection.php(196): pg_query(Resource id #119, 'select true as ...')
#2 C:\xampp7\htdocs\apps\disperindag\vendor\codeigniter4\framework\system\Database\BaseConnection.php(741): CodeIgniter\Database\Postgre\Connection->execute('select true as ...')
#3 C:\xampp7\htdocs\apps\disperindag\vendor\codeigniter4\framework\system\Database\BaseConnection.php(669): CodeIgniter\Database\BaseConnection->simpleQuery('select true as ...')
#4 C:\xampp7\htdocs\apps\disperindag\app\Libraries\SmartComponent\Datasource.php(72): CodeIgniter\Database\BaseConnection->query('select true as ...')
#5 C:\xampp7\htdocs\apps\disperindag\app\Libraries\SmartComponent\Grid.php(127): App\Libraries\SmartComponent\Datasource->run()
#6 C:\xampp7\htdocs\apps\disperindag\app\Libraries\SmartComponent\Grid.php(96): App\Libraries\SmartComponent\Grid->get_datasource()
#7 C:\xampp7\htdocs\apps\disperindag\app\Controllers\Admin\Home.php(89): App\Libraries\SmartComponent\Grid->output()
#8 C:\xampp7\htdocs\apps\disperindag\vendor\codeigniter4\framework\system\CodeIgniter.php(918): App\Controllers\Admin\Home->grid()
#9 C:\xampp7\htdocs\apps\disperindag\vendor\codeigniter4\framework\system\CodeIgniter.php(404): CodeIgniter\CodeIgniter->runController(Object(App\Controllers\Admin\Home))
#10 C:\xampp7\htdocs\apps\disperindag\vendor\codeigniter4\framework\system\CodeIgniter.php(312): CodeIgniter\CodeIgniter->handleRequest(NULL, Object(Config\Cache), false)
#11 C:\xampp7\htdocs\apps\disperindag\public\index.php(45): CodeIgniter\CodeIgniter->run()
#12 {main}
CRITICAL - 2020-09-15 23:38:24 --> Uncaught CodeIgniter\Format\Exceptions\FormatException: Failed to parse json string, error: "Type is not supported". in C:\xampp7\htdocs\apps\disperindag\vendor\codeigniter4\framework\system\Format\Exceptions\FormatException.php:9
Stack trace:
#0 C:\xampp7\htdocs\apps\disperindag\vendor\codeigniter4\framework\system\Format\JSONFormatter.php(71): CodeIgniter\Format\Exceptions\FormatException::forInvalidJSON('Type is not sup...')
#1 C:\xampp7\htdocs\apps\disperindag\vendor\codeigniter4\framework\system\API\ResponseTrait.php(414): CodeIgniter\Format\JSONFormatter->format(Array)
#2 C:\xampp7\htdocs\apps\disperindag\vendor\codeigniter4\framework\system\API\ResponseTrait.php(134): CodeIgniter\Debug\Exceptions->format(Array)
#3 C:\xampp7\htdocs\apps\disperindag\vendor\codeigniter4\framework\system\Debug\Exceptions.php(168): CodeIgniter\Debug\Exceptions->respond(Array, 500)
#4 [internal function]: CodeIgniter\Debug\Exceptions->exceptionHandler(Object(ErrorException))
#5 {main}
  thrown
#0 [internal function]: CodeIgniter\Debug\Exceptions->shutdownHandler()
#1 {main}
CRITICAL - 2020-09-15 23:38:24 --> pg_query(): Query failed: ERROR:  column &quot;kasir_log_total_penjualan_non_tunai&quot; does not exist
LINE 1: select true as id order by kasir_log_total_penjualan_non_tun...
                                   ^
#0 [internal function]: CodeIgniter\Debug\Exceptions->errorHandler(2, 'pg_query(): Que...', 'C:\\xampp7\\htdoc...', 196, Array)
#1 C:\xampp7\htdocs\apps\disperindag\vendor\codeigniter4\framework\system\Database\Postgre\Connection.php(196): pg_query(Resource id #119, 'select true as ...')
#2 C:\xampp7\htdocs\apps\disperindag\vendor\codeigniter4\framework\system\Database\BaseConnection.php(741): CodeIgniter\Database\Postgre\Connection->execute('select true as ...')
#3 C:\xampp7\htdocs\apps\disperindag\vendor\codeigniter4\framework\system\Database\BaseConnection.php(669): CodeIgniter\Database\BaseConnection->simpleQuery('select true as ...')
#4 C:\xampp7\htdocs\apps\disperindag\app\Libraries\SmartComponent\Datasource.php(72): CodeIgniter\Database\BaseConnection->query('select true as ...')
#5 C:\xampp7\htdocs\apps\disperindag\app\Libraries\SmartComponent\Grid.php(127): App\Libraries\SmartComponent\Datasource->run()
#6 C:\xampp7\htdocs\apps\disperindag\app\Libraries\SmartComponent\Grid.php(96): App\Libraries\SmartComponent\Grid->get_datasource()
#7 C:\xampp7\htdocs\apps\disperindag\app\Controllers\Admin\Home.php(89): App\Libraries\SmartComponent\Grid->output()
#8 C:\xampp7\htdocs\apps\disperindag\vendor\codeigniter4\framework\system\CodeIgniter.php(918): App\Controllers\Admin\Home->grid()
#9 C:\xampp7\htdocs\apps\disperindag\vendor\codeigniter4\framework\system\CodeIgniter.php(404): CodeIgniter\CodeIgniter->runController(Object(App\Controllers\Admin\Home))
#10 C:\xampp7\htdocs\apps\disperindag\vendor\codeigniter4\framework\system\CodeIgniter.php(312): CodeIgniter\CodeIgniter->handleRequest(NULL, Object(Config\Cache), false)
#11 C:\xampp7\htdocs\apps\disperindag\public\index.php(45): CodeIgniter\CodeIgniter->run()
#12 {main}
CRITICAL - 2020-09-15 23:38:24 --> Uncaught CodeIgniter\Format\Exceptions\FormatException: Failed to parse json string, error: "Type is not supported". in C:\xampp7\htdocs\apps\disperindag\vendor\codeigniter4\framework\system\Format\Exceptions\FormatException.php:9
Stack trace:
#0 C:\xampp7\htdocs\apps\disperindag\vendor\codeigniter4\framework\system\Format\JSONFormatter.php(71): CodeIgniter\Format\Exceptions\FormatException::forInvalidJSON('Type is not sup...')
#1 C:\xampp7\htdocs\apps\disperindag\vendor\codeigniter4\framework\system\API\ResponseTrait.php(414): CodeIgniter\Format\JSONFormatter->format(Array)
#2 C:\xampp7\htdocs\apps\disperindag\vendor\codeigniter4\framework\system\API\ResponseTrait.php(134): CodeIgniter\Debug\Exceptions->format(Array)
#3 C:\xampp7\htdocs\apps\disperindag\vendor\codeigniter4\framework\system\Debug\Exceptions.php(168): CodeIgniter\Debug\Exceptions->respond(Array, 500)
#4 [internal function]: CodeIgniter\Debug\Exceptions->exceptionHandler(Object(ErrorException))
#5 {main}
  thrown
#0 [internal function]: CodeIgniter\Debug\Exceptions->shutdownHandler()
#1 {main}
CRITICAL - 2020-09-15 23:38:25 --> pg_query(): Query failed: ERROR:  column &quot;kasir_log_total_penjualan_non_tunai&quot; does not exist
LINE 1: select true as id order by kasir_log_total_penjualan_non_tun...
                                   ^
#0 [internal function]: CodeIgniter\Debug\Exceptions->errorHandler(2, 'pg_query(): Que...', 'C:\\xampp7\\htdoc...', 196, Array)
#1 C:\xampp7\htdocs\apps\disperindag\vendor\codeigniter4\framework\system\Database\Postgre\Connection.php(196): pg_query(Resource id #119, 'select true as ...')
#2 C:\xampp7\htdocs\apps\disperindag\vendor\codeigniter4\framework\system\Database\BaseConnection.php(741): CodeIgniter\Database\Postgre\Connection->execute('select true as ...')
#3 C:\xampp7\htdocs\apps\disperindag\vendor\codeigniter4\framework\system\Database\BaseConnection.php(669): CodeIgniter\Database\BaseConnection->simpleQuery('select true as ...')
#4 C:\xampp7\htdocs\apps\disperindag\app\Libraries\SmartComponent\Datasource.php(72): CodeIgniter\Database\BaseConnection->query('select true as ...')
#5 C:\xampp7\htdocs\apps\disperindag\app\Libraries\SmartComponent\Grid.php(127): App\Libraries\SmartComponent\Datasource->run()
#6 C:\xampp7\htdocs\apps\disperindag\app\Libraries\SmartComponent\Grid.php(96): App\Libraries\SmartComponent\Grid->get_datasource()
#7 C:\xampp7\htdocs\apps\disperindag\app\Controllers\Admin\Home.php(89): App\Libraries\SmartComponent\Grid->output()
#8 C:\xampp7\htdocs\apps\disperindag\vendor\codeigniter4\framework\system\CodeIgniter.php(918): App\Controllers\Admin\Home->grid()
#9 C:\xampp7\htdocs\apps\disperindag\vendor\codeigniter4\framework\system\CodeIgniter.php(404): CodeIgniter\CodeIgniter->runController(Object(App\Controllers\Admin\Home))
#10 C:\xampp7\htdocs\apps\disperindag\vendor\codeigniter4\framework\system\CodeIgniter.php(312): CodeIgniter\CodeIgniter->handleRequest(NULL, Object(Config\Cache), false)
#11 C:\xampp7\htdocs\apps\disperindag\public\index.php(45): CodeIgniter\CodeIgniter->run()
#12 {main}
CRITICAL - 2020-09-15 23:38:25 --> Uncaught CodeIgniter\Format\Exceptions\FormatException: Failed to parse json string, error: "Type is not supported". in C:\xampp7\htdocs\apps\disperindag\vendor\codeigniter4\framework\system\Format\Exceptions\FormatException.php:9
Stack trace:
#0 C:\xampp7\htdocs\apps\disperindag\vendor\codeigniter4\framework\system\Format\JSONFormatter.php(71): CodeIgniter\Format\Exceptions\FormatException::forInvalidJSON('Type is not sup...')
#1 C:\xampp7\htdocs\apps\disperindag\vendor\codeigniter4\framework\system\API\ResponseTrait.php(414): CodeIgniter\Format\JSONFormatter->format(Array)
#2 C:\xampp7\htdocs\apps\disperindag\vendor\codeigniter4\framework\system\API\ResponseTrait.php(134): CodeIgniter\Debug\Exceptions->format(Array)
#3 C:\xampp7\htdocs\apps\disperindag\vendor\codeigniter4\framework\system\Debug\Exceptions.php(168): CodeIgniter\Debug\Exceptions->respond(Array, 500)
#4 [internal function]: CodeIgniter\Debug\Exceptions->exceptionHandler(Object(ErrorException))
#5 {main}
  thrown
#0 [internal function]: CodeIgniter\Debug\Exceptions->shutdownHandler()
#1 {main}
CRITICAL - 2020-09-15 23:38:25 --> pg_query(): Query failed: ERROR:  column &quot;kasir_log_total_penjualan_non_tunai&quot; does not exist
LINE 1: select true as id order by kasir_log_total_penjualan_non_tun...
                                   ^
#0 [internal function]: CodeIgniter\Debug\Exceptions->errorHandler(2, 'pg_query(): Que...', 'C:\\xampp7\\htdoc...', 196, Array)
#1 C:\xampp7\htdocs\apps\disperindag\vendor\codeigniter4\framework\system\Database\Postgre\Connection.php(196): pg_query(Resource id #119, 'select true as ...')
#2 C:\xampp7\htdocs\apps\disperindag\vendor\codeigniter4\framework\system\Database\BaseConnection.php(741): CodeIgniter\Database\Postgre\Connection->execute('select true as ...')
#3 C:\xampp7\htdocs\apps\disperindag\vendor\codeigniter4\framework\system\Database\BaseConnection.php(669): CodeIgniter\Database\BaseConnection->simpleQuery('select true as ...')
#4 C:\xampp7\htdocs\apps\disperindag\app\Libraries\SmartComponent\Datasource.php(72): CodeIgniter\Database\BaseConnection->query('select true as ...')
#5 C:\xampp7\htdocs\apps\disperindag\app\Libraries\SmartComponent\Grid.php(127): App\Libraries\SmartComponent\Datasource->run()
#6 C:\xampp7\htdocs\apps\disperindag\app\Libraries\SmartComponent\Grid.php(96): App\Libraries\SmartComponent\Grid->get_datasource()
#7 C:\xampp7\htdocs\apps\disperindag\app\Controllers\Admin\Home.php(89): App\Libraries\SmartComponent\Grid->output()
#8 C:\xampp7\htdocs\apps\disperindag\vendor\codeigniter4\framework\system\CodeIgniter.php(918): App\Controllers\Admin\Home->grid()
#9 C:\xampp7\htdocs\apps\disperindag\vendor\codeigniter4\framework\system\CodeIgniter.php(404): CodeIgniter\CodeIgniter->runController(Object(App\Controllers\Admin\Home))
#10 C:\xampp7\htdocs\apps\disperindag\vendor\codeigniter4\framework\system\CodeIgniter.php(312): CodeIgniter\CodeIgniter->handleRequest(NULL, Object(Config\Cache), false)
#11 C:\xampp7\htdocs\apps\disperindag\public\index.php(45): CodeIgniter\CodeIgniter->run()
#12 {main}
CRITICAL - 2020-09-15 23:38:26 --> Uncaught CodeIgniter\Format\Exceptions\FormatException: Failed to parse json string, error: "Type is not supported". in C:\xampp7\htdocs\apps\disperindag\vendor\codeigniter4\framework\system\Format\Exceptions\FormatException.php:9
Stack trace:
#0 C:\xampp7\htdocs\apps\disperindag\vendor\codeigniter4\framework\system\Format\JSONFormatter.php(71): CodeIgniter\Format\Exceptions\FormatException::forInvalidJSON('Type is not sup...')
#1 C:\xampp7\htdocs\apps\disperindag\vendor\codeigniter4\framework\system\API\ResponseTrait.php(414): CodeIgniter\Format\JSONFormatter->format(Array)
#2 C:\xampp7\htdocs\apps\disperindag\vendor\codeigniter4\framework\system\API\ResponseTrait.php(134): CodeIgniter\Debug\Exceptions->format(Array)
#3 C:\xampp7\htdocs\apps\disperindag\vendor\codeigniter4\framework\system\Debug\Exceptions.php(168): CodeIgniter\Debug\Exceptions->respond(Array, 500)
#4 [internal function]: CodeIgniter\Debug\Exceptions->exceptionHandler(Object(ErrorException))
#5 {main}
  thrown
#0 [internal function]: CodeIgniter\Debug\Exceptions->shutdownHandler()
#1 {main}
CRITICAL - 2020-09-15 23:38:30 --> pg_query(): Query failed: ERROR:  column &quot;waktu_buka_tutup&quot; does not exist
LINE 1: select true as id order by waktu_buka_tutup asc limit 25 off...
                                   ^
#0 [internal function]: CodeIgniter\Debug\Exceptions->errorHandler(2, 'pg_query(): Que...', 'C:\\xampp7\\htdoc...', 196, Array)
#1 C:\xampp7\htdocs\apps\disperindag\vendor\codeigniter4\framework\system\Database\Postgre\Connection.php(196): pg_query(Resource id #119, 'select true as ...')
#2 C:\xampp7\htdocs\apps\disperindag\vendor\codeigniter4\framework\system\Database\BaseConnection.php(741): CodeIgniter\Database\Postgre\Connection->execute('select true as ...')
#3 C:\xampp7\htdocs\apps\disperindag\vendor\codeigniter4\framework\system\Database\BaseConnection.php(669): CodeIgniter\Database\BaseConnection->simpleQuery('select true as ...')
#4 C:\xampp7\htdocs\apps\disperindag\app\Libraries\SmartComponent\Datasource.php(72): CodeIgniter\Database\BaseConnection->query('select true as ...')
#5 C:\xampp7\htdocs\apps\disperindag\app\Libraries\SmartComponent\Grid.php(127): App\Libraries\SmartComponent\Datasource->run()
#6 C:\xampp7\htdocs\apps\disperindag\app\Libraries\SmartComponent\Grid.php(96): App\Libraries\SmartComponent\Grid->get_datasource()
#7 C:\xampp7\htdocs\apps\disperindag\app\Controllers\Admin\Home.php(89): App\Libraries\SmartComponent\Grid->output()
#8 C:\xampp7\htdocs\apps\disperindag\vendor\codeigniter4\framework\system\CodeIgniter.php(918): App\Controllers\Admin\Home->grid()
#9 C:\xampp7\htdocs\apps\disperindag\vendor\codeigniter4\framework\system\CodeIgniter.php(404): CodeIgniter\CodeIgniter->runController(Object(App\Controllers\Admin\Home))
#10 C:\xampp7\htdocs\apps\disperindag\vendor\codeigniter4\framework\system\CodeIgniter.php(312): CodeIgniter\CodeIgniter->handleRequest(NULL, Object(Config\Cache), false)
#11 C:\xampp7\htdocs\apps\disperindag\public\index.php(45): CodeIgniter\CodeIgniter->run()
#12 {main}
CRITICAL - 2020-09-15 23:38:30 --> Uncaught CodeIgniter\Format\Exceptions\FormatException: Failed to parse json string, error: "Type is not supported". in C:\xampp7\htdocs\apps\disperindag\vendor\codeigniter4\framework\system\Format\Exceptions\FormatException.php:9
Stack trace:
#0 C:\xampp7\htdocs\apps\disperindag\vendor\codeigniter4\framework\system\Format\JSONFormatter.php(71): CodeIgniter\Format\Exceptions\FormatException::forInvalidJSON('Type is not sup...')
#1 C:\xampp7\htdocs\apps\disperindag\vendor\codeigniter4\framework\system\API\ResponseTrait.php(414): CodeIgniter\Format\JSONFormatter->format(Array)
#2 C:\xampp7\htdocs\apps\disperindag\vendor\codeigniter4\framework\system\API\ResponseTrait.php(134): CodeIgniter\Debug\Exceptions->format(Array)
#3 C:\xampp7\htdocs\apps\disperindag\vendor\codeigniter4\framework\system\Debug\Exceptions.php(168): CodeIgniter\Debug\Exceptions->respond(Array, 500)
#4 [internal function]: CodeIgniter\Debug\Exceptions->exceptionHandler(Object(ErrorException))
#5 {main}
  thrown
#0 [internal function]: CodeIgniter\Debug\Exceptions->shutdownHandler()
#1 {main}
CRITICAL - 2020-09-15 23:38:30 --> pg_query(): Query failed: ERROR:  column &quot;waktu_buka_tutup&quot; does not exist
LINE 1: select true as id order by waktu_buka_tutup asc, user_nama_l...
                                   ^
#0 [internal function]: CodeIgniter\Debug\Exceptions->errorHandler(2, 'pg_query(): Que...', 'C:\\xampp7\\htdoc...', 196, Array)
#1 C:\xampp7\htdocs\apps\disperindag\vendor\codeigniter4\framework\system\Database\Postgre\Connection.php(196): pg_query(Resource id #119, 'select true as ...')
#2 C:\xampp7\htdocs\apps\disperindag\vendor\codeigniter4\framework\system\Database\BaseConnection.php(741): CodeIgniter\Database\Postgre\Connection->execute('select true as ...')
#3 C:\xampp7\htdocs\apps\disperindag\vendor\codeigniter4\framework\system\Database\BaseConnection.php(669): CodeIgniter\Database\BaseConnection->simpleQuery('select true as ...')
#4 C:\xampp7\htdocs\apps\disperindag\app\Libraries\SmartComponent\Datasource.php(72): CodeIgniter\Database\BaseConnection->query('select true as ...')
#5 C:\xampp7\htdocs\apps\disperindag\app\Libraries\SmartComponent\Grid.php(127): App\Libraries\SmartComponent\Datasource->run()
#6 C:\xampp7\htdocs\apps\disperindag\app\Libraries\SmartComponent\Grid.php(96): App\Libraries\SmartComponent\Grid->get_datasource()
#7 C:\xampp7\htdocs\apps\disperindag\app\Controllers\Admin\Home.php(89): App\Libraries\SmartComponent\Grid->output()
#8 C:\xampp7\htdocs\apps\disperindag\vendor\codeigniter4\framework\system\CodeIgniter.php(918): App\Controllers\Admin\Home->grid()
#9 C:\xampp7\htdocs\apps\disperindag\vendor\codeigniter4\framework\system\CodeIgniter.php(404): CodeIgniter\CodeIgniter->runController(Object(App\Controllers\Admin\Home))
#10 C:\xampp7\htdocs\apps\disperindag\vendor\codeigniter4\framework\system\CodeIgniter.php(312): CodeIgniter\CodeIgniter->handleRequest(NULL, Object(Config\Cache), false)
#11 C:\xampp7\htdocs\apps\disperindag\public\index.php(45): CodeIgniter\CodeIgniter->run()
#12 {main}
CRITICAL - 2020-09-15 23:38:30 --> Uncaught CodeIgniter\Format\Exceptions\FormatException: Failed to parse json string, error: "Type is not supported". in C:\xampp7\htdocs\apps\disperindag\vendor\codeigniter4\framework\system\Format\Exceptions\FormatException.php:9
Stack trace:
#0 C:\xampp7\htdocs\apps\disperindag\vendor\codeigniter4\framework\system\Format\JSONFormatter.php(71): CodeIgniter\Format\Exceptions\FormatException::forInvalidJSON('Type is not sup...')
#1 C:\xampp7\htdocs\apps\disperindag\vendor\codeigniter4\framework\system\API\ResponseTrait.php(414): CodeIgniter\Format\JSONFormatter->format(Array)
#2 C:\xampp7\htdocs\apps\disperindag\vendor\codeigniter4\framework\system\API\ResponseTrait.php(134): CodeIgniter\Debug\Exceptions->format(Array)
#3 C:\xampp7\htdocs\apps\disperindag\vendor\codeigniter4\framework\system\Debug\Exceptions.php(168): CodeIgniter\Debug\Exceptions->respond(Array, 500)
#4 [internal function]: CodeIgniter\Debug\Exceptions->exceptionHandler(Object(ErrorException))
#5 {main}
  thrown
#0 [internal function]: CodeIgniter\Debug\Exceptions->shutdownHandler()
#1 {main}
