CRITICAL - 2020-08-29 01:41:15 --> Invalid file: default.php
#0 D:\xampp7\htdocs\ci4template\vendor\codeigniter4\framework\system\View\View.php(228): CodeIgniter\Exceptions\FrameworkException::forInvalidFile('default.php')
#1 D:\xampp7\htdocs\ci4template\vendor\codeigniter4\framework\system\View\View.php(257): CodeIgniter\View\View->render('default', Array, true)
#2 D:\xampp7\htdocs\ci4template\vendor\codeigniter4\framework\system\Common.php(1119): CodeIgniter\View\View->render('admin/admin', Array, true)
#3 D:\xampp7\htdocs\ci4template\app\Controllers\Admin\Home.php(23): view('admin/admin')
#4 D:\xampp7\htdocs\ci4template\vendor\codeigniter4\framework\system\CodeIgniter.php(918): App\Controllers\Admin\Home->index()
#5 D:\xampp7\htdocs\ci4template\vendor\codeigniter4\framework\system\CodeIgniter.php(404): CodeIgniter\CodeIgniter->runController(Object(App\Controllers\Admin\Home))
#6 D:\xampp7\htdocs\ci4template\vendor\codeigniter4\framework\system\CodeIgniter.php(312): CodeIgniter\CodeIgniter->handleRequest(NULL, Object(Config\Cache), false)
#7 D:\xampp7\htdocs\ci4template\public\index.php(45): CodeIgniter\CodeIgniter->run()
#8 D:\xampp7\htdocs\ci4template\vendor\codeigniter4\framework\system\Commands\Server\rewrite.php(34): require_once('D:\\xampp7\\htdoc...')
#9 {main}
CRITICAL - 2020-08-29 01:41:35 --> Invalid file: default.php
#0 D:\xampp7\htdocs\ci4template\vendor\codeigniter4\framework\system\View\View.php(228): CodeIgniter\Exceptions\FrameworkException::forInvalidFile('default.php')
#1 D:\xampp7\htdocs\ci4template\vendor\codeigniter4\framework\system\View\View.php(257): CodeIgniter\View\View->render('default', Array, true)
#2 D:\xampp7\htdocs\ci4template\vendor\codeigniter4\framework\system\Common.php(1119): CodeIgniter\View\View->render('admin/admin', Array, true)
#3 D:\xampp7\htdocs\ci4template\app\Controllers\Admin\Home.php(23): view('admin/admin')
#4 D:\xampp7\htdocs\ci4template\vendor\codeigniter4\framework\system\CodeIgniter.php(918): App\Controllers\Admin\Home->index()
#5 D:\xampp7\htdocs\ci4template\vendor\codeigniter4\framework\system\CodeIgniter.php(404): CodeIgniter\CodeIgniter->runController(Object(App\Controllers\Admin\Home))
#6 D:\xampp7\htdocs\ci4template\vendor\codeigniter4\framework\system\CodeIgniter.php(312): CodeIgniter\CodeIgniter->handleRequest(NULL, Object(Config\Cache), false)
#7 D:\xampp7\htdocs\ci4template\public\index.php(45): CodeIgniter\CodeIgniter->run()
#8 {main}
CRITICAL - 2020-08-29 01:41:52 --> Undefined property: App\Libraries\Navigation::$uri
#0 D:\xampp7\htdocs\ci4template\app\Libraries\Navigation.php(18): CodeIgniter\Debug\Exceptions->errorHandler(8, 'Undefined prope...', 'D:\\xampp7\\htdoc...', 18, Array)
#1 D:\xampp7\htdocs\ci4template\app\Libraries\Navigation.php(11): App\Libraries\Navigation->gen_menu()
#2 D:\xampp7\htdocs\ci4template\vendor\codeigniter4\framework\system\View\Cell.php(149): App\Libraries\Navigation->menu()
#3 D:\xampp7\htdocs\ci4template\vendor\codeigniter4\framework\system\Common.php(1140): CodeIgniter\View\Cell->render('\\App\\Libraries\\...', NULL, 0, 'AppLibrariesNav...')
#4 D:\xampp7\htdocs\ci4template\app\Views\template\default.php(54): view_cell('\\App\\Libraries\\...')
#5 D:\xampp7\htdocs\ci4template\vendor\codeigniter4\framework\system\View\View.php(246): include('D:\\xampp7\\htdoc...')
#6 D:\xampp7\htdocs\ci4template\vendor\codeigniter4\framework\system\View\View.php(257): CodeIgniter\View\View->render('template/defaul...', Array, true)
#7 D:\xampp7\htdocs\ci4template\vendor\codeigniter4\framework\system\Common.php(1119): CodeIgniter\View\View->render('admin/admin', Array, true)
#8 D:\xampp7\htdocs\ci4template\app\Controllers\Admin\Home.php(23): view('admin/admin')
#9 D:\xampp7\htdocs\ci4template\vendor\codeigniter4\framework\system\CodeIgniter.php(918): App\Controllers\Admin\Home->index()
#10 D:\xampp7\htdocs\ci4template\vendor\codeigniter4\framework\system\CodeIgniter.php(404): CodeIgniter\CodeIgniter->runController(Object(App\Controllers\Admin\Home))
#11 D:\xampp7\htdocs\ci4template\vendor\codeigniter4\framework\system\CodeIgniter.php(312): CodeIgniter\CodeIgniter->handleRequest(NULL, Object(Config\Cache), false)
#12 D:\xampp7\htdocs\ci4template\public\index.php(45): CodeIgniter\CodeIgniter->run()
#13 D:\xampp7\htdocs\ci4template\vendor\codeigniter4\framework\system\Commands\Server\rewrite.php(34): require_once('D:\\xampp7\\htdoc...')
#14 {main}
CRITICAL - 2020-08-29 01:41:54 --> Undefined property: App\Libraries\Navigation::$uri
#0 D:\xampp7\htdocs\ci4template\app\Libraries\Navigation.php(18): CodeIgniter\Debug\Exceptions->errorHandler(8, 'Undefined prope...', 'D:\\xampp7\\htdoc...', 18, Array)
#1 D:\xampp7\htdocs\ci4template\app\Libraries\Navigation.php(11): App\Libraries\Navigation->gen_menu()
#2 D:\xampp7\htdocs\ci4template\vendor\codeigniter4\framework\system\View\Cell.php(149): App\Libraries\Navigation->menu()
#3 D:\xampp7\htdocs\ci4template\vendor\codeigniter4\framework\system\Common.php(1140): CodeIgniter\View\Cell->render('\\App\\Libraries\\...', NULL, 0, 'AppLibrariesNav...')
#4 D:\xampp7\htdocs\ci4template\app\Views\template\default.php(54): view_cell('\\App\\Libraries\\...')
#5 D:\xampp7\htdocs\ci4template\vendor\codeigniter4\framework\system\View\View.php(246): include('D:\\xampp7\\htdoc...')
#6 D:\xampp7\htdocs\ci4template\vendor\codeigniter4\framework\system\View\View.php(257): CodeIgniter\View\View->render('template/defaul...', Array, true)
#7 D:\xampp7\htdocs\ci4template\vendor\codeigniter4\framework\system\Common.php(1119): CodeIgniter\View\View->render('admin/admin', Array, true)
#8 D:\xampp7\htdocs\ci4template\app\Controllers\Admin\Home.php(23): view('admin/admin')
#9 D:\xampp7\htdocs\ci4template\vendor\codeigniter4\framework\system\CodeIgniter.php(918): App\Controllers\Admin\Home->index()
#10 D:\xampp7\htdocs\ci4template\vendor\codeigniter4\framework\system\CodeIgniter.php(404): CodeIgniter\CodeIgniter->runController(Object(App\Controllers\Admin\Home))
#11 D:\xampp7\htdocs\ci4template\vendor\codeigniter4\framework\system\CodeIgniter.php(312): CodeIgniter\CodeIgniter->handleRequest(NULL, Object(Config\Cache), false)
#12 D:\xampp7\htdocs\ci4template\public\index.php(45): CodeIgniter\CodeIgniter->run()
#13 D:\xampp7\htdocs\ci4template\vendor\codeigniter4\framework\system\Commands\Server\rewrite.php(34): require_once('D:\\xampp7\\htdoc...')
#14 {main}
CRITICAL - 2020-08-29 01:42:01 --> Undefined property: App\Libraries\Navigation::$uri
#0 D:\xampp7\htdocs\ci4template\app\Libraries\Navigation.php(18): CodeIgniter\Debug\Exceptions->errorHandler(8, 'Undefined prope...', 'D:\\xampp7\\htdoc...', 18, Array)
#1 D:\xampp7\htdocs\ci4template\app\Libraries\Navigation.php(11): App\Libraries\Navigation->gen_menu()
#2 D:\xampp7\htdocs\ci4template\vendor\codeigniter4\framework\system\View\Cell.php(149): App\Libraries\Navigation->menu()
#3 D:\xampp7\htdocs\ci4template\vendor\codeigniter4\framework\system\Common.php(1140): CodeIgniter\View\Cell->render('\\App\\Libraries\\...', NULL, 0, 'AppLibrariesNav...')
#4 D:\xampp7\htdocs\ci4template\app\Views\template\default.php(54): view_cell('\\App\\Libraries\\...')
#5 D:\xampp7\htdocs\ci4template\vendor\codeigniter4\framework\system\View\View.php(246): include('D:\\xampp7\\htdoc...')
#6 D:\xampp7\htdocs\ci4template\vendor\codeigniter4\framework\system\View\View.php(257): CodeIgniter\View\View->render('template/defaul...', Array, true)
#7 D:\xampp7\htdocs\ci4template\vendor\codeigniter4\framework\system\Common.php(1119): CodeIgniter\View\View->render('admin/admin', Array, true)
#8 D:\xampp7\htdocs\ci4template\app\Controllers\Admin\Home.php(23): view('admin/admin')
#9 D:\xampp7\htdocs\ci4template\vendor\codeigniter4\framework\system\CodeIgniter.php(918): App\Controllers\Admin\Home->index()
#10 D:\xampp7\htdocs\ci4template\vendor\codeigniter4\framework\system\CodeIgniter.php(404): CodeIgniter\CodeIgniter->runController(Object(App\Controllers\Admin\Home))
#11 D:\xampp7\htdocs\ci4template\vendor\codeigniter4\framework\system\CodeIgniter.php(312): CodeIgniter\CodeIgniter->handleRequest(NULL, Object(Config\Cache), false)
#12 D:\xampp7\htdocs\ci4template\public\index.php(45): CodeIgniter\CodeIgniter->run()
#13 {main}
CRITICAL - 2020-08-29 01:42:48 --> Undefined property: App\Libraries\Navigation::$uri
#0 D:\xampp7\htdocs\ci4template\app\Libraries\Navigation.php(18): CodeIgniter\Debug\Exceptions->errorHandler(8, 'Undefined prope...', 'D:\\xampp7\\htdoc...', 18, Array)
#1 D:\xampp7\htdocs\ci4template\app\Libraries\Navigation.php(11): App\Libraries\Navigation->gen_menu()
#2 D:\xampp7\htdocs\ci4template\vendor\codeigniter4\framework\system\View\Cell.php(149): App\Libraries\Navigation->menu()
#3 D:\xampp7\htdocs\ci4template\vendor\codeigniter4\framework\system\Common.php(1140): CodeIgniter\View\Cell->render('\\App\\Libraries\\...', NULL, 0, 'AppLibrariesNav...')
#4 D:\xampp7\htdocs\ci4template\app\Views\template\default.php(54): view_cell('\\App\\Libraries\\...')
#5 D:\xampp7\htdocs\ci4template\vendor\codeigniter4\framework\system\View\View.php(246): include('D:\\xampp7\\htdoc...')
#6 D:\xampp7\htdocs\ci4template\vendor\codeigniter4\framework\system\View\View.php(257): CodeIgniter\View\View->render('template/defaul...', Array, true)
#7 D:\xampp7\htdocs\ci4template\vendor\codeigniter4\framework\system\Common.php(1119): CodeIgniter\View\View->render('admin/admin', Array, true)
#8 D:\xampp7\htdocs\ci4template\app\Controllers\Admin\Home.php(23): view('admin/admin')
#9 D:\xampp7\htdocs\ci4template\vendor\codeigniter4\framework\system\CodeIgniter.php(918): App\Controllers\Admin\Home->index()
#10 D:\xampp7\htdocs\ci4template\vendor\codeigniter4\framework\system\CodeIgniter.php(404): CodeIgniter\CodeIgniter->runController(Object(App\Controllers\Admin\Home))
#11 D:\xampp7\htdocs\ci4template\vendor\codeigniter4\framework\system\CodeIgniter.php(312): CodeIgniter\CodeIgniter->handleRequest(NULL, Object(Config\Cache), false)
#12 D:\xampp7\htdocs\ci4template\public\index.php(45): CodeIgniter\CodeIgniter->run()
#13 {main}
CRITICAL - 2020-08-29 01:42:49 --> Undefined property: App\Libraries\Navigation::$uri
#0 D:\xampp7\htdocs\ci4template\app\Libraries\Navigation.php(18): CodeIgniter\Debug\Exceptions->errorHandler(8, 'Undefined prope...', 'D:\\xampp7\\htdoc...', 18, Array)
#1 D:\xampp7\htdocs\ci4template\app\Libraries\Navigation.php(11): App\Libraries\Navigation->gen_menu()
#2 D:\xampp7\htdocs\ci4template\vendor\codeigniter4\framework\system\View\Cell.php(149): App\Libraries\Navigation->menu()
#3 D:\xampp7\htdocs\ci4template\vendor\codeigniter4\framework\system\Common.php(1140): CodeIgniter\View\Cell->render('\\App\\Libraries\\...', NULL, 0, 'AppLibrariesNav...')
#4 D:\xampp7\htdocs\ci4template\app\Views\template\default.php(54): view_cell('\\App\\Libraries\\...')
#5 D:\xampp7\htdocs\ci4template\vendor\codeigniter4\framework\system\View\View.php(246): include('D:\\xampp7\\htdoc...')
#6 D:\xampp7\htdocs\ci4template\vendor\codeigniter4\framework\system\View\View.php(257): CodeIgniter\View\View->render('template/defaul...', Array, true)
#7 D:\xampp7\htdocs\ci4template\vendor\codeigniter4\framework\system\Common.php(1119): CodeIgniter\View\View->render('admin/admin', Array, true)
#8 D:\xampp7\htdocs\ci4template\app\Controllers\Admin\Home.php(23): view('admin/admin')
#9 D:\xampp7\htdocs\ci4template\vendor\codeigniter4\framework\system\CodeIgniter.php(918): App\Controllers\Admin\Home->index()
#10 D:\xampp7\htdocs\ci4template\vendor\codeigniter4\framework\system\CodeIgniter.php(404): CodeIgniter\CodeIgniter->runController(Object(App\Controllers\Admin\Home))
#11 D:\xampp7\htdocs\ci4template\vendor\codeigniter4\framework\system\CodeIgniter.php(312): CodeIgniter\CodeIgniter->handleRequest(NULL, Object(Config\Cache), false)
#12 D:\xampp7\htdocs\ci4template\public\index.php(45): CodeIgniter\CodeIgniter->run()
#13 {main}
CRITICAL - 2020-08-29 01:42:50 --> Undefined property: App\Libraries\Navigation::$uri
#0 D:\xampp7\htdocs\ci4template\app\Libraries\Navigation.php(18): CodeIgniter\Debug\Exceptions->errorHandler(8, 'Undefined prope...', 'D:\\xampp7\\htdoc...', 18, Array)
#1 D:\xampp7\htdocs\ci4template\app\Libraries\Navigation.php(11): App\Libraries\Navigation->gen_menu()
#2 D:\xampp7\htdocs\ci4template\vendor\codeigniter4\framework\system\View\Cell.php(149): App\Libraries\Navigation->menu()
#3 D:\xampp7\htdocs\ci4template\vendor\codeigniter4\framework\system\Common.php(1140): CodeIgniter\View\Cell->render('\\App\\Libraries\\...', NULL, 0, 'AppLibrariesNav...')
#4 D:\xampp7\htdocs\ci4template\app\Views\template\default.php(54): view_cell('\\App\\Libraries\\...')
#5 D:\xampp7\htdocs\ci4template\vendor\codeigniter4\framework\system\View\View.php(246): include('D:\\xampp7\\htdoc...')
#6 D:\xampp7\htdocs\ci4template\vendor\codeigniter4\framework\system\View\View.php(257): CodeIgniter\View\View->render('template/defaul...', Array, true)
#7 D:\xampp7\htdocs\ci4template\vendor\codeigniter4\framework\system\Common.php(1119): CodeIgniter\View\View->render('admin/admin', Array, true)
#8 D:\xampp7\htdocs\ci4template\app\Controllers\Admin\Home.php(23): view('admin/admin')
#9 D:\xampp7\htdocs\ci4template\vendor\codeigniter4\framework\system\CodeIgniter.php(918): App\Controllers\Admin\Home->index()
#10 D:\xampp7\htdocs\ci4template\vendor\codeigniter4\framework\system\CodeIgniter.php(404): CodeIgniter\CodeIgniter->runController(Object(App\Controllers\Admin\Home))
#11 D:\xampp7\htdocs\ci4template\vendor\codeigniter4\framework\system\CodeIgniter.php(312): CodeIgniter\CodeIgniter->handleRequest(NULL, Object(Config\Cache), false)
#12 D:\xampp7\htdocs\ci4template\public\index.php(45): CodeIgniter\CodeIgniter->run()
#13 {main}
CRITICAL - 2020-08-29 01:43:01 --> Undefined property: App\Libraries\Navigation::$uri
#0 D:\xampp7\htdocs\ci4template\app\Libraries\Navigation.php(18): CodeIgniter\Debug\Exceptions->errorHandler(8, 'Undefined prope...', 'D:\\xampp7\\htdoc...', 18, Array)
#1 D:\xampp7\htdocs\ci4template\app\Libraries\Navigation.php(11): App\Libraries\Navigation->gen_menu()
#2 D:\xampp7\htdocs\ci4template\vendor\codeigniter4\framework\system\View\Cell.php(149): App\Libraries\Navigation->menu()
#3 D:\xampp7\htdocs\ci4template\vendor\codeigniter4\framework\system\Common.php(1140): CodeIgniter\View\Cell->render('\\App\\Libraries\\...', NULL, 0, 'AppLibrariesNav...')
#4 D:\xampp7\htdocs\ci4template\app\Views\template\default.php(54): view_cell('\\App\\Libraries\\...')
#5 D:\xampp7\htdocs\ci4template\vendor\codeigniter4\framework\system\View\View.php(246): include('D:\\xampp7\\htdoc...')
#6 D:\xampp7\htdocs\ci4template\vendor\codeigniter4\framework\system\View\View.php(257): CodeIgniter\View\View->render('template/defaul...', Array, true)
#7 D:\xampp7\htdocs\ci4template\vendor\codeigniter4\framework\system\Common.php(1119): CodeIgniter\View\View->render('admin/admin', Array, true)
#8 D:\xampp7\htdocs\ci4template\app\Controllers\Admin\Home.php(23): view('admin/admin')
#9 D:\xampp7\htdocs\ci4template\vendor\codeigniter4\framework\system\CodeIgniter.php(918): App\Controllers\Admin\Home->index()
#10 D:\xampp7\htdocs\ci4template\vendor\codeigniter4\framework\system\CodeIgniter.php(404): CodeIgniter\CodeIgniter->runController(Object(App\Controllers\Admin\Home))
#11 D:\xampp7\htdocs\ci4template\vendor\codeigniter4\framework\system\CodeIgniter.php(312): CodeIgniter\CodeIgniter->handleRequest(NULL, Object(Config\Cache), false)
#12 D:\xampp7\htdocs\ci4template\public\index.php(45): CodeIgniter\CodeIgniter->run()
#13 {main}
CRITICAL - 2020-08-29 01:43:02 --> Undefined property: App\Libraries\Navigation::$uri
#0 D:\xampp7\htdocs\ci4template\app\Libraries\Navigation.php(18): CodeIgniter\Debug\Exceptions->errorHandler(8, 'Undefined prope...', 'D:\\xampp7\\htdoc...', 18, Array)
#1 D:\xampp7\htdocs\ci4template\app\Libraries\Navigation.php(11): App\Libraries\Navigation->gen_menu()
#2 D:\xampp7\htdocs\ci4template\vendor\codeigniter4\framework\system\View\Cell.php(149): App\Libraries\Navigation->menu()
#3 D:\xampp7\htdocs\ci4template\vendor\codeigniter4\framework\system\Common.php(1140): CodeIgniter\View\Cell->render('\\App\\Libraries\\...', NULL, 0, 'AppLibrariesNav...')
#4 D:\xampp7\htdocs\ci4template\app\Views\template\default.php(54): view_cell('\\App\\Libraries\\...')
#5 D:\xampp7\htdocs\ci4template\vendor\codeigniter4\framework\system\View\View.php(246): include('D:\\xampp7\\htdoc...')
#6 D:\xampp7\htdocs\ci4template\vendor\codeigniter4\framework\system\View\View.php(257): CodeIgniter\View\View->render('template/defaul...', Array, true)
#7 D:\xampp7\htdocs\ci4template\vendor\codeigniter4\framework\system\Common.php(1119): CodeIgniter\View\View->render('admin/admin', Array, true)
#8 D:\xampp7\htdocs\ci4template\app\Controllers\Admin\Home.php(23): view('admin/admin')
#9 D:\xampp7\htdocs\ci4template\vendor\codeigniter4\framework\system\CodeIgniter.php(918): App\Controllers\Admin\Home->index()
#10 D:\xampp7\htdocs\ci4template\vendor\codeigniter4\framework\system\CodeIgniter.php(404): CodeIgniter\CodeIgniter->runController(Object(App\Controllers\Admin\Home))
#11 D:\xampp7\htdocs\ci4template\vendor\codeigniter4\framework\system\CodeIgniter.php(312): CodeIgniter\CodeIgniter->handleRequest(NULL, Object(Config\Cache), false)
#12 D:\xampp7\htdocs\ci4template\public\index.php(45): CodeIgniter\CodeIgniter->run()
#13 {main}
CRITICAL - 2020-08-29 01:43:06 --> Undefined property: App\Libraries\Navigation::$session
#0 D:\xampp7\htdocs\ci4template\app\Libraries\Navigation.php(38): CodeIgniter\Debug\Exceptions->errorHandler(8, 'Undefined prope...', 'D:\\xampp7\\htdoc...', 38, Array)
#1 D:\xampp7\htdocs\ci4template\app\Libraries\Navigation.php(19): App\Libraries\Navigation->list_menu()
#2 D:\xampp7\htdocs\ci4template\app\Libraries\Navigation.php(13): App\Libraries\Navigation->gen_menu()
#3 D:\xampp7\htdocs\ci4template\vendor\codeigniter4\framework\system\View\Cell.php(149): App\Libraries\Navigation->menu()
#4 D:\xampp7\htdocs\ci4template\vendor\codeigniter4\framework\system\Common.php(1140): CodeIgniter\View\Cell->render('\\App\\Libraries\\...', NULL, 0, 'AppLibrariesNav...')
#5 D:\xampp7\htdocs\ci4template\app\Views\template\default.php(54): view_cell('\\App\\Libraries\\...')
#6 D:\xampp7\htdocs\ci4template\vendor\codeigniter4\framework\system\View\View.php(246): include('D:\\xampp7\\htdoc...')
#7 D:\xampp7\htdocs\ci4template\vendor\codeigniter4\framework\system\View\View.php(257): CodeIgniter\View\View->render('template/defaul...', Array, true)
#8 D:\xampp7\htdocs\ci4template\vendor\codeigniter4\framework\system\Common.php(1119): CodeIgniter\View\View->render('admin/admin', Array, true)
#9 D:\xampp7\htdocs\ci4template\app\Controllers\Admin\Home.php(23): view('admin/admin')
#10 D:\xampp7\htdocs\ci4template\vendor\codeigniter4\framework\system\CodeIgniter.php(918): App\Controllers\Admin\Home->index()
#11 D:\xampp7\htdocs\ci4template\vendor\codeigniter4\framework\system\CodeIgniter.php(404): CodeIgniter\CodeIgniter->runController(Object(App\Controllers\Admin\Home))
#12 D:\xampp7\htdocs\ci4template\vendor\codeigniter4\framework\system\CodeIgniter.php(312): CodeIgniter\CodeIgniter->handleRequest(NULL, Object(Config\Cache), false)
#13 D:\xampp7\htdocs\ci4template\public\index.php(45): CodeIgniter\CodeIgniter->run()
#14 D:\xampp7\htdocs\ci4template\vendor\codeigniter4\framework\system\Commands\Server\rewrite.php(34): require_once('D:\\xampp7\\htdoc...')
#15 {main}
CRITICAL - 2020-08-29 01:43:12 --> Undefined property: App\Libraries\Navigation::$session
#0 D:\xampp7\htdocs\ci4template\app\Libraries\Navigation.php(38): CodeIgniter\Debug\Exceptions->errorHandler(8, 'Undefined prope...', 'D:\\xampp7\\htdoc...', 38, Array)
#1 D:\xampp7\htdocs\ci4template\app\Libraries\Navigation.php(19): App\Libraries\Navigation->list_menu()
#2 D:\xampp7\htdocs\ci4template\app\Libraries\Navigation.php(13): App\Libraries\Navigation->gen_menu()
#3 D:\xampp7\htdocs\ci4template\vendor\codeigniter4\framework\system\View\Cell.php(149): App\Libraries\Navigation->menu()
#4 D:\xampp7\htdocs\ci4template\vendor\codeigniter4\framework\system\Common.php(1140): CodeIgniter\View\Cell->render('\\App\\Libraries\\...', NULL, 0, 'AppLibrariesNav...')
#5 D:\xampp7\htdocs\ci4template\app\Views\template\default.php(54): view_cell('\\App\\Libraries\\...')
#6 D:\xampp7\htdocs\ci4template\vendor\codeigniter4\framework\system\View\View.php(246): include('D:\\xampp7\\htdoc...')
#7 D:\xampp7\htdocs\ci4template\vendor\codeigniter4\framework\system\View\View.php(257): CodeIgniter\View\View->render('template/defaul...', Array, true)
#8 D:\xampp7\htdocs\ci4template\vendor\codeigniter4\framework\system\Common.php(1119): CodeIgniter\View\View->render('admin/admin', Array, true)
#9 D:\xampp7\htdocs\ci4template\app\Controllers\Admin\Home.php(23): view('admin/admin')
#10 D:\xampp7\htdocs\ci4template\vendor\codeigniter4\framework\system\CodeIgniter.php(918): App\Controllers\Admin\Home->index()
#11 D:\xampp7\htdocs\ci4template\vendor\codeigniter4\framework\system\CodeIgniter.php(404): CodeIgniter\CodeIgniter->runController(Object(App\Controllers\Admin\Home))
#12 D:\xampp7\htdocs\ci4template\vendor\codeigniter4\framework\system\CodeIgniter.php(312): CodeIgniter\CodeIgniter->handleRequest(NULL, Object(Config\Cache), false)
#13 D:\xampp7\htdocs\ci4template\public\index.php(45): CodeIgniter\CodeIgniter->run()
#14 {main}
CRITICAL - 2020-08-29 01:43:19 --> Undefined property: App\Libraries\Navigation::$session
#0 D:\xampp7\htdocs\ci4template\app\Libraries\Navigation.php(38): CodeIgniter\Debug\Exceptions->errorHandler(8, 'Undefined prope...', 'D:\\xampp7\\htdoc...', 38, Array)
#1 D:\xampp7\htdocs\ci4template\app\Libraries\Navigation.php(19): App\Libraries\Navigation->list_menu()
#2 D:\xampp7\htdocs\ci4template\app\Libraries\Navigation.php(13): App\Libraries\Navigation->gen_menu()
#3 D:\xampp7\htdocs\ci4template\vendor\codeigniter4\framework\system\View\Cell.php(149): App\Libraries\Navigation->menu()
#4 D:\xampp7\htdocs\ci4template\vendor\codeigniter4\framework\system\Common.php(1140): CodeIgniter\View\Cell->render('\\App\\Libraries\\...', NULL, 0, 'AppLibrariesNav...')
#5 D:\xampp7\htdocs\ci4template\app\Views\template\default.php(54): view_cell('\\App\\Libraries\\...')
#6 D:\xampp7\htdocs\ci4template\vendor\codeigniter4\framework\system\View\View.php(246): include('D:\\xampp7\\htdoc...')
#7 D:\xampp7\htdocs\ci4template\vendor\codeigniter4\framework\system\View\View.php(257): CodeIgniter\View\View->render('template/defaul...', Array, true)
#8 D:\xampp7\htdocs\ci4template\vendor\codeigniter4\framework\system\Common.php(1119): CodeIgniter\View\View->render('admin/admin', Array, true)
#9 D:\xampp7\htdocs\ci4template\app\Controllers\Admin\Home.php(23): view('admin/admin')
#10 D:\xampp7\htdocs\ci4template\vendor\codeigniter4\framework\system\CodeIgniter.php(918): App\Controllers\Admin\Home->index()
#11 D:\xampp7\htdocs\ci4template\vendor\codeigniter4\framework\system\CodeIgniter.php(404): CodeIgniter\CodeIgniter->runController(Object(App\Controllers\Admin\Home))
#12 D:\xampp7\htdocs\ci4template\vendor\codeigniter4\framework\system\CodeIgniter.php(312): CodeIgniter\CodeIgniter->handleRequest(NULL, Object(Config\Cache), false)
#13 D:\xampp7\htdocs\ci4template\public\index.php(45): CodeIgniter\CodeIgniter->run()
#14 {main}
CRITICAL - 2020-08-29 01:43:40 --> Undefined property: App\Libraries\Navigation::$session
#0 D:\xampp7\htdocs\ci4template\app\Libraries\Navigation.php(38): CodeIgniter\Debug\Exceptions->errorHandler(8, 'Undefined prope...', 'D:\\xampp7\\htdoc...', 38, Array)
#1 D:\xampp7\htdocs\ci4template\app\Libraries\Navigation.php(19): App\Libraries\Navigation->list_menu()
#2 D:\xampp7\htdocs\ci4template\app\Libraries\Navigation.php(13): App\Libraries\Navigation->gen_menu()
#3 D:\xampp7\htdocs\ci4template\vendor\codeigniter4\framework\system\View\Cell.php(149): App\Libraries\Navigation->menu()
#4 D:\xampp7\htdocs\ci4template\vendor\codeigniter4\framework\system\Common.php(1140): CodeIgniter\View\Cell->render('\\App\\Libraries\\...', NULL, 0, 'AppLibrariesNav...')
#5 D:\xampp7\htdocs\ci4template\app\Views\template\default.php(54): view_cell('\\App\\Libraries\\...')
#6 D:\xampp7\htdocs\ci4template\vendor\codeigniter4\framework\system\View\View.php(246): include('D:\\xampp7\\htdoc...')
#7 D:\xampp7\htdocs\ci4template\vendor\codeigniter4\framework\system\View\View.php(257): CodeIgniter\View\View->render('template/defaul...', Array, true)
#8 D:\xampp7\htdocs\ci4template\vendor\codeigniter4\framework\system\Common.php(1119): CodeIgniter\View\View->render('admin/admin', Array, true)
#9 D:\xampp7\htdocs\ci4template\app\Controllers\Admin\Home.php(23): view('admin/admin')
#10 D:\xampp7\htdocs\ci4template\vendor\codeigniter4\framework\system\CodeIgniter.php(918): App\Controllers\Admin\Home->index()
#11 D:\xampp7\htdocs\ci4template\vendor\codeigniter4\framework\system\CodeIgniter.php(404): CodeIgniter\CodeIgniter->runController(Object(App\Controllers\Admin\Home))
#12 D:\xampp7\htdocs\ci4template\vendor\codeigniter4\framework\system\CodeIgniter.php(312): CodeIgniter\CodeIgniter->handleRequest(NULL, Object(Config\Cache), false)
#13 D:\xampp7\htdocs\ci4template\public\index.php(45): CodeIgniter\CodeIgniter->run()
#14 {main}
CRITICAL - 2020-08-29 01:43:42 --> Undefined property: App\Libraries\Navigation::$session
#0 D:\xampp7\htdocs\ci4template\app\Libraries\Navigation.php(38): CodeIgniter\Debug\Exceptions->errorHandler(8, 'Undefined prope...', 'D:\\xampp7\\htdoc...', 38, Array)
#1 D:\xampp7\htdocs\ci4template\app\Libraries\Navigation.php(19): App\Libraries\Navigation->list_menu()
#2 D:\xampp7\htdocs\ci4template\app\Libraries\Navigation.php(13): App\Libraries\Navigation->gen_menu()
#3 D:\xampp7\htdocs\ci4template\vendor\codeigniter4\framework\system\View\Cell.php(149): App\Libraries\Navigation->menu()
#4 D:\xampp7\htdocs\ci4template\vendor\codeigniter4\framework\system\Common.php(1140): CodeIgniter\View\Cell->render('\\App\\Libraries\\...', NULL, 0, 'AppLibrariesNav...')
#5 D:\xampp7\htdocs\ci4template\app\Views\template\default.php(54): view_cell('\\App\\Libraries\\...')
#6 D:\xampp7\htdocs\ci4template\vendor\codeigniter4\framework\system\View\View.php(246): include('D:\\xampp7\\htdoc...')
#7 D:\xampp7\htdocs\ci4template\vendor\codeigniter4\framework\system\View\View.php(257): CodeIgniter\View\View->render('template/defaul...', Array, true)
#8 D:\xampp7\htdocs\ci4template\vendor\codeigniter4\framework\system\Common.php(1119): CodeIgniter\View\View->render('admin/admin', Array, true)
#9 D:\xampp7\htdocs\ci4template\app\Controllers\Admin\Home.php(23): view('admin/admin')
#10 D:\xampp7\htdocs\ci4template\vendor\codeigniter4\framework\system\CodeIgniter.php(918): App\Controllers\Admin\Home->index()
#11 D:\xampp7\htdocs\ci4template\vendor\codeigniter4\framework\system\CodeIgniter.php(404): CodeIgniter\CodeIgniter->runController(Object(App\Controllers\Admin\Home))
#12 D:\xampp7\htdocs\ci4template\vendor\codeigniter4\framework\system\CodeIgniter.php(312): CodeIgniter\CodeIgniter->handleRequest(NULL, Object(Config\Cache), false)
#13 D:\xampp7\htdocs\ci4template\public\index.php(45): CodeIgniter\CodeIgniter->run()
#14 {main}
CRITICAL - 2020-08-29 01:43:43 --> Undefined property: App\Libraries\Navigation::$session
#0 D:\xampp7\htdocs\ci4template\app\Libraries\Navigation.php(38): CodeIgniter\Debug\Exceptions->errorHandler(8, 'Undefined prope...', 'D:\\xampp7\\htdoc...', 38, Array)
#1 D:\xampp7\htdocs\ci4template\app\Libraries\Navigation.php(19): App\Libraries\Navigation->list_menu()
#2 D:\xampp7\htdocs\ci4template\app\Libraries\Navigation.php(13): App\Libraries\Navigation->gen_menu()
#3 D:\xampp7\htdocs\ci4template\vendor\codeigniter4\framework\system\View\Cell.php(149): App\Libraries\Navigation->menu()
#4 D:\xampp7\htdocs\ci4template\vendor\codeigniter4\framework\system\Common.php(1140): CodeIgniter\View\Cell->render('\\App\\Libraries\\...', NULL, 0, 'AppLibrariesNav...')
#5 D:\xampp7\htdocs\ci4template\app\Views\template\default.php(54): view_cell('\\App\\Libraries\\...')
#6 D:\xampp7\htdocs\ci4template\vendor\codeigniter4\framework\system\View\View.php(246): include('D:\\xampp7\\htdoc...')
#7 D:\xampp7\htdocs\ci4template\vendor\codeigniter4\framework\system\View\View.php(257): CodeIgniter\View\View->render('template/defaul...', Array, true)
#8 D:\xampp7\htdocs\ci4template\vendor\codeigniter4\framework\system\Common.php(1119): CodeIgniter\View\View->render('admin/admin', Array, true)
#9 D:\xampp7\htdocs\ci4template\app\Controllers\Admin\Home.php(23): view('admin/admin')
#10 D:\xampp7\htdocs\ci4template\vendor\codeigniter4\framework\system\CodeIgniter.php(918): App\Controllers\Admin\Home->index()
#11 D:\xampp7\htdocs\ci4template\vendor\codeigniter4\framework\system\CodeIgniter.php(404): CodeIgniter\CodeIgniter->runController(Object(App\Controllers\Admin\Home))
#12 D:\xampp7\htdocs\ci4template\vendor\codeigniter4\framework\system\CodeIgniter.php(312): CodeIgniter\CodeIgniter->handleRequest(NULL, Object(Config\Cache), false)
#13 D:\xampp7\htdocs\ci4template\public\index.php(45): CodeIgniter\CodeIgniter->run()
#14 {main}
CRITICAL - 2020-08-29 01:43:48 --> Undefined property: App\Libraries\Navigation::$session
#0 D:\xampp7\htdocs\ci4template\app\Libraries\Navigation.php(38): CodeIgniter\Debug\Exceptions->errorHandler(8, 'Undefined prope...', 'D:\\xampp7\\htdoc...', 38, Array)
#1 D:\xampp7\htdocs\ci4template\app\Libraries\Navigation.php(19): App\Libraries\Navigation->list_menu()
#2 D:\xampp7\htdocs\ci4template\app\Libraries\Navigation.php(13): App\Libraries\Navigation->gen_menu()
#3 D:\xampp7\htdocs\ci4template\vendor\codeigniter4\framework\system\View\Cell.php(149): App\Libraries\Navigation->menu()
#4 D:\xampp7\htdocs\ci4template\vendor\codeigniter4\framework\system\Common.php(1140): CodeIgniter\View\Cell->render('\\App\\Libraries\\...', NULL, 0, 'AppLibrariesNav...')
#5 D:\xampp7\htdocs\ci4template\app\Views\template\default.php(54): view_cell('\\App\\Libraries\\...')
#6 D:\xampp7\htdocs\ci4template\vendor\codeigniter4\framework\system\View\View.php(246): include('D:\\xampp7\\htdoc...')
#7 D:\xampp7\htdocs\ci4template\vendor\codeigniter4\framework\system\View\View.php(257): CodeIgniter\View\View->render('template/defaul...', Array, true)
#8 D:\xampp7\htdocs\ci4template\vendor\codeigniter4\framework\system\Common.php(1119): CodeIgniter\View\View->render('admin/admin', Array, true)
#9 D:\xampp7\htdocs\ci4template\app\Controllers\Admin\Home.php(23): view('admin/admin')
#10 D:\xampp7\htdocs\ci4template\vendor\codeigniter4\framework\system\CodeIgniter.php(918): App\Controllers\Admin\Home->index()
#11 D:\xampp7\htdocs\ci4template\vendor\codeigniter4\framework\system\CodeIgniter.php(404): CodeIgniter\CodeIgniter->runController(Object(App\Controllers\Admin\Home))
#12 D:\xampp7\htdocs\ci4template\vendor\codeigniter4\framework\system\CodeIgniter.php(312): CodeIgniter\CodeIgniter->handleRequest(NULL, Object(Config\Cache), false)
#13 D:\xampp7\htdocs\ci4template\public\index.php(45): CodeIgniter\CodeIgniter->run()
#14 {main}
CRITICAL - 2020-08-29 01:43:48 --> Undefined property: App\Libraries\Navigation::$session
#0 D:\xampp7\htdocs\ci4template\app\Libraries\Navigation.php(38): CodeIgniter\Debug\Exceptions->errorHandler(8, 'Undefined prope...', 'D:\\xampp7\\htdoc...', 38, Array)
#1 D:\xampp7\htdocs\ci4template\app\Libraries\Navigation.php(19): App\Libraries\Navigation->list_menu()
#2 D:\xampp7\htdocs\ci4template\app\Libraries\Navigation.php(13): App\Libraries\Navigation->gen_menu()
#3 D:\xampp7\htdocs\ci4template\vendor\codeigniter4\framework\system\View\Cell.php(149): App\Libraries\Navigation->menu()
#4 D:\xampp7\htdocs\ci4template\vendor\codeigniter4\framework\system\Common.php(1140): CodeIgniter\View\Cell->render('\\App\\Libraries\\...', NULL, 0, 'AppLibrariesNav...')
#5 D:\xampp7\htdocs\ci4template\app\Views\template\default.php(54): view_cell('\\App\\Libraries\\...')
#6 D:\xampp7\htdocs\ci4template\vendor\codeigniter4\framework\system\View\View.php(246): include('D:\\xampp7\\htdoc...')
#7 D:\xampp7\htdocs\ci4template\vendor\codeigniter4\framework\system\View\View.php(257): CodeIgniter\View\View->render('template/defaul...', Array, true)
#8 D:\xampp7\htdocs\ci4template\vendor\codeigniter4\framework\system\Common.php(1119): CodeIgniter\View\View->render('admin/admin', Array, true)
#9 D:\xampp7\htdocs\ci4template\app\Controllers\Admin\Home.php(23): view('admin/admin')
#10 D:\xampp7\htdocs\ci4template\vendor\codeigniter4\framework\system\CodeIgniter.php(918): App\Controllers\Admin\Home->index()
#11 D:\xampp7\htdocs\ci4template\vendor\codeigniter4\framework\system\CodeIgniter.php(404): CodeIgniter\CodeIgniter->runController(Object(App\Controllers\Admin\Home))
#12 D:\xampp7\htdocs\ci4template\vendor\codeigniter4\framework\system\CodeIgniter.php(312): CodeIgniter\CodeIgniter->handleRequest(NULL, Object(Config\Cache), false)
#13 D:\xampp7\htdocs\ci4template\public\index.php(45): CodeIgniter\CodeIgniter->run()
#14 {main}
CRITICAL - 2020-08-29 01:43:49 --> Undefined property: App\Libraries\Navigation::$session
#0 D:\xampp7\htdocs\ci4template\app\Libraries\Navigation.php(38): CodeIgniter\Debug\Exceptions->errorHandler(8, 'Undefined prope...', 'D:\\xampp7\\htdoc...', 38, Array)
#1 D:\xampp7\htdocs\ci4template\app\Libraries\Navigation.php(19): App\Libraries\Navigation->list_menu()
#2 D:\xampp7\htdocs\ci4template\app\Libraries\Navigation.php(13): App\Libraries\Navigation->gen_menu()
#3 D:\xampp7\htdocs\ci4template\vendor\codeigniter4\framework\system\View\Cell.php(149): App\Libraries\Navigation->menu()
#4 D:\xampp7\htdocs\ci4template\vendor\codeigniter4\framework\system\Common.php(1140): CodeIgniter\View\Cell->render('\\App\\Libraries\\...', NULL, 0, 'AppLibrariesNav...')
#5 D:\xampp7\htdocs\ci4template\app\Views\template\default.php(54): view_cell('\\App\\Libraries\\...')
#6 D:\xampp7\htdocs\ci4template\vendor\codeigniter4\framework\system\View\View.php(246): include('D:\\xampp7\\htdoc...')
#7 D:\xampp7\htdocs\ci4template\vendor\codeigniter4\framework\system\View\View.php(257): CodeIgniter\View\View->render('template/defaul...', Array, true)
#8 D:\xampp7\htdocs\ci4template\vendor\codeigniter4\framework\system\Common.php(1119): CodeIgniter\View\View->render('admin/admin', Array, true)
#9 D:\xampp7\htdocs\ci4template\app\Controllers\Admin\Home.php(23): view('admin/admin')
#10 D:\xampp7\htdocs\ci4template\vendor\codeigniter4\framework\system\CodeIgniter.php(918): App\Controllers\Admin\Home->index()
#11 D:\xampp7\htdocs\ci4template\vendor\codeigniter4\framework\system\CodeIgniter.php(404): CodeIgniter\CodeIgniter->runController(Object(App\Controllers\Admin\Home))
#12 D:\xampp7\htdocs\ci4template\vendor\codeigniter4\framework\system\CodeIgniter.php(312): CodeIgniter\CodeIgniter->handleRequest(NULL, Object(Config\Cache), false)
#13 D:\xampp7\htdocs\ci4template\public\index.php(45): CodeIgniter\CodeIgniter->run()
#14 {main}
CRITICAL - 2020-08-29 01:43:54 --> Undefined property: App\Libraries\Navigation::$session
#0 D:\xampp7\htdocs\ci4template\app\Libraries\Navigation.php(38): CodeIgniter\Debug\Exceptions->errorHandler(8, 'Undefined prope...', 'D:\\xampp7\\htdoc...', 38, Array)
#1 D:\xampp7\htdocs\ci4template\app\Libraries\Navigation.php(19): App\Libraries\Navigation->list_menu()
#2 D:\xampp7\htdocs\ci4template\app\Libraries\Navigation.php(13): App\Libraries\Navigation->gen_menu()
#3 D:\xampp7\htdocs\ci4template\vendor\codeigniter4\framework\system\View\Cell.php(149): App\Libraries\Navigation->menu()
#4 D:\xampp7\htdocs\ci4template\vendor\codeigniter4\framework\system\Common.php(1140): CodeIgniter\View\Cell->render('\\App\\Libraries\\...', NULL, 0, 'AppLibrariesNav...')
#5 D:\xampp7\htdocs\ci4template\app\Views\template\default.php(54): view_cell('\\App\\Libraries\\...')
#6 D:\xampp7\htdocs\ci4template\vendor\codeigniter4\framework\system\View\View.php(246): include('D:\\xampp7\\htdoc...')
#7 D:\xampp7\htdocs\ci4template\vendor\codeigniter4\framework\system\View\View.php(257): CodeIgniter\View\View->render('template/defaul...', Array, true)
#8 D:\xampp7\htdocs\ci4template\vendor\codeigniter4\framework\system\Common.php(1119): CodeIgniter\View\View->render('admin/admin', Array, true)
#9 D:\xampp7\htdocs\ci4template\app\Controllers\Admin\Home.php(23): view('admin/admin')
#10 D:\xampp7\htdocs\ci4template\vendor\codeigniter4\framework\system\CodeIgniter.php(918): App\Controllers\Admin\Home->index()
#11 D:\xampp7\htdocs\ci4template\vendor\codeigniter4\framework\system\CodeIgniter.php(404): CodeIgniter\CodeIgniter->runController(Object(App\Controllers\Admin\Home))
#12 D:\xampp7\htdocs\ci4template\vendor\codeigniter4\framework\system\CodeIgniter.php(312): CodeIgniter\CodeIgniter->handleRequest(NULL, Object(Config\Cache), false)
#13 D:\xampp7\htdocs\ci4template\public\index.php(45): CodeIgniter\CodeIgniter->run()
#14 {main}
CRITICAL - 2020-08-29 01:43:57 --> Undefined property: App\Libraries\Navigation::$session
#0 D:\xampp7\htdocs\ci4template\app\Libraries\Navigation.php(38): CodeIgniter\Debug\Exceptions->errorHandler(8, 'Undefined prope...', 'D:\\xampp7\\htdoc...', 38, Array)
#1 D:\xampp7\htdocs\ci4template\app\Libraries\Navigation.php(19): App\Libraries\Navigation->list_menu()
#2 D:\xampp7\htdocs\ci4template\app\Libraries\Navigation.php(13): App\Libraries\Navigation->gen_menu()
#3 D:\xampp7\htdocs\ci4template\vendor\codeigniter4\framework\system\View\Cell.php(149): App\Libraries\Navigation->menu()
#4 D:\xampp7\htdocs\ci4template\vendor\codeigniter4\framework\system\Common.php(1140): CodeIgniter\View\Cell->render('\\App\\Libraries\\...', NULL, 0, 'AppLibrariesNav...')
#5 D:\xampp7\htdocs\ci4template\app\Views\template\default.php(54): view_cell('\\App\\Libraries\\...')
#6 D:\xampp7\htdocs\ci4template\vendor\codeigniter4\framework\system\View\View.php(246): include('D:\\xampp7\\htdoc...')
#7 D:\xampp7\htdocs\ci4template\vendor\codeigniter4\framework\system\View\View.php(257): CodeIgniter\View\View->render('template/defaul...', Array, true)
#8 D:\xampp7\htdocs\ci4template\vendor\codeigniter4\framework\system\Common.php(1119): CodeIgniter\View\View->render('admin/admin', Array, true)
#9 D:\xampp7\htdocs\ci4template\app\Controllers\Admin\Home.php(23): view('admin/admin')
#10 D:\xampp7\htdocs\ci4template\vendor\codeigniter4\framework\system\CodeIgniter.php(918): App\Controllers\Admin\Home->index()
#11 D:\xampp7\htdocs\ci4template\vendor\codeigniter4\framework\system\CodeIgniter.php(404): CodeIgniter\CodeIgniter->runController(Object(App\Controllers\Admin\Home))
#12 D:\xampp7\htdocs\ci4template\vendor\codeigniter4\framework\system\CodeIgniter.php(312): CodeIgniter\CodeIgniter->handleRequest(NULL, Object(Config\Cache), false)
#13 D:\xampp7\htdocs\ci4template\public\index.php(45): CodeIgniter\CodeIgniter->run()
#14 {main}
CRITICAL - 2020-08-29 01:43:58 --> Undefined property: App\Libraries\Navigation::$session
#0 D:\xampp7\htdocs\ci4template\app\Libraries\Navigation.php(38): CodeIgniter\Debug\Exceptions->errorHandler(8, 'Undefined prope...', 'D:\\xampp7\\htdoc...', 38, Array)
#1 D:\xampp7\htdocs\ci4template\app\Libraries\Navigation.php(19): App\Libraries\Navigation->list_menu()
#2 D:\xampp7\htdocs\ci4template\app\Libraries\Navigation.php(13): App\Libraries\Navigation->gen_menu()
#3 D:\xampp7\htdocs\ci4template\vendor\codeigniter4\framework\system\View\Cell.php(149): App\Libraries\Navigation->menu()
#4 D:\xampp7\htdocs\ci4template\vendor\codeigniter4\framework\system\Common.php(1140): CodeIgniter\View\Cell->render('\\App\\Libraries\\...', NULL, 0, 'AppLibrariesNav...')
#5 D:\xampp7\htdocs\ci4template\app\Views\template\default.php(54): view_cell('\\App\\Libraries\\...')
#6 D:\xampp7\htdocs\ci4template\vendor\codeigniter4\framework\system\View\View.php(246): include('D:\\xampp7\\htdoc...')
#7 D:\xampp7\htdocs\ci4template\vendor\codeigniter4\framework\system\View\View.php(257): CodeIgniter\View\View->render('template/defaul...', Array, true)
#8 D:\xampp7\htdocs\ci4template\vendor\codeigniter4\framework\system\Common.php(1119): CodeIgniter\View\View->render('admin/admin', Array, true)
#9 D:\xampp7\htdocs\ci4template\app\Controllers\Admin\Home.php(23): view('admin/admin')
#10 D:\xampp7\htdocs\ci4template\vendor\codeigniter4\framework\system\CodeIgniter.php(918): App\Controllers\Admin\Home->index()
#11 D:\xampp7\htdocs\ci4template\vendor\codeigniter4\framework\system\CodeIgniter.php(404): CodeIgniter\CodeIgniter->runController(Object(App\Controllers\Admin\Home))
#12 D:\xampp7\htdocs\ci4template\vendor\codeigniter4\framework\system\CodeIgniter.php(312): CodeIgniter\CodeIgniter->handleRequest(NULL, Object(Config\Cache), false)
#13 D:\xampp7\htdocs\ci4template\public\index.php(45): CodeIgniter\CodeIgniter->run()
#14 {main}
CRITICAL - 2020-08-29 02:04:57 --> Class 'App\Controllers\Admin\Grid' not found
#0 D:\xampp7\htdocs\ci4template\app\Controllers\Admin\Home.php(24): App\Controllers\Admin\Home->grid()
#1 D:\xampp7\htdocs\ci4template\vendor\codeigniter4\framework\system\CodeIgniter.php(918): App\Controllers\Admin\Home->index()
#2 D:\xampp7\htdocs\ci4template\vendor\codeigniter4\framework\system\CodeIgniter.php(404): CodeIgniter\CodeIgniter->runController(Object(App\Controllers\Admin\Home))
#3 D:\xampp7\htdocs\ci4template\vendor\codeigniter4\framework\system\CodeIgniter.php(312): CodeIgniter\CodeIgniter->handleRequest(NULL, Object(Config\Cache), false)
#4 D:\xampp7\htdocs\ci4template\public\index.php(45): CodeIgniter\CodeIgniter->run()
#5 {main}
CRITICAL - 2020-08-29 02:05:37 --> Undefined variable: search
#0 D:\xampp7\htdocs\ci4template\app\Views\admin\admin.php(9): CodeIgniter\Debug\Exceptions->errorHandler(8, 'Undefined varia...', 'D:\\xampp7\\htdoc...', 9, Array)
#1 D:\xampp7\htdocs\ci4template\vendor\codeigniter4\framework\system\View\View.php(246): include('D:\\xampp7\\htdoc...')
#2 D:\xampp7\htdocs\ci4template\vendor\codeigniter4\framework\system\Common.php(1119): CodeIgniter\View\View->render('admin/admin', Array, true)
#3 D:\xampp7\htdocs\ci4template\app\Controllers\Admin\Home.php(27): view('admin/admin', Array)
#4 D:\xampp7\htdocs\ci4template\vendor\codeigniter4\framework\system\CodeIgniter.php(918): App\Controllers\Admin\Home->index()
#5 D:\xampp7\htdocs\ci4template\vendor\codeigniter4\framework\system\CodeIgniter.php(404): CodeIgniter\CodeIgniter->runController(Object(App\Controllers\Admin\Home))
#6 D:\xampp7\htdocs\ci4template\vendor\codeigniter4\framework\system\CodeIgniter.php(312): CodeIgniter\CodeIgniter->handleRequest(NULL, Object(Config\Cache), false)
#7 D:\xampp7\htdocs\ci4template\public\index.php(45): CodeIgniter\CodeIgniter->run()
#8 {main}
CRITICAL - 2020-08-29 02:05:39 --> Undefined variable: search
#0 D:\xampp7\htdocs\ci4template\app\Views\admin\admin.php(9): CodeIgniter\Debug\Exceptions->errorHandler(8, 'Undefined varia...', 'D:\\xampp7\\htdoc...', 9, Array)
#1 D:\xampp7\htdocs\ci4template\vendor\codeigniter4\framework\system\View\View.php(246): include('D:\\xampp7\\htdoc...')
#2 D:\xampp7\htdocs\ci4template\vendor\codeigniter4\framework\system\Common.php(1119): CodeIgniter\View\View->render('admin/admin', Array, true)
#3 D:\xampp7\htdocs\ci4template\app\Controllers\Admin\Home.php(27): view('admin/admin', Array)
#4 D:\xampp7\htdocs\ci4template\vendor\codeigniter4\framework\system\CodeIgniter.php(918): App\Controllers\Admin\Home->index()
#5 D:\xampp7\htdocs\ci4template\vendor\codeigniter4\framework\system\CodeIgniter.php(404): CodeIgniter\CodeIgniter->runController(Object(App\Controllers\Admin\Home))
#6 D:\xampp7\htdocs\ci4template\vendor\codeigniter4\framework\system\CodeIgniter.php(312): CodeIgniter\CodeIgniter->handleRequest(NULL, Object(Config\Cache), false)
#7 D:\xampp7\htdocs\ci4template\public\index.php(45): CodeIgniter\CodeIgniter->run()
#8 {main}
CRITICAL - 2020-08-29 02:05:47 --> Undefined variable: search
#0 D:\xampp7\htdocs\ci4template\app\Views\admin\admin.php(9): CodeIgniter\Debug\Exceptions->errorHandler(8, 'Undefined varia...', 'D:\\xampp7\\htdoc...', 9, Array)
#1 D:\xampp7\htdocs\ci4template\vendor\codeigniter4\framework\system\View\View.php(246): include('D:\\xampp7\\htdoc...')
#2 D:\xampp7\htdocs\ci4template\vendor\codeigniter4\framework\system\Common.php(1119): CodeIgniter\View\View->render('admin/admin', Array, true)
#3 D:\xampp7\htdocs\ci4template\app\Controllers\Admin\Home.php(27): view('admin/admin', Array)
#4 D:\xampp7\htdocs\ci4template\vendor\codeigniter4\framework\system\CodeIgniter.php(918): App\Controllers\Admin\Home->index()
#5 D:\xampp7\htdocs\ci4template\vendor\codeigniter4\framework\system\CodeIgniter.php(404): CodeIgniter\CodeIgniter->runController(Object(App\Controllers\Admin\Home))
#6 D:\xampp7\htdocs\ci4template\vendor\codeigniter4\framework\system\CodeIgniter.php(312): CodeIgniter\CodeIgniter->handleRequest(NULL, Object(Config\Cache), false)
#7 D:\xampp7\htdocs\ci4template\public\index.php(45): CodeIgniter\CodeIgniter->run()
#8 {main}
CRITICAL - 2020-08-29 02:05:49 --> Undefined variable: search
#0 D:\xampp7\htdocs\ci4template\app\Views\admin\admin.php(9): CodeIgniter\Debug\Exceptions->errorHandler(8, 'Undefined varia...', 'D:\\xampp7\\htdoc...', 9, Array)
#1 D:\xampp7\htdocs\ci4template\vendor\codeigniter4\framework\system\View\View.php(246): include('D:\\xampp7\\htdoc...')
#2 D:\xampp7\htdocs\ci4template\vendor\codeigniter4\framework\system\Common.php(1119): CodeIgniter\View\View->render('admin/admin', Array, true)
#3 D:\xampp7\htdocs\ci4template\app\Controllers\Admin\Home.php(27): view('admin/admin', Array)
#4 D:\xampp7\htdocs\ci4template\vendor\codeigniter4\framework\system\CodeIgniter.php(918): App\Controllers\Admin\Home->index()
#5 D:\xampp7\htdocs\ci4template\vendor\codeigniter4\framework\system\CodeIgniter.php(404): CodeIgniter\CodeIgniter->runController(Object(App\Controllers\Admin\Home))
#6 D:\xampp7\htdocs\ci4template\vendor\codeigniter4\framework\system\CodeIgniter.php(312): CodeIgniter\CodeIgniter->handleRequest(NULL, Object(Config\Cache), false)
#7 D:\xampp7\htdocs\ci4template\public\index.php(45): CodeIgniter\CodeIgniter->run()
#8 {main}
CRITICAL - 2020-08-29 02:07:32 --> Class 'Datasource' not found
#0 D:\xampp7\htdocs\ci4template\app\Libraries\SmartComponent\Grid.php(88): App\Libraries\SmartComponent\Grid->get_datasource()
#1 D:\xampp7\htdocs\ci4template\app\Controllers\Coba.php(70): App\Libraries\SmartComponent\Grid->output()
#2 D:\xampp7\htdocs\ci4template\vendor\codeigniter4\framework\system\CodeIgniter.php(918): App\Controllers\Coba->grid()
#3 D:\xampp7\htdocs\ci4template\vendor\codeigniter4\framework\system\CodeIgniter.php(404): CodeIgniter\CodeIgniter->runController(Object(App\Controllers\Coba))
#4 D:\xampp7\htdocs\ci4template\vendor\codeigniter4\framework\system\CodeIgniter.php(312): CodeIgniter\CodeIgniter->handleRequest(NULL, Object(Config\Cache), false)
#5 D:\xampp7\htdocs\ci4template\public\index.php(45): CodeIgniter\CodeIgniter->run()
#6 {main}
CRITICAL - 2020-08-29 02:07:33 --> Class 'Datasource' not found
#0 D:\xampp7\htdocs\ci4template\app\Libraries\SmartComponent\Grid.php(88): App\Libraries\SmartComponent\Grid->get_datasource()
#1 D:\xampp7\htdocs\ci4template\app\Controllers\Coba.php(70): App\Libraries\SmartComponent\Grid->output()
#2 D:\xampp7\htdocs\ci4template\vendor\codeigniter4\framework\system\CodeIgniter.php(918): App\Controllers\Coba->grid()
#3 D:\xampp7\htdocs\ci4template\vendor\codeigniter4\framework\system\CodeIgniter.php(404): CodeIgniter\CodeIgniter->runController(Object(App\Controllers\Coba))
#4 D:\xampp7\htdocs\ci4template\vendor\codeigniter4\framework\system\CodeIgniter.php(312): CodeIgniter\CodeIgniter->handleRequest(NULL, Object(Config\Cache), false)
#5 D:\xampp7\htdocs\ci4template\public\index.php(45): CodeIgniter\CodeIgniter->run()
#6 {main}
CRITICAL - 2020-08-29 02:07:36 --> Class 'Datasource' not found
#0 D:\xampp7\htdocs\ci4template\app\Libraries\SmartComponent\Grid.php(88): App\Libraries\SmartComponent\Grid->get_datasource()
#1 D:\xampp7\htdocs\ci4template\app\Controllers\Coba.php(70): App\Libraries\SmartComponent\Grid->output()
#2 D:\xampp7\htdocs\ci4template\vendor\codeigniter4\framework\system\CodeIgniter.php(918): App\Controllers\Coba->grid()
#3 D:\xampp7\htdocs\ci4template\vendor\codeigniter4\framework\system\CodeIgniter.php(404): CodeIgniter\CodeIgniter->runController(Object(App\Controllers\Coba))
#4 D:\xampp7\htdocs\ci4template\vendor\codeigniter4\framework\system\CodeIgniter.php(312): CodeIgniter\CodeIgniter->handleRequest(NULL, Object(Config\Cache), false)
#5 D:\xampp7\htdocs\ci4template\public\index.php(45): CodeIgniter\CodeIgniter->run()
#6 {main}
CRITICAL - 2020-08-29 02:09:58 --> Undefined property: App\Controllers\Admin\Home::$input
#0 D:\xampp7\htdocs\ci4template\app\Controllers\Admin\Home.php(97): CodeIgniter\Debug\Exceptions->errorHandler(8, 'Undefined prope...', 'D:\\xampp7\\htdoc...', 97, Array)
#1 D:\xampp7\htdocs\ci4template\app\Controllers\Admin\Home.php(27): App\Controllers\Admin\Home->search()
#2 D:\xampp7\htdocs\ci4template\vendor\codeigniter4\framework\system\CodeIgniter.php(918): App\Controllers\Admin\Home->index()
#3 D:\xampp7\htdocs\ci4template\vendor\codeigniter4\framework\system\CodeIgniter.php(404): CodeIgniter\CodeIgniter->runController(Object(App\Controllers\Admin\Home))
#4 D:\xampp7\htdocs\ci4template\vendor\codeigniter4\framework\system\CodeIgniter.php(312): CodeIgniter\CodeIgniter->handleRequest(NULL, Object(Config\Cache), false)
#5 D:\xampp7\htdocs\ci4template\public\index.php(45): CodeIgniter\CodeIgniter->run()
#6 {main}
CRITICAL - 2020-08-29 02:10:07 --> Undefined property: App\Controllers\Admin\Home::$input
#0 D:\xampp7\htdocs\ci4template\app\Controllers\Admin\Home.php(97): CodeIgniter\Debug\Exceptions->errorHandler(8, 'Undefined prope...', 'D:\\xampp7\\htdoc...', 97, Array)
#1 D:\xampp7\htdocs\ci4template\app\Controllers\Admin\Home.php(27): App\Controllers\Admin\Home->search()
#2 D:\xampp7\htdocs\ci4template\vendor\codeigniter4\framework\system\CodeIgniter.php(918): App\Controllers\Admin\Home->index()
#3 D:\xampp7\htdocs\ci4template\vendor\codeigniter4\framework\system\CodeIgniter.php(404): CodeIgniter\CodeIgniter->runController(Object(App\Controllers\Admin\Home))
#4 D:\xampp7\htdocs\ci4template\vendor\codeigniter4\framework\system\CodeIgniter.php(312): CodeIgniter\CodeIgniter->handleRequest(NULL, Object(Config\Cache), false)
#5 D:\xampp7\htdocs\ci4template\public\index.php(45): CodeIgniter\CodeIgniter->run()
#6 {main}
CRITICAL - 2020-08-29 02:10:38 --> Call to undefined method CodeIgniter\HTTP\IncomingRequest::get()
#0 D:\xampp7\htdocs\ci4template\app\Controllers\Admin\Home.php(27): App\Controllers\Admin\Home->search()
#1 D:\xampp7\htdocs\ci4template\vendor\codeigniter4\framework\system\CodeIgniter.php(918): App\Controllers\Admin\Home->index()
#2 D:\xampp7\htdocs\ci4template\vendor\codeigniter4\framework\system\CodeIgniter.php(404): CodeIgniter\CodeIgniter->runController(Object(App\Controllers\Admin\Home))
#3 D:\xampp7\htdocs\ci4template\vendor\codeigniter4\framework\system\CodeIgniter.php(312): CodeIgniter\CodeIgniter->handleRequest(NULL, Object(Config\Cache), false)
#4 D:\xampp7\htdocs\ci4template\public\index.php(45): CodeIgniter\CodeIgniter->run()
#5 {main}
CRITICAL - 2020-08-29 02:11:10 --> Undefined variable: tgl_awal
#0 D:\xampp7\htdocs\ci4template\app\Controllers\Admin\Home.php(98): CodeIgniter\Debug\Exceptions->errorHandler(8, 'Undefined varia...', 'D:\\xampp7\\htdoc...', 98, Array)
#1 D:\xampp7\htdocs\ci4template\app\Controllers\Admin\Home.php(27): App\Controllers\Admin\Home->search()
#2 D:\xampp7\htdocs\ci4template\vendor\codeigniter4\framework\system\CodeIgniter.php(918): App\Controllers\Admin\Home->index()
#3 D:\xampp7\htdocs\ci4template\vendor\codeigniter4\framework\system\CodeIgniter.php(404): CodeIgniter\CodeIgniter->runController(Object(App\Controllers\Admin\Home))
#4 D:\xampp7\htdocs\ci4template\vendor\codeigniter4\framework\system\CodeIgniter.php(312): CodeIgniter\CodeIgniter->handleRequest(NULL, Object(Config\Cache), false)
#5 D:\xampp7\htdocs\ci4template\public\index.php(45): CodeIgniter\CodeIgniter->run()
#6 {main}
CRITICAL - 2020-08-29 02:11:12 --> Undefined variable: tgl_awal
#0 D:\xampp7\htdocs\ci4template\app\Controllers\Admin\Home.php(98): CodeIgniter\Debug\Exceptions->errorHandler(8, 'Undefined varia...', 'D:\\xampp7\\htdoc...', 98, Array)
#1 D:\xampp7\htdocs\ci4template\app\Controllers\Admin\Home.php(27): App\Controllers\Admin\Home->search()
#2 D:\xampp7\htdocs\ci4template\vendor\codeigniter4\framework\system\CodeIgniter.php(918): App\Controllers\Admin\Home->index()
#3 D:\xampp7\htdocs\ci4template\vendor\codeigniter4\framework\system\CodeIgniter.php(404): CodeIgniter\CodeIgniter->runController(Object(App\Controllers\Admin\Home))
#4 D:\xampp7\htdocs\ci4template\vendor\codeigniter4\framework\system\CodeIgniter.php(312): CodeIgniter\CodeIgniter->handleRequest(NULL, Object(Config\Cache), false)
#5 D:\xampp7\htdocs\ci4template\public\index.php(45): CodeIgniter\CodeIgniter->run()
#6 {main}
CRITICAL - 2020-08-29 02:11:24 --> Undefined variable: title
#0 D:\xampp7\htdocs\ci4template\app\Views\admin\admin.php(8): CodeIgniter\Debug\Exceptions->errorHandler(8, 'Undefined varia...', 'D:\\xampp7\\htdoc...', 8, Array)
#1 D:\xampp7\htdocs\ci4template\vendor\codeigniter4\framework\system\View\View.php(246): include('D:\\xampp7\\htdoc...')
#2 D:\xampp7\htdocs\ci4template\vendor\codeigniter4\framework\system\Common.php(1119): CodeIgniter\View\View->render('admin/admin', Array, true)
#3 D:\xampp7\htdocs\ci4template\app\Controllers\Admin\Home.php(29): view('admin/admin', Array)
#4 D:\xampp7\htdocs\ci4template\vendor\codeigniter4\framework\system\CodeIgniter.php(918): App\Controllers\Admin\Home->index()
#5 D:\xampp7\htdocs\ci4template\vendor\codeigniter4\framework\system\CodeIgniter.php(404): CodeIgniter\CodeIgniter->runController(Object(App\Controllers\Admin\Home))
#6 D:\xampp7\htdocs\ci4template\vendor\codeigniter4\framework\system\CodeIgniter.php(312): CodeIgniter\CodeIgniter->handleRequest(NULL, Object(Config\Cache), false)
#7 D:\xampp7\htdocs\ci4template\public\index.php(45): CodeIgniter\CodeIgniter->run()
#8 {main}
CRITICAL - 2020-08-29 02:11:28 --> Undefined variable: title
#0 D:\xampp7\htdocs\ci4template\app\Views\admin\admin.php(8): CodeIgniter\Debug\Exceptions->errorHandler(8, 'Undefined varia...', 'D:\\xampp7\\htdoc...', 8, Array)
#1 D:\xampp7\htdocs\ci4template\vendor\codeigniter4\framework\system\View\View.php(246): include('D:\\xampp7\\htdoc...')
#2 D:\xampp7\htdocs\ci4template\vendor\codeigniter4\framework\system\Common.php(1119): CodeIgniter\View\View->render('admin/admin', Array, true)
#3 D:\xampp7\htdocs\ci4template\app\Controllers\Admin\Home.php(29): view('admin/admin', Array)
#4 D:\xampp7\htdocs\ci4template\vendor\codeigniter4\framework\system\CodeIgniter.php(918): App\Controllers\Admin\Home->index()
#5 D:\xampp7\htdocs\ci4template\vendor\codeigniter4\framework\system\CodeIgniter.php(404): CodeIgniter\CodeIgniter->runController(Object(App\Controllers\Admin\Home))
#6 D:\xampp7\htdocs\ci4template\vendor\codeigniter4\framework\system\CodeIgniter.php(312): CodeIgniter\CodeIgniter->handleRequest(NULL, Object(Config\Cache), false)
#7 D:\xampp7\htdocs\ci4template\public\index.php(45): CodeIgniter\CodeIgniter->run()
#8 {main}
CRITICAL - 2020-08-29 02:11:53 --> Class 'Datasource' not found
#0 D:\xampp7\htdocs\ci4template\app\Libraries\SmartComponent\Grid.php(88): App\Libraries\SmartComponent\Grid->get_datasource()
#1 D:\xampp7\htdocs\ci4template\app\Controllers\Coba.php(70): App\Libraries\SmartComponent\Grid->output()
#2 D:\xampp7\htdocs\ci4template\vendor\codeigniter4\framework\system\CodeIgniter.php(918): App\Controllers\Coba->grid()
#3 D:\xampp7\htdocs\ci4template\vendor\codeigniter4\framework\system\CodeIgniter.php(404): CodeIgniter\CodeIgniter->runController(Object(App\Controllers\Coba))
#4 D:\xampp7\htdocs\ci4template\vendor\codeigniter4\framework\system\CodeIgniter.php(312): CodeIgniter\CodeIgniter->handleRequest(NULL, Object(Config\Cache), false)
#5 D:\xampp7\htdocs\ci4template\public\index.php(45): CodeIgniter\CodeIgniter->run()
#6 {main}
CRITICAL - 2020-08-29 02:12:02 --> Class 'Datasource' not found
#0 D:\xampp7\htdocs\ci4template\app\Libraries\SmartComponent\Grid.php(88): App\Libraries\SmartComponent\Grid->get_datasource()
#1 D:\xampp7\htdocs\ci4template\app\Controllers\Coba.php(70): App\Libraries\SmartComponent\Grid->output()
#2 D:\xampp7\htdocs\ci4template\vendor\codeigniter4\framework\system\CodeIgniter.php(918): App\Controllers\Coba->grid()
#3 D:\xampp7\htdocs\ci4template\vendor\codeigniter4\framework\system\CodeIgniter.php(404): CodeIgniter\CodeIgniter->runController(Object(App\Controllers\Coba))
#4 D:\xampp7\htdocs\ci4template\vendor\codeigniter4\framework\system\CodeIgniter.php(312): CodeIgniter\CodeIgniter->handleRequest(NULL, Object(Config\Cache), false)
#5 D:\xampp7\htdocs\ci4template\public\index.php(45): CodeIgniter\CodeIgniter->run()
#6 {main}
