CRITICAL - 2020-10-07 03:44:29 --> Undefined index: pageSize
#0 /var/www/html/surveypasar/app/Libraries/SmartComponent/Datasource.php(55): CodeIgniter\Debug\Exceptions->errorHandler(8, 'Undefined index...', '/var/www/html/s...', 55, Array)
#1 /var/www/html/surveypasar/app/Libraries/SmartComponent/Grid.php(149): App\Libraries\SmartComponent\Datasource->run()
#2 /var/www/html/surveypasar/app/Libraries/SmartComponent/Grid.php(111): App\Libraries\SmartComponent\Grid->get_datasource()
#3 /var/www/html/surveypasar/app/Controllers/Admin/Rekap.php(72): App\Libraries\SmartComponent\Grid->output()
#4 /var/www/html/surveypasar/vendor/codeigniter4/framework/system/CodeIgniter.php(918): App\Controllers\Admin\Rekap->gridRekap()
#5 /var/www/html/surveypasar/vendor/codeigniter4/framework/system/CodeIgniter.php(404): CodeIgniter\CodeIgniter->runController(Object(App\Controllers\Admin\Rekap))
#6 /var/www/html/surveypasar/vendor/codeigniter4/framework/system/CodeIgniter.php(312): CodeIgniter\CodeIgniter->handleRequest(NULL, Object(Config\Cache), false)
#7 /var/www/html/surveypasar/public/index.php(45): CodeIgniter\CodeIgniter->run()
#8 {main}
CRITICAL - 2020-10-07 03:44:29 --> Uncaught CodeIgniter\Format\Exceptions\FormatException: Failed to parse json string, error: "Type is not supported". in /var/www/html/surveypasar/vendor/codeigniter4/framework/system/Format/Exceptions/FormatException.php:9
Stack trace:
#0 /var/www/html/surveypasar/vendor/codeigniter4/framework/system/Format/JSONFormatter.php(71): CodeIgniter\Format\Exceptions\FormatException::forInvalidJSON('Type is not sup...')
#1 /var/www/html/surveypasar/vendor/codeigniter4/framework/system/API/ResponseTrait.php(414): CodeIgniter\Format\JSONFormatter->format(Array)
#2 /var/www/html/surveypasar/vendor/codeigniter4/framework/system/API/ResponseTrait.php(134): CodeIgniter\Debug\Exceptions->format(Array)
#3 /var/www/html/surveypasar/vendor/codeigniter4/framework/system/Debug/Exceptions.php(168): CodeIgniter\Debug\Exceptions->respond(Array, 500)
#4 [internal function]: CodeIgniter\Debug\Exceptions->exceptionHandler(Object(ErrorException))
#5 {main}
  thrown
#0 [internal function]: CodeIgniter\Debug\Exceptions->shutdownHandler()
#1 {main}
CRITICAL - 2020-10-07 03:44:32 --> Undefined index: pageSize
#0 /var/www/html/surveypasar/app/Libraries/SmartComponent/Datasource.php(55): CodeIgniter\Debug\Exceptions->errorHandler(8, 'Undefined index...', '/var/www/html/s...', 55, Array)
#1 /var/www/html/surveypasar/app/Libraries/SmartComponent/Grid.php(149): App\Libraries\SmartComponent\Datasource->run()
#2 /var/www/html/surveypasar/app/Libraries/SmartComponent/Grid.php(111): App\Libraries\SmartComponent\Grid->get_datasource()
#3 /var/www/html/surveypasar/app/Controllers/Admin/Rekap.php(72): App\Libraries\SmartComponent\Grid->output()
#4 /var/www/html/surveypasar/vendor/codeigniter4/framework/system/CodeIgniter.php(918): App\Controllers\Admin\Rekap->gridRekap()
#5 /var/www/html/surveypasar/vendor/codeigniter4/framework/system/CodeIgniter.php(404): CodeIgniter\CodeIgniter->runController(Object(App\Controllers\Admin\Rekap))
#6 /var/www/html/surveypasar/vendor/codeigniter4/framework/system/CodeIgniter.php(312): CodeIgniter\CodeIgniter->handleRequest(NULL, Object(Config\Cache), false)
#7 /var/www/html/surveypasar/public/index.php(45): CodeIgniter\CodeIgniter->run()
#8 {main}
CRITICAL - 2020-10-07 03:44:32 --> Uncaught CodeIgniter\Format\Exceptions\FormatException: Failed to parse json string, error: "Type is not supported". in /var/www/html/surveypasar/vendor/codeigniter4/framework/system/Format/Exceptions/FormatException.php:9
Stack trace:
#0 /var/www/html/surveypasar/vendor/codeigniter4/framework/system/Format/JSONFormatter.php(71): CodeIgniter\Format\Exceptions\FormatException::forInvalidJSON('Type is not sup...')
#1 /var/www/html/surveypasar/vendor/codeigniter4/framework/system/API/ResponseTrait.php(414): CodeIgniter\Format\JSONFormatter->format(Array)
#2 /var/www/html/surveypasar/vendor/codeigniter4/framework/system/API/ResponseTrait.php(134): CodeIgniter\Debug\Exceptions->format(Array)
#3 /var/www/html/surveypasar/vendor/codeigniter4/framework/system/Debug/Exceptions.php(168): CodeIgniter\Debug\Exceptions->respond(Array, 500)
#4 [internal function]: CodeIgniter\Debug\Exceptions->exceptionHandler(Object(ErrorException))
#5 {main}
  thrown
#0 [internal function]: CodeIgniter\Debug\Exceptions->shutdownHandler()
#1 {main}
CRITICAL - 2020-10-07 03:44:46 --> Undefined index: pageSize
#0 /var/www/html/surveypasar/app/Libraries/SmartComponent/Datasource.php(55): CodeIgniter\Debug\Exceptions->errorHandler(8, 'Undefined index...', '/var/www/html/s...', 55, Array)
#1 /var/www/html/surveypasar/app/Libraries/SmartComponent/Grid.php(149): App\Libraries\SmartComponent\Datasource->run()
#2 /var/www/html/surveypasar/app/Libraries/SmartComponent/Grid.php(111): App\Libraries\SmartComponent\Grid->get_datasource()
#3 /var/www/html/surveypasar/app/Controllers/Admin/Rekap.php(72): App\Libraries\SmartComponent\Grid->output()
#4 /var/www/html/surveypasar/vendor/codeigniter4/framework/system/CodeIgniter.php(918): App\Controllers\Admin\Rekap->gridRekap()
#5 /var/www/html/surveypasar/vendor/codeigniter4/framework/system/CodeIgniter.php(404): CodeIgniter\CodeIgniter->runController(Object(App\Controllers\Admin\Rekap))
#6 /var/www/html/surveypasar/vendor/codeigniter4/framework/system/CodeIgniter.php(312): CodeIgniter\CodeIgniter->handleRequest(NULL, Object(Config\Cache), false)
#7 /var/www/html/surveypasar/public/index.php(45): CodeIgniter\CodeIgniter->run()
#8 {main}
CRITICAL - 2020-10-07 03:44:46 --> Uncaught CodeIgniter\Format\Exceptions\FormatException: Failed to parse json string, error: "Type is not supported". in /var/www/html/surveypasar/vendor/codeigniter4/framework/system/Format/Exceptions/FormatException.php:9
Stack trace:
#0 /var/www/html/surveypasar/vendor/codeigniter4/framework/system/Format/JSONFormatter.php(71): CodeIgniter\Format\Exceptions\FormatException::forInvalidJSON('Type is not sup...')
#1 /var/www/html/surveypasar/vendor/codeigniter4/framework/system/API/ResponseTrait.php(414): CodeIgniter\Format\JSONFormatter->format(Array)
#2 /var/www/html/surveypasar/vendor/codeigniter4/framework/system/API/ResponseTrait.php(134): CodeIgniter\Debug\Exceptions->format(Array)
#3 /var/www/html/surveypasar/vendor/codeigniter4/framework/system/Debug/Exceptions.php(168): CodeIgniter\Debug\Exceptions->respond(Array, 500)
#4 [internal function]: CodeIgniter\Debug\Exceptions->exceptionHandler(Object(ErrorException))
#5 {main}
  thrown
#0 [internal function]: CodeIgniter\Debug\Exceptions->shutdownHandler()
#1 {main}
