CRITICAL - 2020-10-06 02:05:53 --> Trying to get property 'ins_id' of non-object
#0 /var/www/html/surveypasar/vendor/codeigniter4/framework/system/Database/Postgre/Connection.php(521): CodeIgniter\Debug\Exceptions->errorHandler(8, 'Trying to get p...', '/var/www/html/s...', 521, Array)
#1 /var/www/html/surveypasar/app/Controllers/Admin/RefProdukSatuan.php(137): CodeIgniter\Database\Postgre\Connection->insertID()
#2 /var/www/html/surveypasar/vendor/codeigniter4/framework/system/CodeIgniter.php(918): App\Controllers\Admin\RefProdukSatuan->form()
#3 /var/www/html/surveypasar/vendor/codeigniter4/framework/system/CodeIgniter.php(404): CodeIgniter\CodeIgniter->runController(Object(App\Controllers\Admin\RefProdukSatuan))
#4 /var/www/html/surveypasar/vendor/codeigniter4/framework/system/CodeIgniter.php(312): CodeIgniter\CodeIgniter->handleRequest(NULL, Object(Config\Cache), false)
#5 /var/www/html/surveypasar/public/index.php(45): CodeIgniter\CodeIgniter->run()
#6 {main}
CRITICAL - 2020-10-06 02:10:32 --> Trying to get property 'ins_id' of non-object
#0 /var/www/html/surveypasar/vendor/codeigniter4/framework/system/Database/Postgre/Connection.php(521): CodeIgniter\Debug\Exceptions->errorHandler(8, 'Trying to get p...', '/var/www/html/s...', 521, Array)
#1 /var/www/html/surveypasar/app/Controllers/Admin/RefProdukSatuan.php(137): CodeIgniter\Database\Postgre\Connection->insertID()
#2 /var/www/html/surveypasar/vendor/codeigniter4/framework/system/CodeIgniter.php(918): App\Controllers\Admin\RefProdukSatuan->form()
#3 /var/www/html/surveypasar/vendor/codeigniter4/framework/system/CodeIgniter.php(404): CodeIgniter\CodeIgniter->runController(Object(App\Controllers\Admin\RefProdukSatuan))
#4 /var/www/html/surveypasar/vendor/codeigniter4/framework/system/CodeIgniter.php(312): CodeIgniter\CodeIgniter->handleRequest(NULL, Object(Config\Cache), false)
#5 /var/www/html/surveypasar/public/index.php(45): CodeIgniter\CodeIgniter->run()
#6 {main}
CRITICAL - 2020-10-06 02:13:02 --> Trying to get property 'ins_id' of non-object
#0 /var/www/html/surveypasar/vendor/codeigniter4/framework/system/Database/Postgre/Connection.php(521): CodeIgniter\Debug\Exceptions->errorHandler(8, 'Trying to get p...', '/var/www/html/s...', 521, Array)
#1 /var/www/html/surveypasar/app/Controllers/Admin/RefProdukSatuan.php(137): CodeIgniter\Database\Postgre\Connection->insertID()
#2 /var/www/html/surveypasar/vendor/codeigniter4/framework/system/CodeIgniter.php(918): App\Controllers\Admin\RefProdukSatuan->form()
#3 /var/www/html/surveypasar/vendor/codeigniter4/framework/system/CodeIgniter.php(404): CodeIgniter\CodeIgniter->runController(Object(App\Controllers\Admin\RefProdukSatuan))
#4 /var/www/html/surveypasar/vendor/codeigniter4/framework/system/CodeIgniter.php(312): CodeIgniter\CodeIgniter->handleRequest(NULL, Object(Config\Cache), false)
#5 /var/www/html/surveypasar/public/index.php(45): CodeIgniter\CodeIgniter->run()
#6 {main}
CRITICAL - 2020-10-06 02:13:50 --> Trying to get property 'ins_id' of non-object
#0 /var/www/html/surveypasar/vendor/codeigniter4/framework/system/Database/Postgre/Connection.php(521): CodeIgniter\Debug\Exceptions->errorHandler(8, 'Trying to get p...', '/var/www/html/s...', 521, Array)
#1 /var/www/html/surveypasar/app/Controllers/Admin/AksesGroup.php(137): CodeIgniter\Database\Postgre\Connection->insertID()
#2 /var/www/html/surveypasar/vendor/codeigniter4/framework/system/CodeIgniter.php(918): App\Controllers\Admin\AksesGroup->form()
#3 /var/www/html/surveypasar/vendor/codeigniter4/framework/system/CodeIgniter.php(404): CodeIgniter\CodeIgniter->runController(Object(App\Controllers\Admin\AksesGroup))
#4 /var/www/html/surveypasar/vendor/codeigniter4/framework/system/CodeIgniter.php(312): CodeIgniter\CodeIgniter->handleRequest(NULL, Object(Config\Cache), false)
#5 /var/www/html/surveypasar/public/index.php(45): CodeIgniter\CodeIgniter->run()
#6 {main}
CRITICAL - 2020-10-06 02:18:13 --> Trying to get property 'ins_id' of non-object
#0 /var/www/html/surveypasar/vendor/codeigniter4/framework/system/Database/Postgre/Connection.php(521): CodeIgniter\Debug\Exceptions->errorHandler(8, 'Trying to get p...', '/var/www/html/s...', 521, Array)
#1 /var/www/html/surveypasar/app/Controllers/Admin/RefProdukSatuan.php(137): CodeIgniter\Database\Postgre\Connection->insertID()
#2 /var/www/html/surveypasar/vendor/codeigniter4/framework/system/CodeIgniter.php(918): App\Controllers\Admin\RefProdukSatuan->form()
#3 /var/www/html/surveypasar/vendor/codeigniter4/framework/system/CodeIgniter.php(404): CodeIgniter\CodeIgniter->runController(Object(App\Controllers\Admin\RefProdukSatuan))
#4 /var/www/html/surveypasar/vendor/codeigniter4/framework/system/CodeIgniter.php(312): CodeIgniter\CodeIgniter->handleRequest(NULL, Object(Config\Cache), false)
#5 /var/www/html/surveypasar/public/index.php(45): CodeIgniter\CodeIgniter->run()
#6 {main}
CRITICAL - 2020-10-06 02:19:25 --> Trying to get property 'ins_id' of non-object
#0 /var/www/html/surveypasar/vendor/codeigniter4/framework/system/Database/Postgre/Connection.php(521): CodeIgniter\Debug\Exceptions->errorHandler(8, 'Trying to get p...', '/var/www/html/s...', 521, Array)
#1 /var/www/html/surveypasar/app/Controllers/Admin/RefProdukSatuan.php(137): CodeIgniter\Database\Postgre\Connection->insertID()
#2 /var/www/html/surveypasar/vendor/codeigniter4/framework/system/CodeIgniter.php(918): App\Controllers\Admin\RefProdukSatuan->form()
#3 /var/www/html/surveypasar/vendor/codeigniter4/framework/system/CodeIgniter.php(404): CodeIgniter\CodeIgniter->runController(Object(App\Controllers\Admin\RefProdukSatuan))
#4 /var/www/html/surveypasar/vendor/codeigniter4/framework/system/CodeIgniter.php(312): CodeIgniter\CodeIgniter->handleRequest(NULL, Object(Config\Cache), false)
#5 /var/www/html/surveypasar/public/index.php(45): CodeIgniter\CodeIgniter->run()
#6 {main}
CRITICAL - 2020-10-06 02:20:45 --> Trying to get property 'ins_id' of non-object
#0 /var/www/html/surveypasar/vendor/codeigniter4/framework/system/Database/Postgre/Connection.php(521): CodeIgniter\Debug\Exceptions->errorHandler(8, 'Trying to get p...', '/var/www/html/s...', 521, Array)
#1 /var/www/html/surveypasar/app/Controllers/Admin/RefProdukSatuan.php(137): CodeIgniter\Database\Postgre\Connection->insertID()
#2 /var/www/html/surveypasar/vendor/codeigniter4/framework/system/CodeIgniter.php(918): App\Controllers\Admin\RefProdukSatuan->form()
#3 /var/www/html/surveypasar/vendor/codeigniter4/framework/system/CodeIgniter.php(404): CodeIgniter\CodeIgniter->runController(Object(App\Controllers\Admin\RefProdukSatuan))
#4 /var/www/html/surveypasar/vendor/codeigniter4/framework/system/CodeIgniter.php(312): CodeIgniter\CodeIgniter->handleRequest(NULL, Object(Config\Cache), false)
#5 /var/www/html/surveypasar/public/index.php(45): CodeIgniter\CodeIgniter->run()
#6 {main}
CRITICAL - 2020-10-06 02:29:37 --> Trying to get property 'ins_id' of non-object
#0 /var/www/html/surveypasar/vendor/codeigniter4/framework/system/Database/Postgre/Connection.php(521): CodeIgniter\Debug\Exceptions->errorHandler(8, 'Trying to get p...', '/var/www/html/s...', 521, Array)
#1 /var/www/html/surveypasar/app/Controllers/Admin/RefProdukSatuan.php(137): CodeIgniter\Database\Postgre\Connection->insertID()
#2 /var/www/html/surveypasar/vendor/codeigniter4/framework/system/CodeIgniter.php(918): App\Controllers\Admin\RefProdukSatuan->form()
#3 /var/www/html/surveypasar/vendor/codeigniter4/framework/system/CodeIgniter.php(404): CodeIgniter\CodeIgniter->runController(Object(App\Controllers\Admin\RefProdukSatuan))
#4 /var/www/html/surveypasar/vendor/codeigniter4/framework/system/CodeIgniter.php(312): CodeIgniter\CodeIgniter->handleRequest(NULL, Object(Config\Cache), false)
#5 /var/www/html/surveypasar/public/index.php(45): CodeIgniter\CodeIgniter->run()
#6 {main}
CRITICAL - 2020-10-06 02:31:31 --> Trying to get property 'ins_id' of non-object
#0 /var/www/html/surveypasar/vendor/codeigniter4/framework/system/Database/Postgre/Connection.php(521): CodeIgniter\Debug\Exceptions->errorHandler(8, 'Trying to get p...', '/var/www/html/s...', 521, Array)
#1 /var/www/html/surveypasar/app/Controllers/Admin/RefProdukSatuan.php(137): CodeIgniter\Database\Postgre\Connection->insertID()
#2 /var/www/html/surveypasar/vendor/codeigniter4/framework/system/CodeIgniter.php(918): App\Controllers\Admin\RefProdukSatuan->form()
#3 /var/www/html/surveypasar/vendor/codeigniter4/framework/system/CodeIgniter.php(404): CodeIgniter\CodeIgniter->runController(Object(App\Controllers\Admin\RefProdukSatuan))
#4 /var/www/html/surveypasar/vendor/codeigniter4/framework/system/CodeIgniter.php(312): CodeIgniter\CodeIgniter->handleRequest(NULL, Object(Config\Cache), false)
#5 /var/www/html/surveypasar/public/index.php(45): CodeIgniter\CodeIgniter->run()
#6 {main}
CRITICAL - 2020-10-06 02:31:35 --> Trying to get property 'ins_id' of non-object
#0 /var/www/html/surveypasar/vendor/codeigniter4/framework/system/Database/Postgre/Connection.php(521): CodeIgniter\Debug\Exceptions->errorHandler(8, 'Trying to get p...', '/var/www/html/s...', 521, Array)
#1 /var/www/html/surveypasar/app/Controllers/Admin/RefProdukSatuan.php(137): CodeIgniter\Database\Postgre\Connection->insertID()
#2 /var/www/html/surveypasar/vendor/codeigniter4/framework/system/CodeIgniter.php(918): App\Controllers\Admin\RefProdukSatuan->form()
#3 /var/www/html/surveypasar/vendor/codeigniter4/framework/system/CodeIgniter.php(404): CodeIgniter\CodeIgniter->runController(Object(App\Controllers\Admin\RefProdukSatuan))
#4 /var/www/html/surveypasar/vendor/codeigniter4/framework/system/CodeIgniter.php(312): CodeIgniter\CodeIgniter->handleRequest(NULL, Object(Config\Cache), false)
#5 /var/www/html/surveypasar/public/index.php(45): CodeIgniter\CodeIgniter->run()
#6 {main}
CRITICAL - 2020-10-06 02:31:38 --> Trying to get property 'ins_id' of non-object
#0 /var/www/html/surveypasar/vendor/codeigniter4/framework/system/Database/Postgre/Connection.php(521): CodeIgniter\Debug\Exceptions->errorHandler(8, 'Trying to get p...', '/var/www/html/s...', 521, Array)
#1 /var/www/html/surveypasar/app/Controllers/Admin/RefProdukSatuan.php(137): CodeIgniter\Database\Postgre\Connection->insertID()
#2 /var/www/html/surveypasar/vendor/codeigniter4/framework/system/CodeIgniter.php(918): App\Controllers\Admin\RefProdukSatuan->form()
#3 /var/www/html/surveypasar/vendor/codeigniter4/framework/system/CodeIgniter.php(404): CodeIgniter\CodeIgniter->runController(Object(App\Controllers\Admin\RefProdukSatuan))
#4 /var/www/html/surveypasar/vendor/codeigniter4/framework/system/CodeIgniter.php(312): CodeIgniter\CodeIgniter->handleRequest(NULL, Object(Config\Cache), false)
#5 /var/www/html/surveypasar/public/index.php(45): CodeIgniter\CodeIgniter->run()
#6 {main}
