CRITICAL - 2020-09-07 01:57:46 --> Unable to connect to the database.
#0 C:\xampp7\htdocs\apps\siakad\vendor\codeigniter4\framework\system\Database\BaseConnection.php(646): CodeIgniter\Database\BaseConnection->initialize()
#1 C:\xampp7\htdocs\apps\siakad\app\Libraries\SmartComponent\Datasource.php(72): CodeIgniter\Database\BaseConnection->query('select true as ...')
#2 C:\xampp7\htdocs\apps\siakad\app\Libraries\SmartComponent\Grid.php(119): App\Libraries\SmartComponent\Datasource->run()
#3 C:\xampp7\htdocs\apps\siakad\app\Libraries\SmartComponent\Grid.php(88): App\Libraries\SmartComponent\Grid->get_datasource()
#4 C:\xampp7\htdocs\apps\siakad\app\Controllers\Admin\Home.php(89): App\Libraries\SmartComponent\Grid->output()
#5 C:\xampp7\htdocs\apps\siakad\vendor\codeigniter4\framework\system\CodeIgniter.php(918): App\Controllers\Admin\Home->grid()
#6 C:\xampp7\htdocs\apps\siakad\vendor\codeigniter4\framework\system\CodeIgniter.php(404): CodeIgniter\CodeIgniter->runController(Object(App\Controllers\Admin\Home))
#7 C:\xampp7\htdocs\apps\siakad\vendor\codeigniter4\framework\system\CodeIgniter.php(312): CodeIgniter\CodeIgniter->handleRequest(NULL, Object(Config\Cache), false)
#8 C:\xampp7\htdocs\apps\siakad\public\index.php(45): CodeIgniter\CodeIgniter->run()
#9 {main}
CRITICAL - 2020-09-07 01:58:05 --> Unable to connect to the database.
#0 C:\xampp7\htdocs\apps\siakad\vendor\codeigniter4\framework\system\Database\BaseConnection.php(646): CodeIgniter\Database\BaseConnection->initialize()
#1 C:\xampp7\htdocs\apps\siakad\app\Libraries\SmartComponent\Datasource.php(72): CodeIgniter\Database\BaseConnection->query('select true as ...')
#2 C:\xampp7\htdocs\apps\siakad\app\Libraries\SmartComponent\Grid.php(119): App\Libraries\SmartComponent\Datasource->run()
#3 C:\xampp7\htdocs\apps\siakad\app\Libraries\SmartComponent\Grid.php(88): App\Libraries\SmartComponent\Grid->get_datasource()
#4 C:\xampp7\htdocs\apps\siakad\app\Controllers\Admin\Home.php(89): App\Libraries\SmartComponent\Grid->output()
#5 C:\xampp7\htdocs\apps\siakad\vendor\codeigniter4\framework\system\CodeIgniter.php(918): App\Controllers\Admin\Home->grid()
#6 C:\xampp7\htdocs\apps\siakad\vendor\codeigniter4\framework\system\CodeIgniter.php(404): CodeIgniter\CodeIgniter->runController(Object(App\Controllers\Admin\Home))
#7 C:\xampp7\htdocs\apps\siakad\vendor\codeigniter4\framework\system\CodeIgniter.php(312): CodeIgniter\CodeIgniter->handleRequest(NULL, Object(Config\Cache), false)
#8 C:\xampp7\htdocs\apps\siakad\public\index.php(45): CodeIgniter\CodeIgniter->run()
#9 {main}
CRITICAL - 2020-09-07 01:59:58 --> Unable to connect to the database.
#0 C:\xampp7\htdocs\apps\siakad\vendor\codeigniter4\framework\system\Database\BaseConnection.php(646): CodeIgniter\Database\BaseConnection->initialize()
#1 C:\xampp7\htdocs\apps\siakad\app\Libraries\SmartComponent\Datasource.php(72): CodeIgniter\Database\BaseConnection->query('select true as ...')
#2 C:\xampp7\htdocs\apps\siakad\app\Libraries\SmartComponent\Grid.php(119): App\Libraries\SmartComponent\Datasource->run()
#3 C:\xampp7\htdocs\apps\siakad\app\Libraries\SmartComponent\Grid.php(88): App\Libraries\SmartComponent\Grid->get_datasource()
#4 C:\xampp7\htdocs\apps\siakad\app\Controllers\Admin\Home.php(89): App\Libraries\SmartComponent\Grid->output()
#5 C:\xampp7\htdocs\apps\siakad\vendor\codeigniter4\framework\system\CodeIgniter.php(918): App\Controllers\Admin\Home->grid()
#6 C:\xampp7\htdocs\apps\siakad\vendor\codeigniter4\framework\system\CodeIgniter.php(404): CodeIgniter\CodeIgniter->runController(Object(App\Controllers\Admin\Home))
#7 C:\xampp7\htdocs\apps\siakad\vendor\codeigniter4\framework\system\CodeIgniter.php(312): CodeIgniter\CodeIgniter->handleRequest(NULL, Object(Config\Cache), false)
#8 C:\xampp7\htdocs\apps\siakad\public\index.php(45): CodeIgniter\CodeIgniter->run()
#9 {main}
CRITICAL - 2020-09-07 02:00:29 --> Unable to connect to the database.
#0 C:\xampp7\htdocs\apps\siakad\vendor\codeigniter4\framework\system\Database\BaseConnection.php(646): CodeIgniter\Database\BaseConnection->initialize()
#1 C:\xampp7\htdocs\apps\siakad\app\Libraries\SmartComponent\Datasource.php(72): CodeIgniter\Database\BaseConnection->query('select true as ...')
#2 C:\xampp7\htdocs\apps\siakad\app\Libraries\SmartComponent\Grid.php(119): App\Libraries\SmartComponent\Datasource->run()
#3 C:\xampp7\htdocs\apps\siakad\app\Libraries\SmartComponent\Grid.php(88): App\Libraries\SmartComponent\Grid->get_datasource()
#4 C:\xampp7\htdocs\apps\siakad\app\Controllers\Admin\Home.php(89): App\Libraries\SmartComponent\Grid->output()
#5 C:\xampp7\htdocs\apps\siakad\vendor\codeigniter4\framework\system\CodeIgniter.php(918): App\Controllers\Admin\Home->grid()
#6 C:\xampp7\htdocs\apps\siakad\vendor\codeigniter4\framework\system\CodeIgniter.php(404): CodeIgniter\CodeIgniter->runController(Object(App\Controllers\Admin\Home))
#7 C:\xampp7\htdocs\apps\siakad\vendor\codeigniter4\framework\system\CodeIgniter.php(312): CodeIgniter\CodeIgniter->handleRequest(NULL, Object(Config\Cache), false)
#8 C:\xampp7\htdocs\apps\siakad\public\index.php(45): CodeIgniter\CodeIgniter->run()
#9 {main}
CRITICAL - 2020-09-07 02:08:25 --> Unable to connect to the database.
#0 C:\xampp7\htdocs\apps\siakad\vendor\codeigniter4\framework\system\Database\BaseConnection.php(646): CodeIgniter\Database\BaseConnection->initialize()
#1 C:\xampp7\htdocs\apps\siakad\app\Libraries\SmartComponent\Datasource.php(72): CodeIgniter\Database\BaseConnection->query('select true as ...')
#2 C:\xampp7\htdocs\apps\siakad\app\Libraries\SmartComponent\Grid.php(119): App\Libraries\SmartComponent\Datasource->run()
#3 C:\xampp7\htdocs\apps\siakad\app\Libraries\SmartComponent\Grid.php(88): App\Libraries\SmartComponent\Grid->get_datasource()
#4 C:\xampp7\htdocs\apps\siakad\app\Controllers\Admin\Home.php(89): App\Libraries\SmartComponent\Grid->output()
#5 C:\xampp7\htdocs\apps\siakad\vendor\codeigniter4\framework\system\CodeIgniter.php(918): App\Controllers\Admin\Home->grid()
#6 C:\xampp7\htdocs\apps\siakad\vendor\codeigniter4\framework\system\CodeIgniter.php(404): CodeIgniter\CodeIgniter->runController(Object(App\Controllers\Admin\Home))
#7 C:\xampp7\htdocs\apps\siakad\vendor\codeigniter4\framework\system\CodeIgniter.php(312): CodeIgniter\CodeIgniter->handleRequest(NULL, Object(Config\Cache), false)
#8 C:\xampp7\htdocs\apps\siakad\public\index.php(45): CodeIgniter\CodeIgniter->run()
#9 {main}
CRITICAL - 2020-09-07 02:08:36 --> Unable to connect to the database.
#0 C:\xampp7\htdocs\apps\siakad\vendor\codeigniter4\framework\system\Database\BaseConnection.php(646): CodeIgniter\Database\BaseConnection->initialize()
#1 C:\xampp7\htdocs\apps\siakad\app\Libraries\SmartComponent\Datasource.php(72): CodeIgniter\Database\BaseConnection->query('select true as ...')
#2 C:\xampp7\htdocs\apps\siakad\app\Libraries\SmartComponent\Grid.php(119): App\Libraries\SmartComponent\Datasource->run()
#3 C:\xampp7\htdocs\apps\siakad\app\Libraries\SmartComponent\Grid.php(88): App\Libraries\SmartComponent\Grid->get_datasource()
#4 C:\xampp7\htdocs\apps\siakad\app\Controllers\Admin\Home.php(89): App\Libraries\SmartComponent\Grid->output()
#5 C:\xampp7\htdocs\apps\siakad\vendor\codeigniter4\framework\system\CodeIgniter.php(918): App\Controllers\Admin\Home->grid()
#6 C:\xampp7\htdocs\apps\siakad\vendor\codeigniter4\framework\system\CodeIgniter.php(404): CodeIgniter\CodeIgniter->runController(Object(App\Controllers\Admin\Home))
#7 C:\xampp7\htdocs\apps\siakad\vendor\codeigniter4\framework\system\CodeIgniter.php(312): CodeIgniter\CodeIgniter->handleRequest(NULL, Object(Config\Cache), false)
#8 C:\xampp7\htdocs\apps\siakad\public\index.php(45): CodeIgniter\CodeIgniter->run()
#9 {main}
CRITICAL - 2020-09-07 02:09:07 --> Unable to connect to the database.
#0 C:\xampp7\htdocs\apps\siakad\vendor\codeigniter4\framework\system\Database\BaseConnection.php(646): CodeIgniter\Database\BaseConnection->initialize()
#1 C:\xampp7\htdocs\apps\siakad\app\Libraries\SmartComponent\Datasource.php(72): CodeIgniter\Database\BaseConnection->query('select true as ...')
#2 C:\xampp7\htdocs\apps\siakad\app\Libraries\SmartComponent\Grid.php(119): App\Libraries\SmartComponent\Datasource->run()
#3 C:\xampp7\htdocs\apps\siakad\app\Libraries\SmartComponent\Grid.php(88): App\Libraries\SmartComponent\Grid->get_datasource()
#4 C:\xampp7\htdocs\apps\siakad\app\Controllers\Admin\Home.php(89): App\Libraries\SmartComponent\Grid->output()
#5 C:\xampp7\htdocs\apps\siakad\vendor\codeigniter4\framework\system\CodeIgniter.php(918): App\Controllers\Admin\Home->grid()
#6 C:\xampp7\htdocs\apps\siakad\vendor\codeigniter4\framework\system\CodeIgniter.php(404): CodeIgniter\CodeIgniter->runController(Object(App\Controllers\Admin\Home))
#7 C:\xampp7\htdocs\apps\siakad\vendor\codeigniter4\framework\system\CodeIgniter.php(312): CodeIgniter\CodeIgniter->handleRequest(NULL, Object(Config\Cache), false)
#8 C:\xampp7\htdocs\apps\siakad\public\index.php(45): CodeIgniter\CodeIgniter->run()
#9 {main}
CRITICAL - 2020-09-07 02:09:09 --> Unable to connect to the database.
#0 C:\xampp7\htdocs\apps\siakad\vendor\codeigniter4\framework\system\Database\BaseConnection.php(646): CodeIgniter\Database\BaseConnection->initialize()
#1 C:\xampp7\htdocs\apps\siakad\app\Libraries\SmartComponent\Datasource.php(72): CodeIgniter\Database\BaseConnection->query('select true as ...')
#2 C:\xampp7\htdocs\apps\siakad\app\Libraries\SmartComponent\Grid.php(119): App\Libraries\SmartComponent\Datasource->run()
#3 C:\xampp7\htdocs\apps\siakad\app\Libraries\SmartComponent\Grid.php(88): App\Libraries\SmartComponent\Grid->get_datasource()
#4 C:\xampp7\htdocs\apps\siakad\app\Controllers\Admin\Home.php(89): App\Libraries\SmartComponent\Grid->output()
#5 C:\xampp7\htdocs\apps\siakad\vendor\codeigniter4\framework\system\CodeIgniter.php(918): App\Controllers\Admin\Home->grid()
#6 C:\xampp7\htdocs\apps\siakad\vendor\codeigniter4\framework\system\CodeIgniter.php(404): CodeIgniter\CodeIgniter->runController(Object(App\Controllers\Admin\Home))
#7 C:\xampp7\htdocs\apps\siakad\vendor\codeigniter4\framework\system\CodeIgniter.php(312): CodeIgniter\CodeIgniter->handleRequest(NULL, Object(Config\Cache), false)
#8 C:\xampp7\htdocs\apps\siakad\public\index.php(45): CodeIgniter\CodeIgniter->run()
#9 {main}
