CRITICAL - 2020-09-16 00:06:51 --> pg_query(): Query failed: ERROR:  column &quot;user_nama_lengkap&quot; does not exist
LINE 1: select true as id order by user_nama_lengkap asc limit 25 of...
                                   ^
#0 [internal function]: CodeIgniter\Debug\Exceptions->errorHandler(2, 'pg_query(): Que...', 'C:\\xampp7\\htdoc...', 196, Array)
#1 C:\xampp7\htdocs\apps\disperindag\vendor\codeigniter4\framework\system\Database\Postgre\Connection.php(196): pg_query(Resource id #119, 'select true as ...')
#2 C:\xampp7\htdocs\apps\disperindag\vendor\codeigniter4\framework\system\Database\BaseConnection.php(741): CodeIgniter\Database\Postgre\Connection->execute('select true as ...')
#3 C:\xampp7\htdocs\apps\disperindag\vendor\codeigniter4\framework\system\Database\BaseConnection.php(669): CodeIgniter\Database\BaseConnection->simpleQuery('select true as ...')
#4 C:\xampp7\htdocs\apps\disperindag\app\Libraries\SmartComponent\Datasource.php(72): CodeIgniter\Database\BaseConnection->query('select true as ...')
#5 C:\xampp7\htdocs\apps\disperindag\app\Libraries\SmartComponent\Grid.php(128): App\Libraries\SmartComponent\Datasource->run()
#6 C:\xampp7\htdocs\apps\disperindag\app\Libraries\SmartComponent\Grid.php(97): App\Libraries\SmartComponent\Grid->get_datasource()
#7 C:\xampp7\htdocs\apps\disperindag\app\Controllers\Admin\Home.php(89): App\Libraries\SmartComponent\Grid->output()
#8 C:\xampp7\htdocs\apps\disperindag\vendor\codeigniter4\framework\system\CodeIgniter.php(918): App\Controllers\Admin\Home->grid()
#9 C:\xampp7\htdocs\apps\disperindag\vendor\codeigniter4\framework\system\CodeIgniter.php(404): CodeIgniter\CodeIgniter->runController(Object(App\Controllers\Admin\Home))
#10 C:\xampp7\htdocs\apps\disperindag\vendor\codeigniter4\framework\system\CodeIgniter.php(312): CodeIgniter\CodeIgniter->handleRequest(NULL, Object(Config\Cache), false)
#11 C:\xampp7\htdocs\apps\disperindag\public\index.php(45): CodeIgniter\CodeIgniter->run()
#12 {main}
CRITICAL - 2020-09-16 00:06:51 --> Uncaught CodeIgniter\Format\Exceptions\FormatException: Failed to parse json string, error: "Type is not supported". in C:\xampp7\htdocs\apps\disperindag\vendor\codeigniter4\framework\system\Format\Exceptions\FormatException.php:9
Stack trace:
#0 C:\xampp7\htdocs\apps\disperindag\vendor\codeigniter4\framework\system\Format\JSONFormatter.php(71): CodeIgniter\Format\Exceptions\FormatException::forInvalidJSON('Type is not sup...')
#1 C:\xampp7\htdocs\apps\disperindag\vendor\codeigniter4\framework\system\API\ResponseTrait.php(414): CodeIgniter\Format\JSONFormatter->format(Array)
#2 C:\xampp7\htdocs\apps\disperindag\vendor\codeigniter4\framework\system\API\ResponseTrait.php(134): CodeIgniter\Debug\Exceptions->format(Array)
#3 C:\xampp7\htdocs\apps\disperindag\vendor\codeigniter4\framework\system\Debug\Exceptions.php(168): CodeIgniter\Debug\Exceptions->respond(Array, 500)
#4 [internal function]: CodeIgniter\Debug\Exceptions->exceptionHandler(Object(ErrorException))
#5 {main}
  thrown
#0 [internal function]: CodeIgniter\Debug\Exceptions->shutdownHandler()
#1 {main}
CRITICAL - 2020-09-16 00:13:49 --> syntax error, unexpected '='
#0 C:\xampp7\htdocs\apps\disperindag\vendor\codeigniter4\framework\system\Common.php(1119): CodeIgniter\View\View->render('template/defaul...', Array, true)
#1 C:\xampp7\htdocs\apps\disperindag\app\Libraries\SmartComponent\Grid.php(121): view('template/defaul...', Array)
#2 C:\xampp7\htdocs\apps\disperindag\app\Controllers\Admin\Home.php(89): App\Libraries\SmartComponent\Grid->output()
#3 C:\xampp7\htdocs\apps\disperindag\app\Controllers\Admin\Home.php(26): App\Controllers\Admin\Home->grid()
#4 C:\xampp7\htdocs\apps\disperindag\vendor\codeigniter4\framework\system\CodeIgniter.php(918): App\Controllers\Admin\Home->index()
#5 C:\xampp7\htdocs\apps\disperindag\vendor\codeigniter4\framework\system\CodeIgniter.php(404): CodeIgniter\CodeIgniter->runController(Object(App\Controllers\Admin\Home))
#6 C:\xampp7\htdocs\apps\disperindag\vendor\codeigniter4\framework\system\CodeIgniter.php(312): CodeIgniter\CodeIgniter->handleRequest(NULL, Object(Config\Cache), false)
#7 C:\xampp7\htdocs\apps\disperindag\public\index.php(45): CodeIgniter\CodeIgniter->run()
#8 {main}
CRITICAL - 2020-09-16 00:13:52 --> syntax error, unexpected '='
#0 C:\xampp7\htdocs\apps\disperindag\vendor\codeigniter4\framework\system\Common.php(1119): CodeIgniter\View\View->render('template/defaul...', Array, true)
#1 C:\xampp7\htdocs\apps\disperindag\app\Libraries\SmartComponent\Grid.php(121): view('template/defaul...', Array)
#2 C:\xampp7\htdocs\apps\disperindag\app\Controllers\Admin\Home.php(89): App\Libraries\SmartComponent\Grid->output()
#3 C:\xampp7\htdocs\apps\disperindag\app\Controllers\Admin\Home.php(26): App\Controllers\Admin\Home->grid()
#4 C:\xampp7\htdocs\apps\disperindag\vendor\codeigniter4\framework\system\CodeIgniter.php(918): App\Controllers\Admin\Home->index()
#5 C:\xampp7\htdocs\apps\disperindag\vendor\codeigniter4\framework\system\CodeIgniter.php(404): CodeIgniter\CodeIgniter->runController(Object(App\Controllers\Admin\Home))
#6 C:\xampp7\htdocs\apps\disperindag\vendor\codeigniter4\framework\system\CodeIgniter.php(312): CodeIgniter\CodeIgniter->handleRequest(NULL, Object(Config\Cache), false)
#7 C:\xampp7\htdocs\apps\disperindag\public\index.php(45): CodeIgniter\CodeIgniter->run()
#8 {main}
CRITICAL - 2020-09-16 00:13:53 --> syntax error, unexpected '='
#0 C:\xampp7\htdocs\apps\disperindag\vendor\codeigniter4\framework\system\Common.php(1119): CodeIgniter\View\View->render('template/defaul...', Array, true)
#1 C:\xampp7\htdocs\apps\disperindag\app\Libraries\SmartComponent\Grid.php(121): view('template/defaul...', Array)
#2 C:\xampp7\htdocs\apps\disperindag\app\Controllers\Admin\Home.php(89): App\Libraries\SmartComponent\Grid->output()
#3 C:\xampp7\htdocs\apps\disperindag\app\Controllers\Admin\Home.php(26): App\Controllers\Admin\Home->grid()
#4 C:\xampp7\htdocs\apps\disperindag\vendor\codeigniter4\framework\system\CodeIgniter.php(918): App\Controllers\Admin\Home->index()
#5 C:\xampp7\htdocs\apps\disperindag\vendor\codeigniter4\framework\system\CodeIgniter.php(404): CodeIgniter\CodeIgniter->runController(Object(App\Controllers\Admin\Home))
#6 C:\xampp7\htdocs\apps\disperindag\vendor\codeigniter4\framework\system\CodeIgniter.php(312): CodeIgniter\CodeIgniter->handleRequest(NULL, Object(Config\Cache), false)
#7 C:\xampp7\htdocs\apps\disperindag\public\index.php(45): CodeIgniter\CodeIgniter->run()
#8 {main}
CRITICAL - 2020-09-16 00:14:01 --> syntax error, unexpected 'class' (T_CLASS), expecting ';' or ','
#0 C:\xampp7\htdocs\apps\disperindag\vendor\codeigniter4\framework\system\Common.php(1119): CodeIgniter\View\View->render('template/defaul...', Array, true)
#1 C:\xampp7\htdocs\apps\disperindag\app\Libraries\SmartComponent\Grid.php(121): view('template/defaul...', Array)
#2 C:\xampp7\htdocs\apps\disperindag\app\Controllers\Admin\Home.php(89): App\Libraries\SmartComponent\Grid->output()
#3 C:\xampp7\htdocs\apps\disperindag\app\Controllers\Admin\Home.php(26): App\Controllers\Admin\Home->grid()
#4 C:\xampp7\htdocs\apps\disperindag\vendor\codeigniter4\framework\system\CodeIgniter.php(918): App\Controllers\Admin\Home->index()
#5 C:\xampp7\htdocs\apps\disperindag\vendor\codeigniter4\framework\system\CodeIgniter.php(404): CodeIgniter\CodeIgniter->runController(Object(App\Controllers\Admin\Home))
#6 C:\xampp7\htdocs\apps\disperindag\vendor\codeigniter4\framework\system\CodeIgniter.php(312): CodeIgniter\CodeIgniter->handleRequest(NULL, Object(Config\Cache), false)
#7 C:\xampp7\htdocs\apps\disperindag\public\index.php(45): CodeIgniter\CodeIgniter->run()
#8 {main}
CRITICAL - 2020-09-16 03:15:03 --> pg_query(): Query failed: ERROR:  column &quot;user_nama_lengkap&quot; does not exist
LINE 1: select true as id order by user_nama_lengkap asc limit 25 of...
                                   ^
#0 [internal function]: CodeIgniter\Debug\Exceptions->errorHandler(2, 'pg_query(): Que...', 'C:\\xampp7\\htdoc...', 196, Array)
#1 C:\xampp7\htdocs\apps\disperindag\vendor\codeigniter4\framework\system\Database\Postgre\Connection.php(196): pg_query(Resource id #119, 'select true as ...')
#2 C:\xampp7\htdocs\apps\disperindag\vendor\codeigniter4\framework\system\Database\BaseConnection.php(741): CodeIgniter\Database\Postgre\Connection->execute('select true as ...')
#3 C:\xampp7\htdocs\apps\disperindag\vendor\codeigniter4\framework\system\Database\BaseConnection.php(669): CodeIgniter\Database\BaseConnection->simpleQuery('select true as ...')
#4 C:\xampp7\htdocs\apps\disperindag\app\Libraries\SmartComponent\Datasource.php(72): CodeIgniter\Database\BaseConnection->query('select true as ...')
#5 C:\xampp7\htdocs\apps\disperindag\app\Libraries\SmartComponent\Grid.php(128): App\Libraries\SmartComponent\Datasource->run()
#6 C:\xampp7\htdocs\apps\disperindag\app\Libraries\SmartComponent\Grid.php(97): App\Libraries\SmartComponent\Grid->get_datasource()
#7 C:\xampp7\htdocs\apps\disperindag\app\Controllers\Admin\Home.php(89): App\Libraries\SmartComponent\Grid->output()
#8 C:\xampp7\htdocs\apps\disperindag\vendor\codeigniter4\framework\system\CodeIgniter.php(918): App\Controllers\Admin\Home->grid()
#9 C:\xampp7\htdocs\apps\disperindag\vendor\codeigniter4\framework\system\CodeIgniter.php(404): CodeIgniter\CodeIgniter->runController(Object(App\Controllers\Admin\Home))
#10 C:\xampp7\htdocs\apps\disperindag\vendor\codeigniter4\framework\system\CodeIgniter.php(312): CodeIgniter\CodeIgniter->handleRequest(NULL, Object(Config\Cache), false)
#11 C:\xampp7\htdocs\apps\disperindag\public\index.php(45): CodeIgniter\CodeIgniter->run()
#12 {main}
CRITICAL - 2020-09-16 03:15:03 --> Uncaught CodeIgniter\Format\Exceptions\FormatException: Failed to parse json string, error: "Type is not supported". in C:\xampp7\htdocs\apps\disperindag\vendor\codeigniter4\framework\system\Format\Exceptions\FormatException.php:9
Stack trace:
#0 C:\xampp7\htdocs\apps\disperindag\vendor\codeigniter4\framework\system\Format\JSONFormatter.php(71): CodeIgniter\Format\Exceptions\FormatException::forInvalidJSON('Type is not sup...')
#1 C:\xampp7\htdocs\apps\disperindag\vendor\codeigniter4\framework\system\API\ResponseTrait.php(414): CodeIgniter\Format\JSONFormatter->format(Array)
#2 C:\xampp7\htdocs\apps\disperindag\vendor\codeigniter4\framework\system\API\ResponseTrait.php(134): CodeIgniter\Debug\Exceptions->format(Array)
#3 C:\xampp7\htdocs\apps\disperindag\vendor\codeigniter4\framework\system\Debug\Exceptions.php(168): CodeIgniter\Debug\Exceptions->respond(Array, 500)
#4 [internal function]: CodeIgniter\Debug\Exceptions->exceptionHandler(Object(ErrorException))
#5 {main}
  thrown
#0 [internal function]: CodeIgniter\Debug\Exceptions->shutdownHandler()
#1 {main}
CRITICAL - 2020-09-16 03:15:03 --> pg_query(): Query failed: ERROR:  column &quot;user_nama_lengkap&quot; does not exist
LINE 1: select true as id order by user_nama_lengkap asc, kasir_log_...
                                   ^
#0 [internal function]: CodeIgniter\Debug\Exceptions->errorHandler(2, 'pg_query(): Que...', 'C:\\xampp7\\htdoc...', 196, Array)
#1 C:\xampp7\htdocs\apps\disperindag\vendor\codeigniter4\framework\system\Database\Postgre\Connection.php(196): pg_query(Resource id #119, 'select true as ...')
#2 C:\xampp7\htdocs\apps\disperindag\vendor\codeigniter4\framework\system\Database\BaseConnection.php(741): CodeIgniter\Database\Postgre\Connection->execute('select true as ...')
#3 C:\xampp7\htdocs\apps\disperindag\vendor\codeigniter4\framework\system\Database\BaseConnection.php(669): CodeIgniter\Database\BaseConnection->simpleQuery('select true as ...')
#4 C:\xampp7\htdocs\apps\disperindag\app\Libraries\SmartComponent\Datasource.php(72): CodeIgniter\Database\BaseConnection->query('select true as ...')
#5 C:\xampp7\htdocs\apps\disperindag\app\Libraries\SmartComponent\Grid.php(128): App\Libraries\SmartComponent\Datasource->run()
#6 C:\xampp7\htdocs\apps\disperindag\app\Libraries\SmartComponent\Grid.php(97): App\Libraries\SmartComponent\Grid->get_datasource()
#7 C:\xampp7\htdocs\apps\disperindag\app\Controllers\Admin\Home.php(89): App\Libraries\SmartComponent\Grid->output()
#8 C:\xampp7\htdocs\apps\disperindag\vendor\codeigniter4\framework\system\CodeIgniter.php(918): App\Controllers\Admin\Home->grid()
#9 C:\xampp7\htdocs\apps\disperindag\vendor\codeigniter4\framework\system\CodeIgniter.php(404): CodeIgniter\CodeIgniter->runController(Object(App\Controllers\Admin\Home))
#10 C:\xampp7\htdocs\apps\disperindag\vendor\codeigniter4\framework\system\CodeIgniter.php(312): CodeIgniter\CodeIgniter->handleRequest(NULL, Object(Config\Cache), false)
#11 C:\xampp7\htdocs\apps\disperindag\public\index.php(45): CodeIgniter\CodeIgniter->run()
#12 {main}
CRITICAL - 2020-09-16 03:15:03 --> Uncaught CodeIgniter\Format\Exceptions\FormatException: Failed to parse json string, error: "Type is not supported". in C:\xampp7\htdocs\apps\disperindag\vendor\codeigniter4\framework\system\Format\Exceptions\FormatException.php:9
Stack trace:
#0 C:\xampp7\htdocs\apps\disperindag\vendor\codeigniter4\framework\system\Format\JSONFormatter.php(71): CodeIgniter\Format\Exceptions\FormatException::forInvalidJSON('Type is not sup...')
#1 C:\xampp7\htdocs\apps\disperindag\vendor\codeigniter4\framework\system\API\ResponseTrait.php(414): CodeIgniter\Format\JSONFormatter->format(Array)
#2 C:\xampp7\htdocs\apps\disperindag\vendor\codeigniter4\framework\system\API\ResponseTrait.php(134): CodeIgniter\Debug\Exceptions->format(Array)
#3 C:\xampp7\htdocs\apps\disperindag\vendor\codeigniter4\framework\system\Debug\Exceptions.php(168): CodeIgniter\Debug\Exceptions->respond(Array, 500)
#4 [internal function]: CodeIgniter\Debug\Exceptions->exceptionHandler(Object(ErrorException))
#5 {main}
  thrown
#0 [internal function]: CodeIgniter\Debug\Exceptions->shutdownHandler()
#1 {main}
CRITICAL - 2020-09-16 03:15:04 --> pg_query(): Query failed: ERROR:  column &quot;user_nama_lengkap&quot; does not exist
LINE 1: select true as id order by user_nama_lengkap asc, kasir_log_...
                                   ^
#0 [internal function]: CodeIgniter\Debug\Exceptions->errorHandler(2, 'pg_query(): Que...', 'C:\\xampp7\\htdoc...', 196, Array)
#1 C:\xampp7\htdocs\apps\disperindag\vendor\codeigniter4\framework\system\Database\Postgre\Connection.php(196): pg_query(Resource id #119, 'select true as ...')
#2 C:\xampp7\htdocs\apps\disperindag\vendor\codeigniter4\framework\system\Database\BaseConnection.php(741): CodeIgniter\Database\Postgre\Connection->execute('select true as ...')
#3 C:\xampp7\htdocs\apps\disperindag\vendor\codeigniter4\framework\system\Database\BaseConnection.php(669): CodeIgniter\Database\BaseConnection->simpleQuery('select true as ...')
#4 C:\xampp7\htdocs\apps\disperindag\app\Libraries\SmartComponent\Datasource.php(72): CodeIgniter\Database\BaseConnection->query('select true as ...')
#5 C:\xampp7\htdocs\apps\disperindag\app\Libraries\SmartComponent\Grid.php(128): App\Libraries\SmartComponent\Datasource->run()
#6 C:\xampp7\htdocs\apps\disperindag\app\Libraries\SmartComponent\Grid.php(97): App\Libraries\SmartComponent\Grid->get_datasource()
#7 C:\xampp7\htdocs\apps\disperindag\app\Controllers\Admin\Home.php(89): App\Libraries\SmartComponent\Grid->output()
#8 C:\xampp7\htdocs\apps\disperindag\vendor\codeigniter4\framework\system\CodeIgniter.php(918): App\Controllers\Admin\Home->grid()
#9 C:\xampp7\htdocs\apps\disperindag\vendor\codeigniter4\framework\system\CodeIgniter.php(404): CodeIgniter\CodeIgniter->runController(Object(App\Controllers\Admin\Home))
#10 C:\xampp7\htdocs\apps\disperindag\vendor\codeigniter4\framework\system\CodeIgniter.php(312): CodeIgniter\CodeIgniter->handleRequest(NULL, Object(Config\Cache), false)
#11 C:\xampp7\htdocs\apps\disperindag\public\index.php(45): CodeIgniter\CodeIgniter->run()
#12 {main}
CRITICAL - 2020-09-16 03:15:04 --> Uncaught CodeIgniter\Format\Exceptions\FormatException: Failed to parse json string, error: "Type is not supported". in C:\xampp7\htdocs\apps\disperindag\vendor\codeigniter4\framework\system\Format\Exceptions\FormatException.php:9
Stack trace:
#0 C:\xampp7\htdocs\apps\disperindag\vendor\codeigniter4\framework\system\Format\JSONFormatter.php(71): CodeIgniter\Format\Exceptions\FormatException::forInvalidJSON('Type is not sup...')
#1 C:\xampp7\htdocs\apps\disperindag\vendor\codeigniter4\framework\system\API\ResponseTrait.php(414): CodeIgniter\Format\JSONFormatter->format(Array)
#2 C:\xampp7\htdocs\apps\disperindag\vendor\codeigniter4\framework\system\API\ResponseTrait.php(134): CodeIgniter\Debug\Exceptions->format(Array)
#3 C:\xampp7\htdocs\apps\disperindag\vendor\codeigniter4\framework\system\Debug\Exceptions.php(168): CodeIgniter\Debug\Exceptions->respond(Array, 500)
#4 [internal function]: CodeIgniter\Debug\Exceptions->exceptionHandler(Object(ErrorException))
#5 {main}
  thrown
#0 [internal function]: CodeIgniter\Debug\Exceptions->shutdownHandler()
#1 {main}
CRITICAL - 2020-09-16 03:15:04 --> pg_query(): Query failed: ERROR:  column &quot;user_nama_lengkap&quot; does not exist
LINE 1: select true as id order by user_nama_lengkap asc, kasir_log_...
                                   ^
#0 [internal function]: CodeIgniter\Debug\Exceptions->errorHandler(2, 'pg_query(): Que...', 'C:\\xampp7\\htdoc...', 196, Array)
#1 C:\xampp7\htdocs\apps\disperindag\vendor\codeigniter4\framework\system\Database\Postgre\Connection.php(196): pg_query(Resource id #119, 'select true as ...')
#2 C:\xampp7\htdocs\apps\disperindag\vendor\codeigniter4\framework\system\Database\BaseConnection.php(741): CodeIgniter\Database\Postgre\Connection->execute('select true as ...')
#3 C:\xampp7\htdocs\apps\disperindag\vendor\codeigniter4\framework\system\Database\BaseConnection.php(669): CodeIgniter\Database\BaseConnection->simpleQuery('select true as ...')
#4 C:\xampp7\htdocs\apps\disperindag\app\Libraries\SmartComponent\Datasource.php(72): CodeIgniter\Database\BaseConnection->query('select true as ...')
#5 C:\xampp7\htdocs\apps\disperindag\app\Libraries\SmartComponent\Grid.php(128): App\Libraries\SmartComponent\Datasource->run()
#6 C:\xampp7\htdocs\apps\disperindag\app\Libraries\SmartComponent\Grid.php(97): App\Libraries\SmartComponent\Grid->get_datasource()
#7 C:\xampp7\htdocs\apps\disperindag\app\Controllers\Admin\Home.php(89): App\Libraries\SmartComponent\Grid->output()
#8 C:\xampp7\htdocs\apps\disperindag\vendor\codeigniter4\framework\system\CodeIgniter.php(918): App\Controllers\Admin\Home->grid()
#9 C:\xampp7\htdocs\apps\disperindag\vendor\codeigniter4\framework\system\CodeIgniter.php(404): CodeIgniter\CodeIgniter->runController(Object(App\Controllers\Admin\Home))
#10 C:\xampp7\htdocs\apps\disperindag\vendor\codeigniter4\framework\system\CodeIgniter.php(312): CodeIgniter\CodeIgniter->handleRequest(NULL, Object(Config\Cache), false)
#11 C:\xampp7\htdocs\apps\disperindag\public\index.php(45): CodeIgniter\CodeIgniter->run()
#12 {main}
CRITICAL - 2020-09-16 03:15:04 --> Uncaught CodeIgniter\Format\Exceptions\FormatException: Failed to parse json string, error: "Type is not supported". in C:\xampp7\htdocs\apps\disperindag\vendor\codeigniter4\framework\system\Format\Exceptions\FormatException.php:9
Stack trace:
#0 C:\xampp7\htdocs\apps\disperindag\vendor\codeigniter4\framework\system\Format\JSONFormatter.php(71): CodeIgniter\Format\Exceptions\FormatException::forInvalidJSON('Type is not sup...')
#1 C:\xampp7\htdocs\apps\disperindag\vendor\codeigniter4\framework\system\API\ResponseTrait.php(414): CodeIgniter\Format\JSONFormatter->format(Array)
#2 C:\xampp7\htdocs\apps\disperindag\vendor\codeigniter4\framework\system\API\ResponseTrait.php(134): CodeIgniter\Debug\Exceptions->format(Array)
#3 C:\xampp7\htdocs\apps\disperindag\vendor\codeigniter4\framework\system\Debug\Exceptions.php(168): CodeIgniter\Debug\Exceptions->respond(Array, 500)
#4 [internal function]: CodeIgniter\Debug\Exceptions->exceptionHandler(Object(ErrorException))
#5 {main}
  thrown
#0 [internal function]: CodeIgniter\Debug\Exceptions->shutdownHandler()
#1 {main}
CRITICAL - 2020-09-16 03:15:05 --> pg_query(): Query failed: ERROR:  column &quot;user_nama_lengkap&quot; does not exist
LINE 1: select true as id order by user_nama_lengkap asc, kasir_log_...
                                   ^
#0 [internal function]: CodeIgniter\Debug\Exceptions->errorHandler(2, 'pg_query(): Que...', 'C:\\xampp7\\htdoc...', 196, Array)
#1 C:\xampp7\htdocs\apps\disperindag\vendor\codeigniter4\framework\system\Database\Postgre\Connection.php(196): pg_query(Resource id #119, 'select true as ...')
#2 C:\xampp7\htdocs\apps\disperindag\vendor\codeigniter4\framework\system\Database\BaseConnection.php(741): CodeIgniter\Database\Postgre\Connection->execute('select true as ...')
#3 C:\xampp7\htdocs\apps\disperindag\vendor\codeigniter4\framework\system\Database\BaseConnection.php(669): CodeIgniter\Database\BaseConnection->simpleQuery('select true as ...')
#4 C:\xampp7\htdocs\apps\disperindag\app\Libraries\SmartComponent\Datasource.php(72): CodeIgniter\Database\BaseConnection->query('select true as ...')
#5 C:\xampp7\htdocs\apps\disperindag\app\Libraries\SmartComponent\Grid.php(128): App\Libraries\SmartComponent\Datasource->run()
#6 C:\xampp7\htdocs\apps\disperindag\app\Libraries\SmartComponent\Grid.php(97): App\Libraries\SmartComponent\Grid->get_datasource()
#7 C:\xampp7\htdocs\apps\disperindag\app\Controllers\Admin\Home.php(89): App\Libraries\SmartComponent\Grid->output()
#8 C:\xampp7\htdocs\apps\disperindag\vendor\codeigniter4\framework\system\CodeIgniter.php(918): App\Controllers\Admin\Home->grid()
#9 C:\xampp7\htdocs\apps\disperindag\vendor\codeigniter4\framework\system\CodeIgniter.php(404): CodeIgniter\CodeIgniter->runController(Object(App\Controllers\Admin\Home))
#10 C:\xampp7\htdocs\apps\disperindag\vendor\codeigniter4\framework\system\CodeIgniter.php(312): CodeIgniter\CodeIgniter->handleRequest(NULL, Object(Config\Cache), false)
#11 C:\xampp7\htdocs\apps\disperindag\public\index.php(45): CodeIgniter\CodeIgniter->run()
#12 {main}
CRITICAL - 2020-09-16 03:15:05 --> Uncaught CodeIgniter\Format\Exceptions\FormatException: Failed to parse json string, error: "Type is not supported". in C:\xampp7\htdocs\apps\disperindag\vendor\codeigniter4\framework\system\Format\Exceptions\FormatException.php:9
Stack trace:
#0 C:\xampp7\htdocs\apps\disperindag\vendor\codeigniter4\framework\system\Format\JSONFormatter.php(71): CodeIgniter\Format\Exceptions\FormatException::forInvalidJSON('Type is not sup...')
#1 C:\xampp7\htdocs\apps\disperindag\vendor\codeigniter4\framework\system\API\ResponseTrait.php(414): CodeIgniter\Format\JSONFormatter->format(Array)
#2 C:\xampp7\htdocs\apps\disperindag\vendor\codeigniter4\framework\system\API\ResponseTrait.php(134): CodeIgniter\Debug\Exceptions->format(Array)
#3 C:\xampp7\htdocs\apps\disperindag\vendor\codeigniter4\framework\system\Debug\Exceptions.php(168): CodeIgniter\Debug\Exceptions->respond(Array, 500)
#4 [internal function]: CodeIgniter\Debug\Exceptions->exceptionHandler(Object(ErrorException))
#5 {main}
  thrown
#0 [internal function]: CodeIgniter\Debug\Exceptions->shutdownHandler()
#1 {main}
CRITICAL - 2020-09-16 03:25:16 --> Invalid file: admin/survey.php
#0 C:\xampp7\htdocs\apps\disperindag\vendor\codeigniter4\framework\system\View\View.php(228): CodeIgniter\Exceptions\FrameworkException::forInvalidFile('admin/survey.ph...')
#1 C:\xampp7\htdocs\apps\disperindag\vendor\codeigniter4\framework\system\Common.php(1119): CodeIgniter\View\View->render('admin/survey', Array, true)
#2 C:\xampp7\htdocs\apps\disperindag\app\Controllers\Admin\Survey.php(27): view('admin/survey', Array)
#3 C:\xampp7\htdocs\apps\disperindag\vendor\codeigniter4\framework\system\CodeIgniter.php(918): App\Controllers\Admin\Survey->index()
#4 C:\xampp7\htdocs\apps\disperindag\vendor\codeigniter4\framework\system\CodeIgniter.php(404): CodeIgniter\CodeIgniter->runController(Object(App\Controllers\Admin\Survey))
#5 C:\xampp7\htdocs\apps\disperindag\vendor\codeigniter4\framework\system\CodeIgniter.php(312): CodeIgniter\CodeIgniter->handleRequest(NULL, Object(Config\Cache), false)
#6 C:\xampp7\htdocs\apps\disperindag\public\index.php(45): CodeIgniter\CodeIgniter->run()
#7 {main}
CRITICAL - 2020-09-16 03:25:43 --> Undefined variable: title
#0 C:\xampp7\htdocs\apps\disperindag\app\Views\admin\survey.php(8): CodeIgniter\Debug\Exceptions->errorHandler(8, 'Undefined varia...', 'C:\\xampp7\\htdoc...', 8, Array)
#1 C:\xampp7\htdocs\apps\disperindag\vendor\codeigniter4\framework\system\View\View.php(246): include('C:\\xampp7\\htdoc...')
#2 C:\xampp7\htdocs\apps\disperindag\vendor\codeigniter4\framework\system\Common.php(1119): CodeIgniter\View\View->render('admin/survey', Array, true)
#3 C:\xampp7\htdocs\apps\disperindag\app\Controllers\Admin\Survey.php(27): view('admin/survey', Array)
#4 C:\xampp7\htdocs\apps\disperindag\vendor\codeigniter4\framework\system\CodeIgniter.php(918): App\Controllers\Admin\Survey->index()
#5 C:\xampp7\htdocs\apps\disperindag\vendor\codeigniter4\framework\system\CodeIgniter.php(404): CodeIgniter\CodeIgniter->runController(Object(App\Controllers\Admin\Survey))
#6 C:\xampp7\htdocs\apps\disperindag\vendor\codeigniter4\framework\system\CodeIgniter.php(312): CodeIgniter\CodeIgniter->handleRequest(NULL, Object(Config\Cache), false)
#7 C:\xampp7\htdocs\apps\disperindag\public\index.php(45): CodeIgniter\CodeIgniter->run()
#8 {main}
CRITICAL - 2020-09-16 03:28:05 --> syntax error, unexpected 'if' (T_IF)
#0 C:\xampp7\htdocs\apps\disperindag\vendor\codeigniter4\framework\system\Router\Router.php(195): CodeIgniter\Router\Router->autoRoute('admin/survey')
#1 C:\xampp7\htdocs\apps\disperindag\vendor\codeigniter4\framework\system\CodeIgniter.php(793): CodeIgniter\Router\Router->handle('admin/survey')
#2 C:\xampp7\htdocs\apps\disperindag\vendor\codeigniter4\framework\system\CodeIgniter.php(364): CodeIgniter\CodeIgniter->tryToRouteIt(Object(CodeIgniter\Router\RouteCollection))
#3 C:\xampp7\htdocs\apps\disperindag\vendor\codeigniter4\framework\system\CodeIgniter.php(312): CodeIgniter\CodeIgniter->handleRequest(NULL, Object(Config\Cache), false)
#4 C:\xampp7\htdocs\apps\disperindag\public\index.php(45): CodeIgniter\CodeIgniter->run()
#5 {main}
CRITICAL - 2020-09-16 03:29:26 --> Object of class CodeIgniter\HTTP\RedirectResponse could not be converted to string
#0 C:\xampp7\htdocs\apps\disperindag\vendor\codeigniter4\framework\system\View\View.php(246): include()
#1 C:\xampp7\htdocs\apps\disperindag\vendor\codeigniter4\framework\system\Common.php(1119): CodeIgniter\View\View->render('admin/survey', Array, true)
#2 C:\xampp7\htdocs\apps\disperindag\app\Controllers\Admin\Survey.php(27): view('admin/survey', Array)
#3 C:\xampp7\htdocs\apps\disperindag\vendor\codeigniter4\framework\system\CodeIgniter.php(918): App\Controllers\Admin\Survey->index()
#4 C:\xampp7\htdocs\apps\disperindag\vendor\codeigniter4\framework\system\CodeIgniter.php(404): CodeIgniter\CodeIgniter->runController(Object(App\Controllers\Admin\Survey))
#5 C:\xampp7\htdocs\apps\disperindag\vendor\codeigniter4\framework\system\CodeIgniter.php(312): CodeIgniter\CodeIgniter->handleRequest(NULL, Object(Config\Cache), false)
#6 C:\xampp7\htdocs\apps\disperindag\public\index.php(45): CodeIgniter\CodeIgniter->run()
#7 {main}
CRITICAL - 2020-09-16 03:32:25 --> Undefined variable: form
#0 C:\xampp7\htdocs\apps\disperindag\app\Views\admin\survey.php(10): CodeIgniter\Debug\Exceptions->errorHandler(8, 'Undefined varia...', 'C:\\xampp7\\htdoc...', 10, Array)
#1 C:\xampp7\htdocs\apps\disperindag\vendor\codeigniter4\framework\system\View\View.php(246): include('C:\\xampp7\\htdoc...')
#2 C:\xampp7\htdocs\apps\disperindag\vendor\codeigniter4\framework\system\Common.php(1119): CodeIgniter\View\View->render('admin/survey', Array, true)
#3 C:\xampp7\htdocs\apps\disperindag\app\Controllers\Admin\Survey.php(105): view('admin/survey', Array)
#4 C:\xampp7\htdocs\apps\disperindag\vendor\codeigniter4\framework\system\CodeIgniter.php(918): App\Controllers\Admin\Survey->start('2020-09-16')
#5 C:\xampp7\htdocs\apps\disperindag\vendor\codeigniter4\framework\system\CodeIgniter.php(404): CodeIgniter\CodeIgniter->runController(Object(App\Controllers\Admin\Survey))
#6 C:\xampp7\htdocs\apps\disperindag\vendor\codeigniter4\framework\system\CodeIgniter.php(312): CodeIgniter\CodeIgniter->handleRequest(NULL, Object(Config\Cache), false)
#7 C:\xampp7\htdocs\apps\disperindag\public\index.php(45): CodeIgniter\CodeIgniter->run()
#8 {main}
CRITICAL - 2020-09-16 03:35:52 --> Object of class CodeIgniter\HTTP\Response could not be converted to string
#0 C:\xampp7\htdocs\apps\disperindag\vendor\codeigniter4\framework\system\View\View.php(246): include()
#1 C:\xampp7\htdocs\apps\disperindag\vendor\codeigniter4\framework\system\Common.php(1119): CodeIgniter\View\View->render('admin/survey', Array, true)
#2 C:\xampp7\htdocs\apps\disperindag\app\Controllers\Admin\Survey.php(27): view('admin/survey', Array)
#3 C:\xampp7\htdocs\apps\disperindag\vendor\codeigniter4\framework\system\CodeIgniter.php(918): App\Controllers\Admin\Survey->index()
#4 C:\xampp7\htdocs\apps\disperindag\vendor\codeigniter4\framework\system\CodeIgniter.php(404): CodeIgniter\CodeIgniter->runController(Object(App\Controllers\Admin\Survey))
#5 C:\xampp7\htdocs\apps\disperindag\vendor\codeigniter4\framework\system\CodeIgniter.php(312): CodeIgniter\CodeIgniter->handleRequest(NULL, Object(Config\Cache), false)
#6 C:\xampp7\htdocs\apps\disperindag\public\index.php(45): CodeIgniter\CodeIgniter->run()
#7 {main}
CRITICAL - 2020-09-16 03:36:45 --> Object of class CodeIgniter\HTTP\RedirectResponse could not be converted to string
#0 C:\xampp7\htdocs\apps\disperindag\vendor\codeigniter4\framework\system\View\View.php(246): include()
#1 C:\xampp7\htdocs\apps\disperindag\vendor\codeigniter4\framework\system\Common.php(1119): CodeIgniter\View\View->render('admin/survey', Array, true)
#2 C:\xampp7\htdocs\apps\disperindag\app\Controllers\Admin\Survey.php(27): view('admin/survey', Array)
#3 C:\xampp7\htdocs\apps\disperindag\vendor\codeigniter4\framework\system\CodeIgniter.php(918): App\Controllers\Admin\Survey->index()
#4 C:\xampp7\htdocs\apps\disperindag\vendor\codeigniter4\framework\system\CodeIgniter.php(404): CodeIgniter\CodeIgniter->runController(Object(App\Controllers\Admin\Survey))
#5 C:\xampp7\htdocs\apps\disperindag\vendor\codeigniter4\framework\system\CodeIgniter.php(312): CodeIgniter\CodeIgniter->handleRequest(NULL, Object(Config\Cache), false)
#6 C:\xampp7\htdocs\apps\disperindag\public\index.php(45): CodeIgniter\CodeIgniter->run()
#7 {main}
CRITICAL - 2020-09-16 03:53:25 --> Undefined index: autofocus
#0 C:\xampp7\htdocs\apps\disperindag\app\Libraries\SmartComponent\Form.php(114): CodeIgniter\Debug\Exceptions->errorHandler(8, 'Undefined index...', 'C:\\xampp7\\htdoc...', 114, Array)
#1 C:\xampp7\htdocs\apps\disperindag\app\Controllers\Admin\Survey.php(89): App\Libraries\SmartComponent\Form->add('produk_1', 'Bengawan', 'number', true, 0, '')
#2 C:\xampp7\htdocs\apps\disperindag\app\Controllers\Admin\Survey.php(79): App\Controllers\Admin\Survey->formSurvey('2020-09-16', '1')
#3 C:\xampp7\htdocs\apps\disperindag\vendor\codeigniter4\framework\system\CodeIgniter.php(918): App\Controllers\Admin\Survey->start('2020-09-16', '1')
#4 C:\xampp7\htdocs\apps\disperindag\vendor\codeigniter4\framework\system\CodeIgniter.php(404): CodeIgniter\CodeIgniter->runController(Object(App\Controllers\Admin\Survey))
#5 C:\xampp7\htdocs\apps\disperindag\vendor\codeigniter4\framework\system\CodeIgniter.php(312): CodeIgniter\CodeIgniter->handleRequest(NULL, Object(Config\Cache), false)
#6 C:\xampp7\htdocs\apps\disperindag\public\index.php(45): CodeIgniter\CodeIgniter->run()
#7 {main}
CRITICAL - 2020-09-16 03:53:50 --> Undefined variable: extraJS
#0 C:\xampp7\htdocs\apps\disperindag\app\Libraries\SmartComponent\Form.php(117): CodeIgniter\Debug\Exceptions->errorHandler(8, 'Undefined varia...', 'C:\\xampp7\\htdoc...', 117, Array)
#1 C:\xampp7\htdocs\apps\disperindag\app\Controllers\Admin\Survey.php(89): App\Libraries\SmartComponent\Form->add('produk_1', 'Bengawan', 'number', true, 0, '')
#2 C:\xampp7\htdocs\apps\disperindag\app\Controllers\Admin\Survey.php(79): App\Controllers\Admin\Survey->formSurvey('2020-09-16', '1')
#3 C:\xampp7\htdocs\apps\disperindag\vendor\codeigniter4\framework\system\CodeIgniter.php(918): App\Controllers\Admin\Survey->start('2020-09-16', '1')
#4 C:\xampp7\htdocs\apps\disperindag\vendor\codeigniter4\framework\system\CodeIgniter.php(404): CodeIgniter\CodeIgniter->runController(Object(App\Controllers\Admin\Survey))
#5 C:\xampp7\htdocs\apps\disperindag\vendor\codeigniter4\framework\system\CodeIgniter.php(312): CodeIgniter\CodeIgniter->handleRequest(NULL, Object(Config\Cache), false)
#6 C:\xampp7\htdocs\apps\disperindag\public\index.php(45): CodeIgniter\CodeIgniter->run()
#7 {main}
CRITICAL - 2020-09-16 03:54:09 --> Undefined variable: extraJS
#0 C:\xampp7\htdocs\apps\disperindag\app\Libraries\SmartComponent\Form.php(118): CodeIgniter\Debug\Exceptions->errorHandler(8, 'Undefined varia...', 'C:\\xampp7\\htdoc...', 118, Array)
#1 C:\xampp7\htdocs\apps\disperindag\app\Controllers\Admin\Survey.php(89): App\Libraries\SmartComponent\Form->add('produk_1', 'Bengawan', 'number', true, 0, '')
#2 C:\xampp7\htdocs\apps\disperindag\app\Controllers\Admin\Survey.php(79): App\Controllers\Admin\Survey->formSurvey('2020-09-16', '1')
#3 C:\xampp7\htdocs\apps\disperindag\vendor\codeigniter4\framework\system\CodeIgniter.php(918): App\Controllers\Admin\Survey->start('2020-09-16', '1')
#4 C:\xampp7\htdocs\apps\disperindag\vendor\codeigniter4\framework\system\CodeIgniter.php(404): CodeIgniter\CodeIgniter->runController(Object(App\Controllers\Admin\Survey))
#5 C:\xampp7\htdocs\apps\disperindag\vendor\codeigniter4\framework\system\CodeIgniter.php(312): CodeIgniter\CodeIgniter->handleRequest(NULL, Object(Config\Cache), false)
#6 C:\xampp7\htdocs\apps\disperindag\public\index.php(45): CodeIgniter\CodeIgniter->run()
#7 {main}
CRITICAL - 2020-09-16 03:54:12 --> Undefined variable: extraJS
#0 C:\xampp7\htdocs\apps\disperindag\app\Libraries\SmartComponent\Form.php(118): CodeIgniter\Debug\Exceptions->errorHandler(8, 'Undefined varia...', 'C:\\xampp7\\htdoc...', 118, Array)
#1 C:\xampp7\htdocs\apps\disperindag\app\Controllers\Admin\Survey.php(89): App\Libraries\SmartComponent\Form->add('produk_1', 'Bengawan', 'number', true, 0, '')
#2 C:\xampp7\htdocs\apps\disperindag\app\Controllers\Admin\Survey.php(79): App\Controllers\Admin\Survey->formSurvey('2020-09-16', '1')
#3 C:\xampp7\htdocs\apps\disperindag\vendor\codeigniter4\framework\system\CodeIgniter.php(918): App\Controllers\Admin\Survey->start('2020-09-16', '1')
#4 C:\xampp7\htdocs\apps\disperindag\vendor\codeigniter4\framework\system\CodeIgniter.php(404): CodeIgniter\CodeIgniter->runController(Object(App\Controllers\Admin\Survey))
#5 C:\xampp7\htdocs\apps\disperindag\vendor\codeigniter4\framework\system\CodeIgniter.php(312): CodeIgniter\CodeIgniter->handleRequest(NULL, Object(Config\Cache), false)
#6 C:\xampp7\htdocs\apps\disperindag\public\index.php(45): CodeIgniter\CodeIgniter->run()
#7 {main}
CRITICAL - 2020-09-16 03:54:30 --> Invalid file: admin/surveyStart.php
#0 C:\xampp7\htdocs\apps\disperindag\vendor\codeigniter4\framework\system\View\View.php(228): CodeIgniter\Exceptions\FrameworkException::forInvalidFile('admin/surveySta...')
#1 C:\xampp7\htdocs\apps\disperindag\vendor\codeigniter4\framework\system\Common.php(1119): CodeIgniter\View\View->render('admin/surveySta...', Array, true)
#2 C:\xampp7\htdocs\apps\disperindag\app\Controllers\Admin\Survey.php(80): view('admin/surveySta...', Array)
#3 C:\xampp7\htdocs\apps\disperindag\vendor\codeigniter4\framework\system\CodeIgniter.php(918): App\Controllers\Admin\Survey->start('2020-09-16', '1')
#4 C:\xampp7\htdocs\apps\disperindag\vendor\codeigniter4\framework\system\CodeIgniter.php(404): CodeIgniter\CodeIgniter->runController(Object(App\Controllers\Admin\Survey))
#5 C:\xampp7\htdocs\apps\disperindag\vendor\codeigniter4\framework\system\CodeIgniter.php(312): CodeIgniter\CodeIgniter->handleRequest(NULL, Object(Config\Cache), false)
#6 C:\xampp7\htdocs\apps\disperindag\public\index.php(45): CodeIgniter\CodeIgniter->run()
#7 {main}
CRITICAL - 2020-09-16 03:54:36 --> Invalid file: admin/surveyStart.php
#0 C:\xampp7\htdocs\apps\disperindag\vendor\codeigniter4\framework\system\View\View.php(228): CodeIgniter\Exceptions\FrameworkException::forInvalidFile('admin/surveySta...')
#1 C:\xampp7\htdocs\apps\disperindag\vendor\codeigniter4\framework\system\Common.php(1119): CodeIgniter\View\View->render('admin/surveySta...', Array, true)
#2 C:\xampp7\htdocs\apps\disperindag\app\Controllers\Admin\Survey.php(80): view('admin/surveySta...', Array)
#3 C:\xampp7\htdocs\apps\disperindag\vendor\codeigniter4\framework\system\CodeIgniter.php(918): App\Controllers\Admin\Survey->start('2020-09-16', '1')
#4 C:\xampp7\htdocs\apps\disperindag\vendor\codeigniter4\framework\system\CodeIgniter.php(404): CodeIgniter\CodeIgniter->runController(Object(App\Controllers\Admin\Survey))
#5 C:\xampp7\htdocs\apps\disperindag\vendor\codeigniter4\framework\system\CodeIgniter.php(312): CodeIgniter\CodeIgniter->handleRequest(NULL, Object(Config\Cache), false)
#6 C:\xampp7\htdocs\apps\disperindag\public\index.php(45): CodeIgniter\CodeIgniter->run()
#7 {main}
CRITICAL - 2020-09-16 03:55:20 --> Invalid file: admin/surveyStart.php
#0 C:\xampp7\htdocs\apps\disperindag\vendor\codeigniter4\framework\system\View\View.php(228): CodeIgniter\Exceptions\FrameworkException::forInvalidFile('admin/surveySta...')
#1 C:\xampp7\htdocs\apps\disperindag\vendor\codeigniter4\framework\system\Common.php(1119): CodeIgniter\View\View->render('admin/surveySta...', Array, true)
#2 C:\xampp7\htdocs\apps\disperindag\app\Controllers\Admin\Survey.php(80): view('admin/surveySta...', Array)
#3 C:\xampp7\htdocs\apps\disperindag\vendor\codeigniter4\framework\system\CodeIgniter.php(918): App\Controllers\Admin\Survey->start('2020-09-16', '1')
#4 C:\xampp7\htdocs\apps\disperindag\vendor\codeigniter4\framework\system\CodeIgniter.php(404): CodeIgniter\CodeIgniter->runController(Object(App\Controllers\Admin\Survey))
#5 C:\xampp7\htdocs\apps\disperindag\vendor\codeigniter4\framework\system\CodeIgniter.php(312): CodeIgniter\CodeIgniter->handleRequest(NULL, Object(Config\Cache), false)
#6 C:\xampp7\htdocs\apps\disperindag\public\index.php(45): CodeIgniter\CodeIgniter->run()
#7 {main}
CRITICAL - 2020-09-16 03:56:52 --> Invalid file: admin/surveyStart.php
#0 C:\xampp7\htdocs\apps\disperindag\vendor\codeigniter4\framework\system\View\View.php(228): CodeIgniter\Exceptions\FrameworkException::forInvalidFile('admin/surveySta...')
#1 C:\xampp7\htdocs\apps\disperindag\vendor\codeigniter4\framework\system\Common.php(1119): CodeIgniter\View\View->render('admin/surveySta...', Array, true)
#2 C:\xampp7\htdocs\apps\disperindag\app\Controllers\Admin\Survey.php(80): view('admin/surveySta...', Array)
#3 C:\xampp7\htdocs\apps\disperindag\vendor\codeigniter4\framework\system\CodeIgniter.php(918): App\Controllers\Admin\Survey->start('2020-09-16', '1')
#4 C:\xampp7\htdocs\apps\disperindag\vendor\codeigniter4\framework\system\CodeIgniter.php(404): CodeIgniter\CodeIgniter->runController(Object(App\Controllers\Admin\Survey))
#5 C:\xampp7\htdocs\apps\disperindag\vendor\codeigniter4\framework\system\CodeIgniter.php(312): CodeIgniter\CodeIgniter->handleRequest(NULL, Object(Config\Cache), false)
#6 C:\xampp7\htdocs\apps\disperindag\public\index.php(45): CodeIgniter\CodeIgniter->run()
#7 {main}
CRITICAL - 2020-09-16 03:56:54 --> Invalid file: admin/surveyStart.php
#0 C:\xampp7\htdocs\apps\disperindag\vendor\codeigniter4\framework\system\View\View.php(228): CodeIgniter\Exceptions\FrameworkException::forInvalidFile('admin/surveySta...')
#1 C:\xampp7\htdocs\apps\disperindag\vendor\codeigniter4\framework\system\Common.php(1119): CodeIgniter\View\View->render('admin/surveySta...', Array, true)
#2 C:\xampp7\htdocs\apps\disperindag\app\Controllers\Admin\Survey.php(80): view('admin/surveySta...', Array)
#3 C:\xampp7\htdocs\apps\disperindag\vendor\codeigniter4\framework\system\CodeIgniter.php(918): App\Controllers\Admin\Survey->start('2020-09-16', '1')
#4 C:\xampp7\htdocs\apps\disperindag\vendor\codeigniter4\framework\system\CodeIgniter.php(404): CodeIgniter\CodeIgniter->runController(Object(App\Controllers\Admin\Survey))
#5 C:\xampp7\htdocs\apps\disperindag\vendor\codeigniter4\framework\system\CodeIgniter.php(312): CodeIgniter\CodeIgniter->handleRequest(NULL, Object(Config\Cache), false)
#6 C:\xampp7\htdocs\apps\disperindag\public\index.php(45): CodeIgniter\CodeIgniter->run()
#7 {main}
CRITICAL - 2020-09-16 04:11:55 --> Undefined variable: db
#0 C:\xampp7\htdocs\apps\disperindag\app\Controllers\Admin\Survey.php(93): CodeIgniter\Debug\Exceptions->errorHandler(8, 'Undefined varia...', 'C:\\xampp7\\htdoc...', 93, Array)
#1 C:\xampp7\htdocs\apps\disperindag\app\Controllers\Admin\Survey.php(79): App\Controllers\Admin\Survey->formSurvey('2020-09-16', '1')
#2 C:\xampp7\htdocs\apps\disperindag\vendor\codeigniter4\framework\system\CodeIgniter.php(918): App\Controllers\Admin\Survey->start('2020-09-16', '1')
#3 C:\xampp7\htdocs\apps\disperindag\vendor\codeigniter4\framework\system\CodeIgniter.php(404): CodeIgniter\CodeIgniter->runController(Object(App\Controllers\Admin\Survey))
#4 C:\xampp7\htdocs\apps\disperindag\vendor\codeigniter4\framework\system\CodeIgniter.php(312): CodeIgniter\CodeIgniter->handleRequest(NULL, Object(Config\Cache), false)
#5 C:\xampp7\htdocs\apps\disperindag\public\index.php(45): CodeIgniter\CodeIgniter->run()
#6 {main}
CRITICAL - 2020-09-16 04:12:06 --> pg_query(): Query failed: ERROR:  column &quot;survey_head_tanggal&quot; of relation &quot;survey_detail&quot; does not exist
LINE 1: INSERT INTO &quot;survey_detail&quot; (&quot;survey_head_tanggal&quot;, &quot;survey_...
                                     ^
#0 [internal function]: CodeIgniter\Debug\Exceptions->errorHandler(2, 'pg_query(): Que...', 'C:\\xampp7\\htdoc...', 196, Array)
#1 C:\xampp7\htdocs\apps\disperindag\vendor\codeigniter4\framework\system\Database\Postgre\Connection.php(196): pg_query(Resource id #117, 'INSERT INTO "su...')
#2 C:\xampp7\htdocs\apps\disperindag\vendor\codeigniter4\framework\system\Database\BaseConnection.php(741): CodeIgniter\Database\Postgre\Connection->execute('INSERT INTO "su...')
#3 C:\xampp7\htdocs\apps\disperindag\vendor\codeigniter4\framework\system\Database\BaseConnection.php(669): CodeIgniter\Database\BaseConnection->simpleQuery('INSERT INTO "su...')
#4 C:\xampp7\htdocs\apps\disperindag\vendor\codeigniter4\framework\system\Database\BaseBuilder.php(2249): CodeIgniter\Database\BaseConnection->query('INSERT INTO "su...', Array, false)
#5 C:\xampp7\htdocs\apps\disperindag\app\Controllers\Admin\Survey.php(100): CodeIgniter\Database\BaseBuilder->insert(Array)
#6 C:\xampp7\htdocs\apps\disperindag\app\Controllers\Admin\Survey.php(79): App\Controllers\Admin\Survey->formSurvey('2020-09-16', '1')
#7 C:\xampp7\htdocs\apps\disperindag\vendor\codeigniter4\framework\system\CodeIgniter.php(918): App\Controllers\Admin\Survey->start('2020-09-16', '1')
#8 C:\xampp7\htdocs\apps\disperindag\vendor\codeigniter4\framework\system\CodeIgniter.php(404): CodeIgniter\CodeIgniter->runController(Object(App\Controllers\Admin\Survey))
#9 C:\xampp7\htdocs\apps\disperindag\vendor\codeigniter4\framework\system\CodeIgniter.php(312): CodeIgniter\CodeIgniter->handleRequest(NULL, Object(Config\Cache), false)
#10 C:\xampp7\htdocs\apps\disperindag\public\index.php(45): CodeIgniter\CodeIgniter->run()
#11 {main}
CRITICAL - 2020-09-16 04:12:36 --> pg_query(): Query failed: ERROR:  duplicate key value violates unique constraint &quot;survey_head_uniq&quot;
DETAIL:  Key (survey_head_tanggal, survey_head_seller_id)=(2020-09-16, 1) already exists.
#0 [internal function]: CodeIgniter\Debug\Exceptions->errorHandler(2, 'pg_query(): Que...', 'C:\\xampp7\\htdoc...', 196, Array)
#1 C:\xampp7\htdocs\apps\disperindag\vendor\codeigniter4\framework\system\Database\Postgre\Connection.php(196): pg_query(Resource id #117, 'INSERT INTO "su...')
#2 C:\xampp7\htdocs\apps\disperindag\vendor\codeigniter4\framework\system\Database\BaseConnection.php(741): CodeIgniter\Database\Postgre\Connection->execute('INSERT INTO "su...')
#3 C:\xampp7\htdocs\apps\disperindag\vendor\codeigniter4\framework\system\Database\BaseConnection.php(669): CodeIgniter\Database\BaseConnection->simpleQuery('INSERT INTO "su...')
#4 C:\xampp7\htdocs\apps\disperindag\vendor\codeigniter4\framework\system\Database\BaseBuilder.php(2249): CodeIgniter\Database\BaseConnection->query('INSERT INTO "su...', Array, false)
#5 C:\xampp7\htdocs\apps\disperindag\app\Controllers\Admin\Survey.php(100): CodeIgniter\Database\BaseBuilder->insert(Array)
#6 C:\xampp7\htdocs\apps\disperindag\app\Controllers\Admin\Survey.php(79): App\Controllers\Admin\Survey->formSurvey('2020-09-16', '1')
#7 C:\xampp7\htdocs\apps\disperindag\vendor\codeigniter4\framework\system\CodeIgniter.php(918): App\Controllers\Admin\Survey->start('2020-09-16', '1')
#8 C:\xampp7\htdocs\apps\disperindag\vendor\codeigniter4\framework\system\CodeIgniter.php(404): CodeIgniter\CodeIgniter->runController(Object(App\Controllers\Admin\Survey))
#9 C:\xampp7\htdocs\apps\disperindag\vendor\codeigniter4\framework\system\CodeIgniter.php(312): CodeIgniter\CodeIgniter->handleRequest(NULL, Object(Config\Cache), false)
#10 C:\xampp7\htdocs\apps\disperindag\public\index.php(45): CodeIgniter\CodeIgniter->run()
#11 {main}
CRITICAL - 2020-09-16 04:12:51 --> pg_query(): Query failed: ERROR:  invalid input syntax for type real: &quot;&quot;
LINE 1: ...9-16'), ('2','10000',4,11,'1','2020-09-16'), ('2','',4,'subm...
                                                             ^
#0 [internal function]: CodeIgniter\Debug\Exceptions->errorHandler(2, 'pg_query(): Que...', 'C:\\xampp7\\htdoc...', 196, Array)
#1 C:\xampp7\htdocs\apps\disperindag\vendor\codeigniter4\framework\system\Database\Postgre\Connection.php(196): pg_query(Resource id #117, 'INSERT INTO "su...')
#2 C:\xampp7\htdocs\apps\disperindag\vendor\codeigniter4\framework\system\Database\BaseConnection.php(741): CodeIgniter\Database\Postgre\Connection->execute('INSERT INTO "su...')
#3 C:\xampp7\htdocs\apps\disperindag\vendor\codeigniter4\framework\system\Database\BaseConnection.php(669): CodeIgniter\Database\BaseConnection->simpleQuery('INSERT INTO "su...')
#4 C:\xampp7\htdocs\apps\disperindag\vendor\codeigniter4\framework\system\Database\BaseBuilder.php(2091): CodeIgniter\Database\BaseConnection->query('INSERT INTO "su...', Array, false)
#5 C:\xampp7\htdocs\apps\disperindag\app\Controllers\Admin\Survey.php(114): CodeIgniter\Database\BaseBuilder->insertBatch(Array)
#6 C:\xampp7\htdocs\apps\disperindag\app\Controllers\Admin\Survey.php(79): App\Controllers\Admin\Survey->formSurvey('2020-09-16', '1')
#7 C:\xampp7\htdocs\apps\disperindag\vendor\codeigniter4\framework\system\CodeIgniter.php(918): App\Controllers\Admin\Survey->start('2020-09-16', '1')
#8 C:\xampp7\htdocs\apps\disperindag\vendor\codeigniter4\framework\system\CodeIgniter.php(404): CodeIgniter\CodeIgniter->runController(Object(App\Controllers\Admin\Survey))
#9 C:\xampp7\htdocs\apps\disperindag\vendor\codeigniter4\framework\system\CodeIgniter.php(312): CodeIgniter\CodeIgniter->handleRequest(NULL, Object(Config\Cache), false)
#10 C:\xampp7\htdocs\apps\disperindag\public\index.php(45): CodeIgniter\CodeIgniter->run()
#11 {main}
CRITICAL - 2020-09-16 04:13:36 --> pg_query(): Query failed: ERROR:  duplicate key value violates unique constraint &quot;survey_head_uniq&quot;
DETAIL:  Key (survey_head_tanggal, survey_head_seller_id)=(2020-09-16, 1) already exists.
#0 [internal function]: CodeIgniter\Debug\Exceptions->errorHandler(2, 'pg_query(): Que...', 'C:\\xampp7\\htdoc...', 196, Array)
#1 C:\xampp7\htdocs\apps\disperindag\vendor\codeigniter4\framework\system\Database\Postgre\Connection.php(196): pg_query(Resource id #117, 'INSERT INTO "su...')
#2 C:\xampp7\htdocs\apps\disperindag\vendor\codeigniter4\framework\system\Database\BaseConnection.php(741): CodeIgniter\Database\Postgre\Connection->execute('INSERT INTO "su...')
#3 C:\xampp7\htdocs\apps\disperindag\vendor\codeigniter4\framework\system\Database\BaseConnection.php(669): CodeIgniter\Database\BaseConnection->simpleQuery('INSERT INTO "su...')
#4 C:\xampp7\htdocs\apps\disperindag\vendor\codeigniter4\framework\system\Database\BaseBuilder.php(2249): CodeIgniter\Database\BaseConnection->query('INSERT INTO "su...', Array, false)
#5 C:\xampp7\htdocs\apps\disperindag\app\Controllers\Admin\Survey.php(100): CodeIgniter\Database\BaseBuilder->insert(Array)
#6 C:\xampp7\htdocs\apps\disperindag\app\Controllers\Admin\Survey.php(79): App\Controllers\Admin\Survey->formSurvey('2020-09-16', '1')
#7 C:\xampp7\htdocs\apps\disperindag\vendor\codeigniter4\framework\system\CodeIgniter.php(918): App\Controllers\Admin\Survey->start('2020-09-16', '1')
#8 C:\xampp7\htdocs\apps\disperindag\vendor\codeigniter4\framework\system\CodeIgniter.php(404): CodeIgniter\CodeIgniter->runController(Object(App\Controllers\Admin\Survey))
#9 C:\xampp7\htdocs\apps\disperindag\vendor\codeigniter4\framework\system\CodeIgniter.php(312): CodeIgniter\CodeIgniter->handleRequest(NULL, Object(Config\Cache), false)
#10 C:\xampp7\htdocs\apps\disperindag\public\index.php(45): CodeIgniter\CodeIgniter->run()
#11 {main}
CRITICAL - 2020-09-16 04:13:37 --> pg_query(): Query failed: ERROR:  duplicate key value violates unique constraint &quot;survey_head_uniq&quot;
DETAIL:  Key (survey_head_tanggal, survey_head_seller_id)=(2020-09-16, 1) already exists.
#0 [internal function]: CodeIgniter\Debug\Exceptions->errorHandler(2, 'pg_query(): Que...', 'C:\\xampp7\\htdoc...', 196, Array)
#1 C:\xampp7\htdocs\apps\disperindag\vendor\codeigniter4\framework\system\Database\Postgre\Connection.php(196): pg_query(Resource id #117, 'INSERT INTO "su...')
#2 C:\xampp7\htdocs\apps\disperindag\vendor\codeigniter4\framework\system\Database\BaseConnection.php(741): CodeIgniter\Database\Postgre\Connection->execute('INSERT INTO "su...')
#3 C:\xampp7\htdocs\apps\disperindag\vendor\codeigniter4\framework\system\Database\BaseConnection.php(669): CodeIgniter\Database\BaseConnection->simpleQuery('INSERT INTO "su...')
#4 C:\xampp7\htdocs\apps\disperindag\vendor\codeigniter4\framework\system\Database\BaseBuilder.php(2249): CodeIgniter\Database\BaseConnection->query('INSERT INTO "su...', Array, false)
#5 C:\xampp7\htdocs\apps\disperindag\app\Controllers\Admin\Survey.php(100): CodeIgniter\Database\BaseBuilder->insert(Array)
#6 C:\xampp7\htdocs\apps\disperindag\app\Controllers\Admin\Survey.php(79): App\Controllers\Admin\Survey->formSurvey('2020-09-16', '1')
#7 C:\xampp7\htdocs\apps\disperindag\vendor\codeigniter4\framework\system\CodeIgniter.php(918): App\Controllers\Admin\Survey->start('2020-09-16', '1')
#8 C:\xampp7\htdocs\apps\disperindag\vendor\codeigniter4\framework\system\CodeIgniter.php(404): CodeIgniter\CodeIgniter->runController(Object(App\Controllers\Admin\Survey))
#9 C:\xampp7\htdocs\apps\disperindag\vendor\codeigniter4\framework\system\CodeIgniter.php(312): CodeIgniter\CodeIgniter->handleRequest(NULL, Object(Config\Cache), false)
#10 C:\xampp7\htdocs\apps\disperindag\public\index.php(45): CodeIgniter\CodeIgniter->run()
#11 {main}
CRITICAL - 2020-09-16 04:22:41 --> pg_query(): Query failed: ERROR:  invalid input syntax for type real: &quot;&quot;
LINE 1: ...det_seller_id&quot;, &quot;survey_det_tanggal&quot;) VALUES ('2','',8,1,'3'...
                                                             ^
#0 [internal function]: CodeIgniter\Debug\Exceptions->errorHandler(2, 'pg_query(): Que...', 'C:\\xampp7\\htdoc...', 196, Array)
#1 C:\xampp7\htdocs\apps\disperindag\vendor\codeigniter4\framework\system\Database\Postgre\Connection.php(196): pg_query(Resource id #117, 'INSERT INTO "su...')
#2 C:\xampp7\htdocs\apps\disperindag\vendor\codeigniter4\framework\system\Database\BaseConnection.php(741): CodeIgniter\Database\Postgre\Connection->execute('INSERT INTO "su...')
#3 C:\xampp7\htdocs\apps\disperindag\vendor\codeigniter4\framework\system\Database\BaseConnection.php(669): CodeIgniter\Database\BaseConnection->simpleQuery('INSERT INTO "su...')
#4 C:\xampp7\htdocs\apps\disperindag\vendor\codeigniter4\framework\system\Database\BaseBuilder.php(2091): CodeIgniter\Database\BaseConnection->query('INSERT INTO "su...', Array, false)
#5 C:\xampp7\htdocs\apps\disperindag\app\Controllers\Admin\Survey.php(121): CodeIgniter\Database\BaseBuilder->insertBatch(Array)
#6 C:\xampp7\htdocs\apps\disperindag\app\Controllers\Admin\Survey.php(82): App\Controllers\Admin\Survey->formSurvey('2020-09-16', '3')
#7 C:\xampp7\htdocs\apps\disperindag\vendor\codeigniter4\framework\system\CodeIgniter.php(918): App\Controllers\Admin\Survey->start('2020-09-16', '3')
#8 C:\xampp7\htdocs\apps\disperindag\vendor\codeigniter4\framework\system\CodeIgniter.php(404): CodeIgniter\CodeIgniter->runController(Object(App\Controllers\Admin\Survey))
#9 C:\xampp7\htdocs\apps\disperindag\vendor\codeigniter4\framework\system\CodeIgniter.php(312): CodeIgniter\CodeIgniter->handleRequest(NULL, Object(Config\Cache), false)
#10 C:\xampp7\htdocs\apps\disperindag\public\index.php(45): CodeIgniter\CodeIgniter->run()
#11 {main}
CRITICAL - 2020-09-16 04:24:48 --> Too few arguments to function App\Controllers\Admin\Survey::pickSeller(), 0 passed in C:\xampp7\htdocs\apps\disperindag\vendor\codeigniter4\framework\system\CodeIgniter.php on line 918 and exactly 1 expected
#0 C:\xampp7\htdocs\apps\disperindag\vendor\codeigniter4\framework\system\CodeIgniter.php(918): App\Controllers\Admin\Survey->pickSeller()
#1 C:\xampp7\htdocs\apps\disperindag\vendor\codeigniter4\framework\system\CodeIgniter.php(404): CodeIgniter\CodeIgniter->runController(Object(App\Controllers\Admin\Survey))
#2 C:\xampp7\htdocs\apps\disperindag\vendor\codeigniter4\framework\system\CodeIgniter.php(312): CodeIgniter\CodeIgniter->handleRequest(NULL, Object(Config\Cache), false)
#3 C:\xampp7\htdocs\apps\disperindag\public\index.php(45): CodeIgniter\CodeIgniter->run()
#4 {main}
CRITICAL - 2020-09-16 22:34:37 --> Undefined index: field
#0 C:\xampp7\htdocs\apps\disperindag\app\Views\template\default_smart_grid.php(24): CodeIgniter\Debug\Exceptions->errorHandler(8, 'Undefined index...', 'C:\\xampp7\\htdoc...', 24, Array)
#1 C:\xampp7\htdocs\apps\disperindag\vendor\codeigniter4\framework\system\View\View.php(246): include('C:\\xampp7\\htdoc...')
#2 C:\xampp7\htdocs\apps\disperindag\vendor\codeigniter4\framework\system\Common.php(1119): CodeIgniter\View\View->render('template/defaul...', Array, true)
#3 C:\xampp7\htdocs\apps\disperindag\app\Libraries\SmartComponent\Grid.php(120): view('template/defaul...', Array)
#4 C:\xampp7\htdocs\apps\disperindag\app\Controllers\Admin\RefSeller.php(71): App\Libraries\SmartComponent\Grid->output()
#5 C:\xampp7\htdocs\apps\disperindag\app\Controllers\Admin\RefSeller.php(26): App\Controllers\Admin\RefSeller->grid()
#6 C:\xampp7\htdocs\apps\disperindag\vendor\codeigniter4\framework\system\CodeIgniter.php(918): App\Controllers\Admin\RefSeller->index()
#7 C:\xampp7\htdocs\apps\disperindag\vendor\codeigniter4\framework\system\CodeIgniter.php(404): CodeIgniter\CodeIgniter->runController(Object(App\Controllers\Admin\RefSeller))
#8 C:\xampp7\htdocs\apps\disperindag\vendor\codeigniter4\framework\system\CodeIgniter.php(312): CodeIgniter\CodeIgniter->handleRequest(NULL, Object(Config\Cache), false)
#9 C:\xampp7\htdocs\apps\disperindag\public\index.php(45): CodeIgniter\CodeIgniter->run()
#10 {main}
CRITICAL - 2020-09-16 22:34:40 --> Undefined index: field
#0 C:\xampp7\htdocs\apps\disperindag\app\Views\template\default_smart_grid.php(24): CodeIgniter\Debug\Exceptions->errorHandler(8, 'Undefined index...', 'C:\\xampp7\\htdoc...', 24, Array)
#1 C:\xampp7\htdocs\apps\disperindag\vendor\codeigniter4\framework\system\View\View.php(246): include('C:\\xampp7\\htdoc...')
#2 C:\xampp7\htdocs\apps\disperindag\vendor\codeigniter4\framework\system\Common.php(1119): CodeIgniter\View\View->render('template/defaul...', Array, true)
#3 C:\xampp7\htdocs\apps\disperindag\app\Libraries\SmartComponent\Grid.php(120): view('template/defaul...', Array)
#4 C:\xampp7\htdocs\apps\disperindag\app\Controllers\Admin\RefSeller.php(71): App\Libraries\SmartComponent\Grid->output()
#5 C:\xampp7\htdocs\apps\disperindag\app\Controllers\Admin\RefSeller.php(26): App\Controllers\Admin\RefSeller->grid()
#6 C:\xampp7\htdocs\apps\disperindag\vendor\codeigniter4\framework\system\CodeIgniter.php(918): App\Controllers\Admin\RefSeller->index()
#7 C:\xampp7\htdocs\apps\disperindag\vendor\codeigniter4\framework\system\CodeIgniter.php(404): CodeIgniter\CodeIgniter->runController(Object(App\Controllers\Admin\RefSeller))
#8 C:\xampp7\htdocs\apps\disperindag\vendor\codeigniter4\framework\system\CodeIgniter.php(312): CodeIgniter\CodeIgniter->handleRequest(NULL, Object(Config\Cache), false)
#9 C:\xampp7\htdocs\apps\disperindag\public\index.php(45): CodeIgniter\CodeIgniter->run()
#10 {main}
CRITICAL - 2020-09-16 22:35:17 --> Undefined index: field
#0 C:\xampp7\htdocs\apps\disperindag\app\Views\template\default_smart_grid.php(24): CodeIgniter\Debug\Exceptions->errorHandler(8, 'Undefined index...', 'C:\\xampp7\\htdoc...', 24, Array)
#1 C:\xampp7\htdocs\apps\disperindag\vendor\codeigniter4\framework\system\View\View.php(246): include('C:\\xampp7\\htdoc...')
#2 C:\xampp7\htdocs\apps\disperindag\vendor\codeigniter4\framework\system\Common.php(1119): CodeIgniter\View\View->render('template/defaul...', Array, true)
#3 C:\xampp7\htdocs\apps\disperindag\app\Libraries\SmartComponent\Grid.php(117): view('template/defaul...', Array)
#4 C:\xampp7\htdocs\apps\disperindag\app\Controllers\Admin\RefSeller.php(71): App\Libraries\SmartComponent\Grid->output()
#5 C:\xampp7\htdocs\apps\disperindag\app\Controllers\Admin\RefSeller.php(26): App\Controllers\Admin\RefSeller->grid()
#6 C:\xampp7\htdocs\apps\disperindag\vendor\codeigniter4\framework\system\CodeIgniter.php(918): App\Controllers\Admin\RefSeller->index()
#7 C:\xampp7\htdocs\apps\disperindag\vendor\codeigniter4\framework\system\CodeIgniter.php(404): CodeIgniter\CodeIgniter->runController(Object(App\Controllers\Admin\RefSeller))
#8 C:\xampp7\htdocs\apps\disperindag\vendor\codeigniter4\framework\system\CodeIgniter.php(312): CodeIgniter\CodeIgniter->handleRequest(NULL, Object(Config\Cache), false)
#9 C:\xampp7\htdocs\apps\disperindag\public\index.php(45): CodeIgniter\CodeIgniter->run()
#10 {main}
CRITICAL - 2020-09-16 22:39:12 --> syntax error, unexpected ';', expecting ')'
#0 C:\xampp7\htdocs\apps\disperindag\vendor\codeigniter4\framework\system\Autoloader\Autoloader.php(296): CodeIgniter\Autoloader\Autoloader->requireFile('C:\\xampp7\\htdoc...')
#1 C:\xampp7\htdocs\apps\disperindag\vendor\codeigniter4\framework\system\Autoloader\Autoloader.php(258): CodeIgniter\Autoloader\Autoloader->loadInNamespace('App\\Libraries\\S...')
#2 [internal function]: CodeIgniter\Autoloader\Autoloader->loadClass('App\\Libraries\\S...')
#3 C:\xampp7\htdocs\apps\disperindag\app\Controllers\Admin\RefSeller.php(44): spl_autoload_call('App\\Libraries\\S...')
#4 C:\xampp7\htdocs\apps\disperindag\app\Controllers\Admin\RefSeller.php(26): App\Controllers\Admin\RefSeller->grid()
#5 C:\xampp7\htdocs\apps\disperindag\vendor\codeigniter4\framework\system\CodeIgniter.php(918): App\Controllers\Admin\RefSeller->index()
#6 C:\xampp7\htdocs\apps\disperindag\vendor\codeigniter4\framework\system\CodeIgniter.php(404): CodeIgniter\CodeIgniter->runController(Object(App\Controllers\Admin\RefSeller))
#7 C:\xampp7\htdocs\apps\disperindag\vendor\codeigniter4\framework\system\CodeIgniter.php(312): CodeIgniter\CodeIgniter->handleRequest(NULL, Object(Config\Cache), false)
#8 C:\xampp7\htdocs\apps\disperindag\public\index.php(45): CodeIgniter\CodeIgniter->run()
#9 {main}
CRITICAL - 2020-09-16 22:39:16 --> syntax error, unexpected ';', expecting ')'
#0 C:\xampp7\htdocs\apps\disperindag\vendor\codeigniter4\framework\system\Autoloader\Autoloader.php(296): CodeIgniter\Autoloader\Autoloader->requireFile('C:\\xampp7\\htdoc...')
#1 C:\xampp7\htdocs\apps\disperindag\vendor\codeigniter4\framework\system\Autoloader\Autoloader.php(258): CodeIgniter\Autoloader\Autoloader->loadInNamespace('App\\Libraries\\S...')
#2 [internal function]: CodeIgniter\Autoloader\Autoloader->loadClass('App\\Libraries\\S...')
#3 C:\xampp7\htdocs\apps\disperindag\app\Controllers\Admin\RefSeller.php(44): spl_autoload_call('App\\Libraries\\S...')
#4 C:\xampp7\htdocs\apps\disperindag\app\Controllers\Admin\RefSeller.php(26): App\Controllers\Admin\RefSeller->grid()
#5 C:\xampp7\htdocs\apps\disperindag\vendor\codeigniter4\framework\system\CodeIgniter.php(918): App\Controllers\Admin\RefSeller->index()
#6 C:\xampp7\htdocs\apps\disperindag\vendor\codeigniter4\framework\system\CodeIgniter.php(404): CodeIgniter\CodeIgniter->runController(Object(App\Controllers\Admin\RefSeller))
#7 C:\xampp7\htdocs\apps\disperindag\vendor\codeigniter4\framework\system\CodeIgniter.php(312): CodeIgniter\CodeIgniter->handleRequest(NULL, Object(Config\Cache), false)
#8 C:\xampp7\htdocs\apps\disperindag\public\index.php(45): CodeIgniter\CodeIgniter->run()
#9 {main}
CRITICAL - 2020-09-16 22:44:58 --> Too few arguments to function App\Controllers\Admin\Survey::formSurvey(), 0 passed in C:\xampp7\htdocs\apps\disperindag\vendor\codeigniter4\framework\system\CodeIgniter.php on line 918 and exactly 2 expected
#0 C:\xampp7\htdocs\apps\disperindag\vendor\codeigniter4\framework\system\CodeIgniter.php(918): App\Controllers\Admin\Survey->formSurvey()
#1 C:\xampp7\htdocs\apps\disperindag\vendor\codeigniter4\framework\system\CodeIgniter.php(404): CodeIgniter\CodeIgniter->runController(Object(App\Controllers\Admin\Survey))
#2 C:\xampp7\htdocs\apps\disperindag\vendor\codeigniter4\framework\system\CodeIgniter.php(312): CodeIgniter\CodeIgniter->handleRequest(NULL, Object(Config\Cache), false)
#3 C:\xampp7\htdocs\apps\disperindag\public\index.php(45): CodeIgniter\CodeIgniter->run()
#4 {main}
CRITICAL - 2020-09-16 22:50:58 --> Undefined property: CodeIgniter\View\View::$session
#0 C:\xampp7\htdocs\apps\disperindag\app\Views\admin\survey.php(16): CodeIgniter\Debug\Exceptions->errorHandler(8, 'Undefined prope...', 'C:\\xampp7\\htdoc...', 16, Array)
#1 C:\xampp7\htdocs\apps\disperindag\vendor\codeigniter4\framework\system\View\View.php(246): include('C:\\xampp7\\htdoc...')
#2 C:\xampp7\htdocs\apps\disperindag\vendor\codeigniter4\framework\system\Common.php(1119): CodeIgniter\View\View->render('admin/survey', Array, true)
#3 C:\xampp7\htdocs\apps\disperindag\app\Controllers\Admin\Survey.php(27): view('admin/survey', Array)
#4 C:\xampp7\htdocs\apps\disperindag\vendor\codeigniter4\framework\system\CodeIgniter.php(918): App\Controllers\Admin\Survey->index()
#5 C:\xampp7\htdocs\apps\disperindag\vendor\codeigniter4\framework\system\CodeIgniter.php(404): CodeIgniter\CodeIgniter->runController(Object(App\Controllers\Admin\Survey))
#6 C:\xampp7\htdocs\apps\disperindag\vendor\codeigniter4\framework\system\CodeIgniter.php(312): CodeIgniter\CodeIgniter->handleRequest(NULL, Object(Config\Cache), false)
#7 C:\xampp7\htdocs\apps\disperindag\public\index.php(45): CodeIgniter\CodeIgniter->run()
#8 {main}
CRITICAL - 2020-09-16 22:51:37 --> Undefined variable: config
#0 C:\xampp7\htdocs\apps\disperindag\app\Views\admin\survey.php(16): CodeIgniter\Debug\Exceptions->errorHandler(8, 'Undefined varia...', 'C:\\xampp7\\htdoc...', 16, Array)
#1 C:\xampp7\htdocs\apps\disperindag\vendor\codeigniter4\framework\system\View\View.php(246): include('C:\\xampp7\\htdoc...')
#2 C:\xampp7\htdocs\apps\disperindag\vendor\codeigniter4\framework\system\Common.php(1119): CodeIgniter\View\View->render('admin/survey', Array, true)
#3 C:\xampp7\htdocs\apps\disperindag\app\Controllers\Admin\Survey.php(27): view('admin/survey', Array)
#4 C:\xampp7\htdocs\apps\disperindag\vendor\codeigniter4\framework\system\CodeIgniter.php(918): App\Controllers\Admin\Survey->index()
#5 C:\xampp7\htdocs\apps\disperindag\vendor\codeigniter4\framework\system\CodeIgniter.php(404): CodeIgniter\CodeIgniter->runController(Object(App\Controllers\Admin\Survey))
#6 C:\xampp7\htdocs\apps\disperindag\vendor\codeigniter4\framework\system\CodeIgniter.php(312): CodeIgniter\CodeIgniter->handleRequest(NULL, Object(Config\Cache), false)
#7 C:\xampp7\htdocs\apps\disperindag\public\index.php(45): CodeIgniter\CodeIgniter->run()
#8 {main}
CRITICAL - 2020-09-16 23:00:01 --> Call to undefined method App\Controllers\Admin\Rekap::grid_rekap()
#0 C:\xampp7\htdocs\apps\disperindag\vendor\codeigniter4\framework\system\CodeIgniter.php(918): App\Controllers\Admin\Rekap->index()
#1 C:\xampp7\htdocs\apps\disperindag\vendor\codeigniter4\framework\system\CodeIgniter.php(404): CodeIgniter\CodeIgniter->runController(Object(App\Controllers\Admin\Rekap))
#2 C:\xampp7\htdocs\apps\disperindag\vendor\codeigniter4\framework\system\CodeIgniter.php(312): CodeIgniter\CodeIgniter->handleRequest(NULL, Object(Config\Cache), false)
#3 C:\xampp7\htdocs\apps\disperindag\public\index.php(45): CodeIgniter\CodeIgniter->run()
#4 {main}
CRITICAL - 2020-09-16 23:02:24 --> Undefined variable: tanggal
#0 C:\xampp7\htdocs\apps\disperindag\app\Controllers\Admin\Rekap.php(37): CodeIgniter\Debug\Exceptions->errorHandler(8, 'Undefined varia...', 'C:\\xampp7\\htdoc...', 37, Array)
#1 C:\xampp7\htdocs\apps\disperindag\app\Controllers\Admin\Rekap.php(26): App\Controllers\Admin\Rekap->gridRekap()
#2 C:\xampp7\htdocs\apps\disperindag\vendor\codeigniter4\framework\system\CodeIgniter.php(918): App\Controllers\Admin\Rekap->index()
#3 C:\xampp7\htdocs\apps\disperindag\vendor\codeigniter4\framework\system\CodeIgniter.php(404): CodeIgniter\CodeIgniter->runController(Object(App\Controllers\Admin\Rekap))
#4 C:\xampp7\htdocs\apps\disperindag\vendor\codeigniter4\framework\system\CodeIgniter.php(312): CodeIgniter\CodeIgniter->handleRequest(NULL, Object(Config\Cache), false)
#5 C:\xampp7\htdocs\apps\disperindag\public\index.php(45): CodeIgniter\CodeIgniter->run()
#6 {main}
CRITICAL - 2020-09-16 23:06:57 --> Invalid file: admin/rekap.php
#0 C:\xampp7\htdocs\apps\disperindag\vendor\codeigniter4\framework\system\View\View.php(228): CodeIgniter\Exceptions\FrameworkException::forInvalidFile('admin/rekap.php')
#1 C:\xampp7\htdocs\apps\disperindag\vendor\codeigniter4\framework\system\Common.php(1119): CodeIgniter\View\View->render('admin/rekap', Array, true)
#2 C:\xampp7\htdocs\apps\disperindag\app\Controllers\Admin\Rekap.php(27): view('admin/rekap', Array)
#3 C:\xampp7\htdocs\apps\disperindag\vendor\codeigniter4\framework\system\CodeIgniter.php(918): App\Controllers\Admin\Rekap->index()
#4 C:\xampp7\htdocs\apps\disperindag\vendor\codeigniter4\framework\system\CodeIgniter.php(404): CodeIgniter\CodeIgniter->runController(Object(App\Controllers\Admin\Rekap))
#5 C:\xampp7\htdocs\apps\disperindag\vendor\codeigniter4\framework\system\CodeIgniter.php(312): CodeIgniter\CodeIgniter->handleRequest(NULL, Object(Config\Cache), false)
#6 C:\xampp7\htdocs\apps\disperindag\public\index.php(45): CodeIgniter\CodeIgniter->run()
#7 {main}
CRITICAL - 2020-09-16 23:18:08 --> Undefined index: page
#0 C:\xampp7\htdocs\apps\disperindag\app\Libraries\SmartComponent\Datasource.php(53): CodeIgniter\Debug\Exceptions->errorHandler(8, 'Undefined index...', 'C:\\xampp7\\htdoc...', 53, Array)
#1 C:\xampp7\htdocs\apps\disperindag\app\Libraries\SmartComponent\Grid.php(129): App\Libraries\SmartComponent\Datasource->run()
#2 C:\xampp7\htdocs\apps\disperindag\app\Libraries\SmartComponent\Grid.php(94): App\Libraries\SmartComponent\Grid->get_datasource()
#3 C:\xampp7\htdocs\apps\disperindag\app\Controllers\Admin\Rekap.php(62): App\Libraries\SmartComponent\Grid->output()
#4 C:\xampp7\htdocs\apps\disperindag\vendor\codeigniter4\framework\system\CodeIgniter.php(918): App\Controllers\Admin\Rekap->gridRekap('2020-09-16')
#5 C:\xampp7\htdocs\apps\disperindag\vendor\codeigniter4\framework\system\CodeIgniter.php(404): CodeIgniter\CodeIgniter->runController(Object(App\Controllers\Admin\Rekap))
#6 C:\xampp7\htdocs\apps\disperindag\vendor\codeigniter4\framework\system\CodeIgniter.php(312): CodeIgniter\CodeIgniter->handleRequest(NULL, Object(Config\Cache), false)
#7 C:\xampp7\htdocs\apps\disperindag\public\index.php(45): CodeIgniter\CodeIgniter->run()
#8 {main}
CRITICAL - 2020-09-16 23:18:46 --> pg_query(): Query failed: ERROR:  column &quot;id&quot; does not exist
LINE 5: ...                       ref_produk_varian order by id asc lim...
                                                             ^
#0 [internal function]: CodeIgniter\Debug\Exceptions->errorHandler(2, 'pg_query(): Que...', 'C:\\xampp7\\htdoc...', 196, Array)
#1 C:\xampp7\htdocs\apps\disperindag\vendor\codeigniter4\framework\system\Database\Postgre\Connection.php(196): pg_query(Resource id #119, 'SELECT\r\n       ...')
#2 C:\xampp7\htdocs\apps\disperindag\vendor\codeigniter4\framework\system\Database\BaseConnection.php(741): CodeIgniter\Database\Postgre\Connection->execute('SELECT\r\n       ...')
#3 C:\xampp7\htdocs\apps\disperindag\vendor\codeigniter4\framework\system\Database\BaseConnection.php(669): CodeIgniter\Database\BaseConnection->simpleQuery('SELECT\r\n       ...')
#4 C:\xampp7\htdocs\apps\disperindag\app\Libraries\SmartComponent\Datasource.php(72): CodeIgniter\Database\BaseConnection->query('SELECT\r\n       ...')
#5 C:\xampp7\htdocs\apps\disperindag\app\Libraries\SmartComponent\Grid.php(129): App\Libraries\SmartComponent\Datasource->run()
#6 C:\xampp7\htdocs\apps\disperindag\app\Libraries\SmartComponent\Grid.php(94): App\Libraries\SmartComponent\Grid->get_datasource()
#7 C:\xampp7\htdocs\apps\disperindag\app\Controllers\Admin\Rekap.php(62): App\Libraries\SmartComponent\Grid->output()
#8 C:\xampp7\htdocs\apps\disperindag\vendor\codeigniter4\framework\system\CodeIgniter.php(918): App\Controllers\Admin\Rekap->gridRekap('2020-09-16')
#9 C:\xampp7\htdocs\apps\disperindag\vendor\codeigniter4\framework\system\CodeIgniter.php(404): CodeIgniter\CodeIgniter->runController(Object(App\Controllers\Admin\Rekap))
#10 C:\xampp7\htdocs\apps\disperindag\vendor\codeigniter4\framework\system\CodeIgniter.php(312): CodeIgniter\CodeIgniter->handleRequest(NULL, Object(Config\Cache), false)
#11 C:\xampp7\htdocs\apps\disperindag\public\index.php(45): CodeIgniter\CodeIgniter->run()
#12 {main}
CRITICAL - 2020-09-16 23:18:46 --> Uncaught CodeIgniter\Format\Exceptions\FormatException: Failed to parse json string, error: "Type is not supported". in C:\xampp7\htdocs\apps\disperindag\vendor\codeigniter4\framework\system\Format\Exceptions\FormatException.php:9
Stack trace:
#0 C:\xampp7\htdocs\apps\disperindag\vendor\codeigniter4\framework\system\Format\JSONFormatter.php(71): CodeIgniter\Format\Exceptions\FormatException::forInvalidJSON('Type is not sup...')
#1 C:\xampp7\htdocs\apps\disperindag\vendor\codeigniter4\framework\system\API\ResponseTrait.php(414): CodeIgniter\Format\JSONFormatter->format(Array)
#2 C:\xampp7\htdocs\apps\disperindag\vendor\codeigniter4\framework\system\API\ResponseTrait.php(134): CodeIgniter\Debug\Exceptions->format(Array)
#3 C:\xampp7\htdocs\apps\disperindag\vendor\codeigniter4\framework\system\Debug\Exceptions.php(168): CodeIgniter\Debug\Exceptions->respond(Array, 500)
#4 [internal function]: CodeIgniter\Debug\Exceptions->exceptionHandler(Object(ErrorException))
#5 {main}
  thrown
#0 [internal function]: CodeIgniter\Debug\Exceptions->shutdownHandler()
#1 {main}
CRITICAL - 2020-09-16 23:21:59 --> pg_query(): Query failed: ERROR:  column &quot;id&quot; does not exist
LINE 5: ...                       ref_produk_varian order by id asc lim...
                                                             ^
#0 [internal function]: CodeIgniter\Debug\Exceptions->errorHandler(2, 'pg_query(): Que...', 'C:\\xampp7\\htdoc...', 196, Array)
#1 C:\xampp7\htdocs\apps\disperindag\vendor\codeigniter4\framework\system\Database\Postgre\Connection.php(196): pg_query(Resource id #119, 'SELECT\r\n       ...')
#2 C:\xampp7\htdocs\apps\disperindag\vendor\codeigniter4\framework\system\Database\BaseConnection.php(741): CodeIgniter\Database\Postgre\Connection->execute('SELECT\r\n       ...')
#3 C:\xampp7\htdocs\apps\disperindag\vendor\codeigniter4\framework\system\Database\BaseConnection.php(669): CodeIgniter\Database\BaseConnection->simpleQuery('SELECT\r\n       ...')
#4 C:\xampp7\htdocs\apps\disperindag\app\Libraries\SmartComponent\Datasource.php(72): CodeIgniter\Database\BaseConnection->query('SELECT\r\n       ...')
#5 C:\xampp7\htdocs\apps\disperindag\app\Libraries\SmartComponent\Grid.php(129): App\Libraries\SmartComponent\Datasource->run()
#6 C:\xampp7\htdocs\apps\disperindag\app\Libraries\SmartComponent\Grid.php(94): App\Libraries\SmartComponent\Grid->get_datasource()
#7 C:\xampp7\htdocs\apps\disperindag\app\Controllers\Admin\Rekap.php(62): App\Libraries\SmartComponent\Grid->output()
#8 C:\xampp7\htdocs\apps\disperindag\vendor\codeigniter4\framework\system\CodeIgniter.php(918): App\Controllers\Admin\Rekap->gridRekap('2020-09-16')
#9 C:\xampp7\htdocs\apps\disperindag\vendor\codeigniter4\framework\system\CodeIgniter.php(404): CodeIgniter\CodeIgniter->runController(Object(App\Controllers\Admin\Rekap))
#10 C:\xampp7\htdocs\apps\disperindag\vendor\codeigniter4\framework\system\CodeIgniter.php(312): CodeIgniter\CodeIgniter->handleRequest(NULL, Object(Config\Cache), false)
#11 C:\xampp7\htdocs\apps\disperindag\public\index.php(45): CodeIgniter\CodeIgniter->run()
#12 {main}
CRITICAL - 2020-09-16 23:21:59 --> Uncaught CodeIgniter\Format\Exceptions\FormatException: Failed to parse json string, error: "Type is not supported". in C:\xampp7\htdocs\apps\disperindag\vendor\codeigniter4\framework\system\Format\Exceptions\FormatException.php:9
Stack trace:
#0 C:\xampp7\htdocs\apps\disperindag\vendor\codeigniter4\framework\system\Format\JSONFormatter.php(71): CodeIgniter\Format\Exceptions\FormatException::forInvalidJSON('Type is not sup...')
#1 C:\xampp7\htdocs\apps\disperindag\vendor\codeigniter4\framework\system\API\ResponseTrait.php(414): CodeIgniter\Format\JSONFormatter->format(Array)
#2 C:\xampp7\htdocs\apps\disperindag\vendor\codeigniter4\framework\system\API\ResponseTrait.php(134): CodeIgniter\Debug\Exceptions->format(Array)
#3 C:\xampp7\htdocs\apps\disperindag\vendor\codeigniter4\framework\system\Debug\Exceptions.php(168): CodeIgniter\Debug\Exceptions->respond(Array, 500)
#4 [internal function]: CodeIgniter\Debug\Exceptions->exceptionHandler(Object(ErrorException))
#5 {main}
  thrown
#0 [internal function]: CodeIgniter\Debug\Exceptions->shutdownHandler()
#1 {main}
CRITICAL - 2020-09-16 23:22:15 --> pg_query(): Query failed: ERROR:  column &quot;id&quot; does not exist
LINE 5: ...                       ref_produk_varian order by id asc lim...
                                                             ^
#0 [internal function]: CodeIgniter\Debug\Exceptions->errorHandler(2, 'pg_query(): Que...', 'C:\\xampp7\\htdoc...', 196, Array)
#1 C:\xampp7\htdocs\apps\disperindag\vendor\codeigniter4\framework\system\Database\Postgre\Connection.php(196): pg_query(Resource id #119, 'SELECT\r\n       ...')
#2 C:\xampp7\htdocs\apps\disperindag\vendor\codeigniter4\framework\system\Database\BaseConnection.php(741): CodeIgniter\Database\Postgre\Connection->execute('SELECT\r\n       ...')
#3 C:\xampp7\htdocs\apps\disperindag\vendor\codeigniter4\framework\system\Database\BaseConnection.php(669): CodeIgniter\Database\BaseConnection->simpleQuery('SELECT\r\n       ...')
#4 C:\xampp7\htdocs\apps\disperindag\app\Libraries\SmartComponent\Datasource.php(72): CodeIgniter\Database\BaseConnection->query('SELECT\r\n       ...')
#5 C:\xampp7\htdocs\apps\disperindag\app\Libraries\SmartComponent\Grid.php(129): App\Libraries\SmartComponent\Datasource->run()
#6 C:\xampp7\htdocs\apps\disperindag\app\Libraries\SmartComponent\Grid.php(94): App\Libraries\SmartComponent\Grid->get_datasource()
#7 C:\xampp7\htdocs\apps\disperindag\app\Controllers\Admin\Rekap.php(62): App\Libraries\SmartComponent\Grid->output()
#8 C:\xampp7\htdocs\apps\disperindag\vendor\codeigniter4\framework\system\CodeIgniter.php(918): App\Controllers\Admin\Rekap->gridRekap('2020-09-16')
#9 C:\xampp7\htdocs\apps\disperindag\vendor\codeigniter4\framework\system\CodeIgniter.php(404): CodeIgniter\CodeIgniter->runController(Object(App\Controllers\Admin\Rekap))
#10 C:\xampp7\htdocs\apps\disperindag\vendor\codeigniter4\framework\system\CodeIgniter.php(312): CodeIgniter\CodeIgniter->handleRequest(NULL, Object(Config\Cache), false)
#11 C:\xampp7\htdocs\apps\disperindag\public\index.php(45): CodeIgniter\CodeIgniter->run()
#12 {main}
CRITICAL - 2020-09-16 23:24:27 --> syntax error, unexpected end of file, expecting variable (T_VARIABLE) or ${ (T_DOLLAR_OPEN_CURLY_BRACES) or {$ (T_CURLY_OPEN)
#0 C:\xampp7\htdocs\apps\disperindag\vendor\codeigniter4\framework\system\Router\Router.php(195): CodeIgniter\Router\Router->autoRoute('admin/rekap')
#1 C:\xampp7\htdocs\apps\disperindag\vendor\codeigniter4\framework\system\CodeIgniter.php(793): CodeIgniter\Router\Router->handle('admin/rekap')
#2 C:\xampp7\htdocs\apps\disperindag\vendor\codeigniter4\framework\system\CodeIgniter.php(364): CodeIgniter\CodeIgniter->tryToRouteIt(Object(CodeIgniter\Router\RouteCollection))
#3 C:\xampp7\htdocs\apps\disperindag\vendor\codeigniter4\framework\system\CodeIgniter.php(312): CodeIgniter\CodeIgniter->handleRequest(NULL, Object(Config\Cache), false)
#4 C:\xampp7\htdocs\apps\disperindag\public\index.php(45): CodeIgniter\CodeIgniter->run()
#5 {main}
CRITICAL - 2020-09-16 23:24:57 --> Call to undefined function App\Controllers\Admin\base__url()
#0 C:\xampp7\htdocs\apps\disperindag\app\Controllers\Admin\Rekap.php(26): App\Controllers\Admin\Rekap->gridRekap()
#1 C:\xampp7\htdocs\apps\disperindag\vendor\codeigniter4\framework\system\CodeIgniter.php(918): App\Controllers\Admin\Rekap->index()
#2 C:\xampp7\htdocs\apps\disperindag\vendor\codeigniter4\framework\system\CodeIgniter.php(404): CodeIgniter\CodeIgniter->runController(Object(App\Controllers\Admin\Rekap))
#3 C:\xampp7\htdocs\apps\disperindag\vendor\codeigniter4\framework\system\CodeIgniter.php(312): CodeIgniter\CodeIgniter->handleRequest(NULL, Object(Config\Cache), false)
#4 C:\xampp7\htdocs\apps\disperindag\public\index.php(45): CodeIgniter\CodeIgniter->run()
#5 {main}
CRITICAL - 2020-09-16 23:25:05 --> Call to undefined function App\Controllers\Admin\base__url()
#0 C:\xampp7\htdocs\apps\disperindag\app\Controllers\Admin\Rekap.php(26): App\Controllers\Admin\Rekap->gridRekap()
#1 C:\xampp7\htdocs\apps\disperindag\vendor\codeigniter4\framework\system\CodeIgniter.php(918): App\Controllers\Admin\Rekap->index()
#2 C:\xampp7\htdocs\apps\disperindag\vendor\codeigniter4\framework\system\CodeIgniter.php(404): CodeIgniter\CodeIgniter->runController(Object(App\Controllers\Admin\Rekap))
#3 C:\xampp7\htdocs\apps\disperindag\vendor\codeigniter4\framework\system\CodeIgniter.php(312): CodeIgniter\CodeIgniter->handleRequest(NULL, Object(Config\Cache), false)
#4 C:\xampp7\htdocs\apps\disperindag\public\index.php(45): CodeIgniter\CodeIgniter->run()
#5 {main}
CRITICAL - 2020-09-16 23:26:49 --> pg_query(): Query failed: ERROR:  column &quot;id&quot; does not exist
LINE 5: ...                       ref_produk_varian order by id asc lim...
                                                             ^
#0 [internal function]: CodeIgniter\Debug\Exceptions->errorHandler(2, 'pg_query(): Que...', 'C:\\xampp7\\htdoc...', 196, Array)
#1 C:\xampp7\htdocs\apps\disperindag\vendor\codeigniter4\framework\system\Database\Postgre\Connection.php(196): pg_query(Resource id #119, 'SELECT\r\n       ...')
#2 C:\xampp7\htdocs\apps\disperindag\vendor\codeigniter4\framework\system\Database\BaseConnection.php(741): CodeIgniter\Database\Postgre\Connection->execute('SELECT\r\n       ...')
#3 C:\xampp7\htdocs\apps\disperindag\vendor\codeigniter4\framework\system\Database\BaseConnection.php(669): CodeIgniter\Database\BaseConnection->simpleQuery('SELECT\r\n       ...')
#4 C:\xampp7\htdocs\apps\disperindag\app\Libraries\SmartComponent\Datasource.php(72): CodeIgniter\Database\BaseConnection->query('SELECT\r\n       ...')
#5 C:\xampp7\htdocs\apps\disperindag\app\Libraries\SmartComponent\Grid.php(129): App\Libraries\SmartComponent\Datasource->run()
#6 C:\xampp7\htdocs\apps\disperindag\app\Libraries\SmartComponent\Grid.php(94): App\Libraries\SmartComponent\Grid->get_datasource()
#7 C:\xampp7\htdocs\apps\disperindag\app\Controllers\Admin\Rekap.php(62): App\Libraries\SmartComponent\Grid->output()
#8 C:\xampp7\htdocs\apps\disperindag\vendor\codeigniter4\framework\system\CodeIgniter.php(918): App\Controllers\Admin\Rekap->gridRekap('2020-09-16', '1')
#9 C:\xampp7\htdocs\apps\disperindag\vendor\codeigniter4\framework\system\CodeIgniter.php(404): CodeIgniter\CodeIgniter->runController(Object(App\Controllers\Admin\Rekap))
#10 C:\xampp7\htdocs\apps\disperindag\vendor\codeigniter4\framework\system\CodeIgniter.php(312): CodeIgniter\CodeIgniter->handleRequest(NULL, Object(Config\Cache), false)
#11 C:\xampp7\htdocs\apps\disperindag\public\index.php(45): CodeIgniter\CodeIgniter->run()
#12 {main}
CRITICAL - 2020-09-16 23:27:06 --> pg_query(): Query failed: ERROR:  column &quot;id&quot; does not exist
LINE 5: ...                       ref_produk_varian order by id asc lim...
                                                             ^
#0 [internal function]: CodeIgniter\Debug\Exceptions->errorHandler(2, 'pg_query(): Que...', 'C:\\xampp7\\htdoc...', 196, Array)
#1 C:\xampp7\htdocs\apps\disperindag\vendor\codeigniter4\framework\system\Database\Postgre\Connection.php(196): pg_query(Resource id #119, 'SELECT\r\n       ...')
#2 C:\xampp7\htdocs\apps\disperindag\vendor\codeigniter4\framework\system\Database\BaseConnection.php(741): CodeIgniter\Database\Postgre\Connection->execute('SELECT\r\n       ...')
#3 C:\xampp7\htdocs\apps\disperindag\vendor\codeigniter4\framework\system\Database\BaseConnection.php(669): CodeIgniter\Database\BaseConnection->simpleQuery('SELECT\r\n       ...')
#4 C:\xampp7\htdocs\apps\disperindag\app\Libraries\SmartComponent\Datasource.php(72): CodeIgniter\Database\BaseConnection->query('SELECT\r\n       ...')
#5 C:\xampp7\htdocs\apps\disperindag\app\Libraries\SmartComponent\Grid.php(129): App\Libraries\SmartComponent\Datasource->run()
#6 C:\xampp7\htdocs\apps\disperindag\app\Libraries\SmartComponent\Grid.php(94): App\Libraries\SmartComponent\Grid->get_datasource()
#7 C:\xampp7\htdocs\apps\disperindag\app\Controllers\Admin\Rekap.php(62): App\Libraries\SmartComponent\Grid->output()
#8 C:\xampp7\htdocs\apps\disperindag\vendor\codeigniter4\framework\system\CodeIgniter.php(918): App\Controllers\Admin\Rekap->gridRekap('2020-09-16', '1')
#9 C:\xampp7\htdocs\apps\disperindag\vendor\codeigniter4\framework\system\CodeIgniter.php(404): CodeIgniter\CodeIgniter->runController(Object(App\Controllers\Admin\Rekap))
#10 C:\xampp7\htdocs\apps\disperindag\vendor\codeigniter4\framework\system\CodeIgniter.php(312): CodeIgniter\CodeIgniter->handleRequest(NULL, Object(Config\Cache), false)
#11 C:\xampp7\htdocs\apps\disperindag\public\index.php(45): CodeIgniter\CodeIgniter->run()
#12 {main}
CRITICAL - 2020-09-16 23:27:09 --> pg_query(): Query failed: ERROR:  column &quot;id&quot; does not exist
LINE 5: ...                       ref_produk_varian order by id asc lim...
                                                             ^
#0 [internal function]: CodeIgniter\Debug\Exceptions->errorHandler(2, 'pg_query(): Que...', 'C:\\xampp7\\htdoc...', 196, Array)
#1 C:\xampp7\htdocs\apps\disperindag\vendor\codeigniter4\framework\system\Database\Postgre\Connection.php(196): pg_query(Resource id #119, 'SELECT\r\n       ...')
#2 C:\xampp7\htdocs\apps\disperindag\vendor\codeigniter4\framework\system\Database\BaseConnection.php(741): CodeIgniter\Database\Postgre\Connection->execute('SELECT\r\n       ...')
#3 C:\xampp7\htdocs\apps\disperindag\vendor\codeigniter4\framework\system\Database\BaseConnection.php(669): CodeIgniter\Database\BaseConnection->simpleQuery('SELECT\r\n       ...')
#4 C:\xampp7\htdocs\apps\disperindag\app\Libraries\SmartComponent\Datasource.php(72): CodeIgniter\Database\BaseConnection->query('SELECT\r\n       ...')
#5 C:\xampp7\htdocs\apps\disperindag\app\Libraries\SmartComponent\Grid.php(129): App\Libraries\SmartComponent\Datasource->run()
#6 C:\xampp7\htdocs\apps\disperindag\app\Libraries\SmartComponent\Grid.php(94): App\Libraries\SmartComponent\Grid->get_datasource()
#7 C:\xampp7\htdocs\apps\disperindag\app\Controllers\Admin\Rekap.php(62): App\Libraries\SmartComponent\Grid->output()
#8 C:\xampp7\htdocs\apps\disperindag\vendor\codeigniter4\framework\system\CodeIgniter.php(918): App\Controllers\Admin\Rekap->gridRekap('2020-09-16')
#9 C:\xampp7\htdocs\apps\disperindag\vendor\codeigniter4\framework\system\CodeIgniter.php(404): CodeIgniter\CodeIgniter->runController(Object(App\Controllers\Admin\Rekap))
#10 C:\xampp7\htdocs\apps\disperindag\vendor\codeigniter4\framework\system\CodeIgniter.php(312): CodeIgniter\CodeIgniter->handleRequest(NULL, Object(Config\Cache), false)
#11 C:\xampp7\htdocs\apps\disperindag\public\index.php(45): CodeIgniter\CodeIgniter->run()
#12 {main}
CRITICAL - 2020-09-16 23:29:33 --> pg_query(): Query failed: ERROR:  column &quot;id&quot; does not exist
LINE 5: ...                       ref_produk_varian order by id asc lim...
                                                             ^
#0 [internal function]: CodeIgniter\Debug\Exceptions->errorHandler(2, 'pg_query(): Que...', 'C:\\xampp7\\htdoc...', 196, Array)
#1 C:\xampp7\htdocs\apps\disperindag\vendor\codeigniter4\framework\system\Database\Postgre\Connection.php(196): pg_query(Resource id #119, 'SELECT\r\n       ...')
#2 C:\xampp7\htdocs\apps\disperindag\vendor\codeigniter4\framework\system\Database\BaseConnection.php(741): CodeIgniter\Database\Postgre\Connection->execute('SELECT\r\n       ...')
#3 C:\xampp7\htdocs\apps\disperindag\vendor\codeigniter4\framework\system\Database\BaseConnection.php(669): CodeIgniter\Database\BaseConnection->simpleQuery('SELECT\r\n       ...')
#4 C:\xampp7\htdocs\apps\disperindag\app\Libraries\SmartComponent\Datasource.php(72): CodeIgniter\Database\BaseConnection->query('SELECT\r\n       ...')
#5 C:\xampp7\htdocs\apps\disperindag\app\Libraries\SmartComponent\Grid.php(129): App\Libraries\SmartComponent\Datasource->run()
#6 C:\xampp7\htdocs\apps\disperindag\app\Libraries\SmartComponent\Grid.php(94): App\Libraries\SmartComponent\Grid->get_datasource()
#7 C:\xampp7\htdocs\apps\disperindag\app\Controllers\Admin\Rekap.php(65): App\Libraries\SmartComponent\Grid->output()
#8 C:\xampp7\htdocs\apps\disperindag\vendor\codeigniter4\framework\system\CodeIgniter.php(918): App\Controllers\Admin\Rekap->gridRekap('2020-09-16', '0')
#9 C:\xampp7\htdocs\apps\disperindag\vendor\codeigniter4\framework\system\CodeIgniter.php(404): CodeIgniter\CodeIgniter->runController(Object(App\Controllers\Admin\Rekap))
#10 C:\xampp7\htdocs\apps\disperindag\vendor\codeigniter4\framework\system\CodeIgniter.php(312): CodeIgniter\CodeIgniter->handleRequest(NULL, Object(Config\Cache), false)
#11 C:\xampp7\htdocs\apps\disperindag\public\index.php(45): CodeIgniter\CodeIgniter->run()
#12 {main}
CRITICAL - 2020-09-16 23:29:33 --> Uncaught CodeIgniter\Format\Exceptions\FormatException: Failed to parse json string, error: "Type is not supported". in C:\xampp7\htdocs\apps\disperindag\vendor\codeigniter4\framework\system\Format\Exceptions\FormatException.php:9
Stack trace:
#0 C:\xampp7\htdocs\apps\disperindag\vendor\codeigniter4\framework\system\Format\JSONFormatter.php(71): CodeIgniter\Format\Exceptions\FormatException::forInvalidJSON('Type is not sup...')
#1 C:\xampp7\htdocs\apps\disperindag\vendor\codeigniter4\framework\system\API\ResponseTrait.php(414): CodeIgniter\Format\JSONFormatter->format(Array)
#2 C:\xampp7\htdocs\apps\disperindag\vendor\codeigniter4\framework\system\API\ResponseTrait.php(134): CodeIgniter\Debug\Exceptions->format(Array)
#3 C:\xampp7\htdocs\apps\disperindag\vendor\codeigniter4\framework\system\Debug\Exceptions.php(168): CodeIgniter\Debug\Exceptions->respond(Array, 500)
#4 [internal function]: CodeIgniter\Debug\Exceptions->exceptionHandler(Object(ErrorException))
#5 {main}
  thrown
#0 [internal function]: CodeIgniter\Debug\Exceptions->shutdownHandler()
#1 {main}
CRITICAL - 2020-09-16 23:39:00 --> Undefined index: pageSize
#0 C:\xampp7\htdocs\apps\disperindag\app\Libraries\SmartComponent\Datasource.php(54): CodeIgniter\Debug\Exceptions->errorHandler(8, 'Undefined index...', 'C:\\xampp7\\htdoc...', 54, Array)
#1 C:\xampp7\htdocs\apps\disperindag\app\Libraries\SmartComponent\Grid.php(129): App\Libraries\SmartComponent\Datasource->run()
#2 C:\xampp7\htdocs\apps\disperindag\app\Libraries\SmartComponent\Grid.php(94): App\Libraries\SmartComponent\Grid->get_datasource()
#3 C:\xampp7\htdocs\apps\disperindag\app\Controllers\Admin\RefSeller.php(101): App\Libraries\SmartComponent\Grid->output()
#4 C:\xampp7\htdocs\apps\disperindag\vendor\codeigniter4\framework\system\CodeIgniter.php(918): App\Controllers\Admin\RefSeller->grid_detail('1')
#5 C:\xampp7\htdocs\apps\disperindag\vendor\codeigniter4\framework\system\CodeIgniter.php(404): CodeIgniter\CodeIgniter->runController(Object(App\Controllers\Admin\RefSeller))
#6 C:\xampp7\htdocs\apps\disperindag\vendor\codeigniter4\framework\system\CodeIgniter.php(312): CodeIgniter\CodeIgniter->handleRequest(NULL, Object(Config\Cache), false)
#7 C:\xampp7\htdocs\apps\disperindag\public\index.php(45): CodeIgniter\CodeIgniter->run()
#8 {main}
