CRITICAL - 2020-08-28 23:24:17 --> Class 'App\Controllers\Admin\BaseController' not found
#0 D:\xampp7\htdocs\ci4template\vendor\codeigniter4\framework\system\Router\Router.php(583): include_once()
#1 D:\xampp7\htdocs\ci4template\vendor\codeigniter4\framework\system\Router\Router.php(195): CodeIgniter\Router\Router->autoRoute('admin/home')
#2 D:\xampp7\htdocs\ci4template\vendor\codeigniter4\framework\system\CodeIgniter.php(793): CodeIgniter\Router\Router->handle('admin/home')
#3 D:\xampp7\htdocs\ci4template\vendor\codeigniter4\framework\system\CodeIgniter.php(364): CodeIgniter\CodeIgniter->tryToRouteIt(Object(CodeIgniter\Router\RouteCollection))
#4 D:\xampp7\htdocs\ci4template\vendor\codeigniter4\framework\system\CodeIgniter.php(312): CodeIgniter\CodeIgniter->handleRequest(NULL, Object(Config\Cache), false)
#5 D:\xampp7\htdocs\ci4template\public\index.php(45): CodeIgniter\CodeIgniter->run()
#6 {main}
CRITICAL - 2020-08-28 23:24:28 --> Class 'App\Controllers\Admin\BaseController' not found
#0 D:\xampp7\htdocs\ci4template\vendor\codeigniter4\framework\system\Router\Router.php(583): include_once()
#1 D:\xampp7\htdocs\ci4template\vendor\codeigniter4\framework\system\Router\Router.php(195): CodeIgniter\Router\Router->autoRoute('admin/home')
#2 D:\xampp7\htdocs\ci4template\vendor\codeigniter4\framework\system\CodeIgniter.php(793): CodeIgniter\Router\Router->handle('admin/home')
#3 D:\xampp7\htdocs\ci4template\vendor\codeigniter4\framework\system\CodeIgniter.php(364): CodeIgniter\CodeIgniter->tryToRouteIt(Object(CodeIgniter\Router\RouteCollection))
#4 D:\xampp7\htdocs\ci4template\vendor\codeigniter4\framework\system\CodeIgniter.php(312): CodeIgniter\CodeIgniter->handleRequest(NULL, Object(Config\Cache), false)
#5 D:\xampp7\htdocs\ci4template\public\index.php(45): CodeIgniter\CodeIgniter->run()
#6 D:\xampp7\htdocs\ci4template\vendor\codeigniter4\framework\system\Commands\Server\rewrite.php(34): require_once('D:\\xampp7\\htdoc...')
#7 {main}
CRITICAL - 2020-08-28 23:38:52 --> Too few arguments to function App\Libraries\SmartComponent\Grid::__construct(), 0 passed in D:\xampp7\htdocs\ci4template\app\Controllers\Coba.php on line 14 and exactly 1 expected
#0 D:\xampp7\htdocs\ci4template\app\Controllers\Coba.php(14): App\Libraries\SmartComponent\Grid->__construct()
#1 D:\xampp7\htdocs\ci4template\app\Controllers\Coba.php(9): App\Controllers\Coba->grid()
#2 D:\xampp7\htdocs\ci4template\vendor\codeigniter4\framework\system\CodeIgniter.php(918): App\Controllers\Coba->index()
#3 D:\xampp7\htdocs\ci4template\vendor\codeigniter4\framework\system\CodeIgniter.php(404): CodeIgniter\CodeIgniter->runController(Object(App\Controllers\Coba))
#4 D:\xampp7\htdocs\ci4template\vendor\codeigniter4\framework\system\CodeIgniter.php(312): CodeIgniter\CodeIgniter->handleRequest(NULL, Object(Config\Cache), false)
#5 D:\xampp7\htdocs\ci4template\public\index.php(45): CodeIgniter\CodeIgniter->run()
#6 D:\xampp7\htdocs\ci4template\vendor\codeigniter4\framework\system\Commands\Server\rewrite.php(34): require_once('D:\\xampp7\\htdoc...')
#7 {main}
CRITICAL - 2020-08-28 23:39:07 --> Too few arguments to function App\Libraries\SmartComponent\Grid::__construct(), 0 passed in D:\xampp7\htdocs\ci4template\app\Controllers\Coba.php on line 20 and exactly 1 expected
#0 D:\xampp7\htdocs\ci4template\app\Controllers\Coba.php(20): App\Libraries\SmartComponent\Grid->__construct()
#1 D:\xampp7\htdocs\ci4template\app\Controllers\Coba.php(9): App\Controllers\Coba->grid()
#2 D:\xampp7\htdocs\ci4template\vendor\codeigniter4\framework\system\CodeIgniter.php(918): App\Controllers\Coba->index()
#3 D:\xampp7\htdocs\ci4template\vendor\codeigniter4\framework\system\CodeIgniter.php(404): CodeIgniter\CodeIgniter->runController(Object(App\Controllers\Coba))
#4 D:\xampp7\htdocs\ci4template\vendor\codeigniter4\framework\system\CodeIgniter.php(312): CodeIgniter\CodeIgniter->handleRequest(NULL, Object(Config\Cache), false)
#5 D:\xampp7\htdocs\ci4template\public\index.php(45): CodeIgniter\CodeIgniter->run()
#6 {main}
CRITICAL - 2020-08-28 23:39:26 --> Undefined index: grid_columns
#0 D:\xampp7\htdocs\ci4template\app\Libraries\SmartComponent\Grid.php(52): CodeIgniter\Debug\Exceptions->errorHandler(8, 'Undefined index...', 'D:\\xampp7\\htdoc...', 52, Array)
#1 D:\xampp7\htdocs\ci4template\app\Libraries\SmartComponent\Grid.php(21): App\Libraries\SmartComponent\Grid->configure(Array)
#2 D:\xampp7\htdocs\ci4template\app\Controllers\Coba.php(20): App\Libraries\SmartComponent\Grid->__construct(Array)
#3 D:\xampp7\htdocs\ci4template\app\Controllers\Coba.php(9): App\Controllers\Coba->grid()
#4 D:\xampp7\htdocs\ci4template\vendor\codeigniter4\framework\system\CodeIgniter.php(918): App\Controllers\Coba->index()
#5 D:\xampp7\htdocs\ci4template\vendor\codeigniter4\framework\system\CodeIgniter.php(404): CodeIgniter\CodeIgniter->runController(Object(App\Controllers\Coba))
#6 D:\xampp7\htdocs\ci4template\vendor\codeigniter4\framework\system\CodeIgniter.php(312): CodeIgniter\CodeIgniter->handleRequest(NULL, Object(Config\Cache), false)
#7 D:\xampp7\htdocs\ci4template\public\index.php(45): CodeIgniter\CodeIgniter->run()
#8 {main}
CRITICAL - 2020-08-28 23:40:08 --> Undefined property: App\Controllers\Coba::$input
#0 D:\xampp7\htdocs\ci4template\app\Controllers\Coba.php(22): CodeIgniter\Debug\Exceptions->errorHandler(8, 'Undefined prope...', 'D:\\xampp7\\htdoc...', 22, Array)
#1 D:\xampp7\htdocs\ci4template\app\Controllers\Coba.php(9): App\Controllers\Coba->grid()
#2 D:\xampp7\htdocs\ci4template\vendor\codeigniter4\framework\system\CodeIgniter.php(918): App\Controllers\Coba->index()
#3 D:\xampp7\htdocs\ci4template\vendor\codeigniter4\framework\system\CodeIgniter.php(404): CodeIgniter\CodeIgniter->runController(Object(App\Controllers\Coba))
#4 D:\xampp7\htdocs\ci4template\vendor\codeigniter4\framework\system\CodeIgniter.php(312): CodeIgniter\CodeIgniter->handleRequest(NULL, Object(Config\Cache), false)
#5 D:\xampp7\htdocs\ci4template\public\index.php(45): CodeIgniter\CodeIgniter->run()
#6 {main}
CRITICAL - 2020-08-28 23:40:29 --> Call to undefined function App\Controllers\get_query_string()
#0 D:\xampp7\htdocs\ci4template\app\Controllers\Coba.php(9): App\Controllers\Coba->grid()
#1 D:\xampp7\htdocs\ci4template\vendor\codeigniter4\framework\system\CodeIgniter.php(918): App\Controllers\Coba->index()
#2 D:\xampp7\htdocs\ci4template\vendor\codeigniter4\framework\system\CodeIgniter.php(404): CodeIgniter\CodeIgniter->runController(Object(App\Controllers\Coba))
#3 D:\xampp7\htdocs\ci4template\vendor\codeigniter4\framework\system\CodeIgniter.php(312): CodeIgniter\CodeIgniter->handleRequest(NULL, Object(Config\Cache), false)
#4 D:\xampp7\htdocs\ci4template\public\index.php(45): CodeIgniter\CodeIgniter->run()
#5 {main}
CRITICAL - 2020-08-28 23:40:32 --> Call to undefined function App\Controllers\get_query_string()
#0 D:\xampp7\htdocs\ci4template\app\Controllers\Coba.php(9): App\Controllers\Coba->grid()
#1 D:\xampp7\htdocs\ci4template\vendor\codeigniter4\framework\system\CodeIgniter.php(918): App\Controllers\Coba->index()
#2 D:\xampp7\htdocs\ci4template\vendor\codeigniter4\framework\system\CodeIgniter.php(404): CodeIgniter\CodeIgniter->runController(Object(App\Controllers\Coba))
#3 D:\xampp7\htdocs\ci4template\vendor\codeigniter4\framework\system\CodeIgniter.php(312): CodeIgniter\CodeIgniter->handleRequest(NULL, Object(Config\Cache), false)
#4 D:\xampp7\htdocs\ci4template\public\index.php(45): CodeIgniter\CodeIgniter->run()
#5 {main}
CRITICAL - 2020-08-28 23:43:47 --> Argument 3 passed to view() must be of the type array, bool given, called in D:\xampp7\htdocs\ci4template\app\Libraries\SmartComponent\Grid.php on line 113
#0 D:\xampp7\htdocs\ci4template\app\Libraries\SmartComponent\Grid.php(113): view('template/defaul...', Array, true)
#1 D:\xampp7\htdocs\ci4template\app\Controllers\Coba.php(68): App\Libraries\SmartComponent\Grid->output()
#2 D:\xampp7\htdocs\ci4template\app\Controllers\Coba.php(9): App\Controllers\Coba->grid()
#3 D:\xampp7\htdocs\ci4template\vendor\codeigniter4\framework\system\CodeIgniter.php(918): App\Controllers\Coba->index()
#4 D:\xampp7\htdocs\ci4template\vendor\codeigniter4\framework\system\CodeIgniter.php(404): CodeIgniter\CodeIgniter->runController(Object(App\Controllers\Coba))
#5 D:\xampp7\htdocs\ci4template\vendor\codeigniter4\framework\system\CodeIgniter.php(312): CodeIgniter\CodeIgniter->handleRequest(NULL, Object(Config\Cache), false)
#6 D:\xampp7\htdocs\ci4template\public\index.php(45): CodeIgniter\CodeIgniter->run()
#7 {main}
