CRITICAL - 2021-01-27 00:19:27 --> syntax error, unexpected '}', expecting ';'
#0 /Volumes/data/dataxampp/file/htdocs/surveypasar/vendor/codeigniter4/framework/system/Router/Router.php(195): CodeIgniter\Router\Router->autoRoute('admin/rekap')
#1 /Volumes/data/dataxampp/file/htdocs/surveypasar/vendor/codeigniter4/framework/system/CodeIgniter.php(793): CodeIgniter\Router\Router->handle('admin/rekap')
#2 /Volumes/data/dataxampp/file/htdocs/surveypasar/vendor/codeigniter4/framework/system/CodeIgniter.php(364): CodeIgniter\CodeIgniter->tryToRouteIt(Object(CodeIgniter\Router\RouteCollection))
#3 /Volumes/data/dataxampp/file/htdocs/surveypasar/vendor/codeigniter4/framework/system/CodeIgniter.php(312): CodeIgniter\CodeIgniter->handleRequest(NULL, Object(Config\Cache), false)
#4 /Volumes/data/dataxampp/file/htdocs/surveypasar/public/index.php(45): CodeIgniter\CodeIgniter->run()
#5 {main}
CRITICAL - 2021-01-27 00:20:12 --> Undefined variable: pasar_ud
#0 /Volumes/data/dataxampp/file/htdocs/surveypasar/app/Controllers/Admin/Rekap.php(43): CodeIgniter\Debug\Exceptions->errorHandler(8, 'Undefined varia...', '/Volumes/data/d...', 43, Array)
#1 /Volumes/data/dataxampp/file/htdocs/surveypasar/app/Controllers/Admin/Rekap.php(13): App\Controllers\Admin\Rekap->gridRekap()
#2 /Volumes/data/dataxampp/file/htdocs/surveypasar/vendor/codeigniter4/framework/system/CodeIgniter.php(918): App\Controllers\Admin\Rekap->index()
#3 /Volumes/data/dataxampp/file/htdocs/surveypasar/vendor/codeigniter4/framework/system/CodeIgniter.php(404): CodeIgniter\CodeIgniter->runController(Object(App\Controllers\Admin\Rekap))
#4 /Volumes/data/dataxampp/file/htdocs/surveypasar/vendor/codeigniter4/framework/system/CodeIgniter.php(312): CodeIgniter\CodeIgniter->handleRequest(NULL, Object(Config\Cache), false)
#5 /Volumes/data/dataxampp/file/htdocs/surveypasar/public/index.php(45): CodeIgniter\CodeIgniter->run()
#6 {main}
CRITICAL - 2021-01-27 00:20:39 --> Illegal offset type
#0 /Volumes/data/dataxampp/file/htdocs/surveypasar/app/Libraries/SmartComponent/Grid.php(57): CodeIgniter\Debug\Exceptions->errorHandler(2, 'Illegal offset ...', '/Volumes/data/d...', 57, Array)
#1 /Volumes/data/dataxampp/file/htdocs/surveypasar/app/Controllers/Admin/Rekap.php(79): App\Libraries\SmartComponent\Grid->configure(Array)
#2 /Volumes/data/dataxampp/file/htdocs/surveypasar/app/Controllers/Admin/Rekap.php(13): App\Controllers\Admin\Rekap->gridRekap()
#3 /Volumes/data/dataxampp/file/htdocs/surveypasar/vendor/codeigniter4/framework/system/CodeIgniter.php(918): App\Controllers\Admin\Rekap->index()
#4 /Volumes/data/dataxampp/file/htdocs/surveypasar/vendor/codeigniter4/framework/system/CodeIgniter.php(404): CodeIgniter\CodeIgniter->runController(Object(App\Controllers\Admin\Rekap))
#5 /Volumes/data/dataxampp/file/htdocs/surveypasar/vendor/codeigniter4/framework/system/CodeIgniter.php(312): CodeIgniter\CodeIgniter->handleRequest(NULL, Object(Config\Cache), false)
#6 /Volumes/data/dataxampp/file/htdocs/surveypasar/public/index.php(45): CodeIgniter\CodeIgniter->run()
#7 {main}
CRITICAL - 2021-01-27 00:24:46 --> syntax error, unexpected '}'
#0 /Volumes/data/dataxampp/file/htdocs/surveypasar/vendor/codeigniter4/framework/system/Router/Router.php(195): CodeIgniter\Router\Router->autoRoute('admin/rekap')
#1 /Volumes/data/dataxampp/file/htdocs/surveypasar/vendor/codeigniter4/framework/system/CodeIgniter.php(793): CodeIgniter\Router\Router->handle('admin/rekap')
#2 /Volumes/data/dataxampp/file/htdocs/surveypasar/vendor/codeigniter4/framework/system/CodeIgniter.php(364): CodeIgniter\CodeIgniter->tryToRouteIt(Object(CodeIgniter\Router\RouteCollection))
#3 /Volumes/data/dataxampp/file/htdocs/surveypasar/vendor/codeigniter4/framework/system/CodeIgniter.php(312): CodeIgniter\CodeIgniter->handleRequest(NULL, Object(Config\Cache), false)
#4 /Volumes/data/dataxampp/file/htdocs/surveypasar/public/index.php(45): CodeIgniter\CodeIgniter->run()
#5 {main}
CRITICAL - 2021-01-27 00:24:55 --> syntax error, unexpected ''title'' (T_CONSTANT_ENCAPSED_STRING), expecting ')'
#0 /Volumes/data/dataxampp/file/htdocs/surveypasar/vendor/codeigniter4/framework/system/Router/Router.php(195): CodeIgniter\Router\Router->autoRoute('admin/rekap')
#1 /Volumes/data/dataxampp/file/htdocs/surveypasar/vendor/codeigniter4/framework/system/CodeIgniter.php(793): CodeIgniter\Router\Router->handle('admin/rekap')
#2 /Volumes/data/dataxampp/file/htdocs/surveypasar/vendor/codeigniter4/framework/system/CodeIgniter.php(364): CodeIgniter\CodeIgniter->tryToRouteIt(Object(CodeIgniter\Router\RouteCollection))
#3 /Volumes/data/dataxampp/file/htdocs/surveypasar/vendor/codeigniter4/framework/system/CodeIgniter.php(312): CodeIgniter\CodeIgniter->handleRequest(NULL, Object(Config\Cache), false)
#4 /Volumes/data/dataxampp/file/htdocs/surveypasar/public/index.php(45): CodeIgniter\CodeIgniter->run()
#5 {main}
CRITICAL - 2021-01-27 00:25:02 --> syntax error, unexpected 'array' (T_ARRAY), expecting ')'
#0 /Volumes/data/dataxampp/file/htdocs/surveypasar/vendor/codeigniter4/framework/system/Router/Router.php(195): CodeIgniter\Router\Router->autoRoute('admin/rekap')
#1 /Volumes/data/dataxampp/file/htdocs/surveypasar/vendor/codeigniter4/framework/system/CodeIgniter.php(793): CodeIgniter\Router\Router->handle('admin/rekap')
#2 /Volumes/data/dataxampp/file/htdocs/surveypasar/vendor/codeigniter4/framework/system/CodeIgniter.php(364): CodeIgniter\CodeIgniter->tryToRouteIt(Object(CodeIgniter\Router\RouteCollection))
#3 /Volumes/data/dataxampp/file/htdocs/surveypasar/vendor/codeigniter4/framework/system/CodeIgniter.php(312): CodeIgniter\CodeIgniter->handleRequest(NULL, Object(Config\Cache), false)
#4 /Volumes/data/dataxampp/file/htdocs/surveypasar/public/index.php(45): CodeIgniter\CodeIgniter->run()
#5 {main}
CRITICAL - 2021-01-27 00:25:22 --> Call to undefined method CodeIgniter\Database\Postgre\Builder::fisrt()
#0 /Volumes/data/dataxampp/file/htdocs/surveypasar/app/Controllers/Admin/Rekap.php(13): App\Controllers\Admin\Rekap->gridRekap()
#1 /Volumes/data/dataxampp/file/htdocs/surveypasar/vendor/codeigniter4/framework/system/CodeIgniter.php(918): App\Controllers\Admin\Rekap->index()
#2 /Volumes/data/dataxampp/file/htdocs/surveypasar/vendor/codeigniter4/framework/system/CodeIgniter.php(404): CodeIgniter\CodeIgniter->runController(Object(App\Controllers\Admin\Rekap))
#3 /Volumes/data/dataxampp/file/htdocs/surveypasar/vendor/codeigniter4/framework/system/CodeIgniter.php(312): CodeIgniter\CodeIgniter->handleRequest(NULL, Object(Config\Cache), false)
#4 /Volumes/data/dataxampp/file/htdocs/surveypasar/public/index.php(45): CodeIgniter\CodeIgniter->run()
#5 {main}
CRITICAL - 2021-01-27 00:30:49 --> pg_query(): Query failed: ERROR:  syntax error at or near &quot;'SEMUA PASAR'&quot;
LINE 6: ...esce((select CASE WHEN seller.seller_nama IS NULL 'SEMUA PAS...
                                                             ^
#0 [internal function]: CodeIgniter\Debug\Exceptions->errorHandler(2, 'pg_query(): Que...', '/Volumes/data/d...', 196, Array)
#1 /Volumes/data/dataxampp/file/htdocs/surveypasar/vendor/codeigniter4/framework/system/Database/Postgre/Connection.php(196): pg_query(Resource id #178, 'SELECT\n        ...')
#2 /Volumes/data/dataxampp/file/htdocs/surveypasar/vendor/codeigniter4/framework/system/Database/BaseConnection.php(741): CodeIgniter\Database\Postgre\Connection->execute('SELECT\n        ...')
#3 /Volumes/data/dataxampp/file/htdocs/surveypasar/vendor/codeigniter4/framework/system/Database/BaseConnection.php(669): CodeIgniter\Database\BaseConnection->simpleQuery('SELECT\n        ...')
#4 /Volumes/data/dataxampp/file/htdocs/surveypasar/app/Libraries/SmartComponent/Datasource.php(76): CodeIgniter\Database\BaseConnection->query('SELECT\n        ...')
#5 /Volumes/data/dataxampp/file/htdocs/surveypasar/app/Libraries/SmartComponent/Grid.php(149): App\Libraries\SmartComponent\Datasource->run()
#6 /Volumes/data/dataxampp/file/htdocs/surveypasar/app/Libraries/SmartComponent/Grid.php(111): App\Libraries\SmartComponent\Grid->get_datasource()
#7 /Volumes/data/dataxampp/file/htdocs/surveypasar/app/Controllers/Admin/Rekap.php(80): App\Libraries\SmartComponent\Grid->output()
#8 /Volumes/data/dataxampp/file/htdocs/surveypasar/vendor/codeigniter4/framework/system/CodeIgniter.php(918): App\Controllers\Admin\Rekap->gridRekap()
#9 /Volumes/data/dataxampp/file/htdocs/surveypasar/vendor/codeigniter4/framework/system/CodeIgniter.php(404): CodeIgniter\CodeIgniter->runController(Object(App\Controllers\Admin\Rekap))
#10 /Volumes/data/dataxampp/file/htdocs/surveypasar/vendor/codeigniter4/framework/system/CodeIgniter.php(312): CodeIgniter\CodeIgniter->handleRequest(NULL, Object(Config\Cache), false)
#11 /Volumes/data/dataxampp/file/htdocs/surveypasar/public/index.php(45): CodeIgniter\CodeIgniter->run()
#12 {main}
CRITICAL - 2021-01-27 00:30:49 --> Uncaught CodeIgniter\Format\Exceptions\FormatException: Failed to parse json string, error: "Type is not supported". in /Volumes/data/dataxampp/file/htdocs/surveypasar/vendor/codeigniter4/framework/system/Format/Exceptions/FormatException.php:9
Stack trace:
#0 /Volumes/data/dataxampp/file/htdocs/surveypasar/vendor/codeigniter4/framework/system/Format/JSONFormatter.php(71): CodeIgniter\Format\Exceptions\FormatException::forInvalidJSON('Type is not sup...')
#1 /Volumes/data/dataxampp/file/htdocs/surveypasar/vendor/codeigniter4/framework/system/API/ResponseTrait.php(414): CodeIgniter\Format\JSONFormatter->format(Array)
#2 /Volumes/data/dataxampp/file/htdocs/surveypasar/vendor/codeigniter4/framework/system/API/ResponseTrait.php(134): CodeIgniter\Debug\Exceptions->format(Array)
#3 /Volumes/data/dataxampp/file/htdocs/surveypasar/vendor/codeigniter4/framework/system/Debug/Exceptions.php(168): CodeIgniter\Debug\Exceptions->respond(Array, 500)
#4 [internal function]: CodeIgniter\Debug\Exceptions->exceptionHandler(Obje
#0 [internal function]: CodeIgniter\Debug\Exceptions->shutdownHandler()
#1 {main}
CRITICAL - 2021-01-27 01:36:13 --> pg_query(): Query failed: ERROR:  syntax error at or near &quot;'SEMUA PASAR'&quot;
LINE 6: ...     (select CASE WHEN seller.seller_nama IS NULL 'SEMUA PAS...
                                                             ^
#0 [internal function]: CodeIgniter\Debug\Exceptions->errorHandler(2, 'pg_query(): Que...', '/Volumes/data/d...', 196, Array)
#1 /Volumes/data/dataxampp/file/htdocs/surveypasar/vendor/codeigniter4/framework/system/Database/Postgre/Connection.php(196): pg_query(Resource id #178, 'SELECT\n        ...')
#2 /Volumes/data/dataxampp/file/htdocs/surveypasar/vendor/codeigniter4/framework/system/Database/BaseConnection.php(741): CodeIgniter\Database\Postgre\Connection->execute('SELECT\n        ...')
#3 /Volumes/data/dataxampp/file/htdocs/surveypasar/vendor/codeigniter4/framework/system/Database/BaseConnection.php(669): CodeIgniter\Database\BaseConnection->simpleQuery('SELECT\n        ...')
#4 /Volumes/data/dataxampp/file/htdocs/surveypasar/app/Libraries/SmartComponent/Datasource.php(76): CodeIgniter\Database\BaseConnection->query('SELECT\n        ...')
#5 /Volumes/data/dataxampp/file/htdocs/surveypasar/app/Libraries/SmartComponent/Grid.php(149): App\Libraries\SmartComponent\Datasource->run()
#6 /Volumes/data/dataxampp/file/htdocs/surveypasar/app/Libraries/SmartComponent/Grid.php(111): App\Libraries\SmartComponent\Grid->get_datasource()
#7 /Volumes/data/dataxampp/file/htdocs/surveypasar/app/Controllers/Admin/Rekap.php(80): App\Libraries\SmartComponent\Grid->output()
#8 /Volumes/data/dataxampp/file/htdocs/surveypasar/vendor/codeigniter4/framework/system/CodeIgniter.php(918): App\Controllers\Admin\Rekap->gridRekap()
#9 /Volumes/data/dataxampp/file/htdocs/surveypasar/vendor/codeigniter4/framework/system/CodeIgniter.php(404): CodeIgniter\CodeIgniter->runController(Object(App\Controllers\Admin\Rekap))
#10 /Volumes/data/dataxampp/file/htdocs/surveypasar/vendor/codeigniter4/framework/system/CodeIgniter.php(312): CodeIgniter\CodeIgniter->handleRequest(NULL, Object(Config\Cache), false)
#11 /Volumes/data/dataxampp/file/htdocs/surveypasar/public/index.php(45): CodeIgniter\CodeIgniter->run()
#12 {main}
CRITICAL - 2021-01-27 01:36:13 --> Uncaught CodeIgniter\Format\Exceptions\FormatException: Failed to parse json string, error: "Type is not supported". in /Volumes/data/dataxampp/file/htdocs/surveypasar/vendor/codeigniter4/framework/system/Format/Exceptions/FormatException.php:9
Stack trace:
#0 /Volumes/data/dataxampp/file/htdocs/surveypasar/vendor/codeigniter4/framework/system/Format/JSONFormatter.php(71): CodeIgniter\Format\Exceptions\FormatException::forInvalidJSON('Type is not sup...')
#1 /Volumes/data/dataxampp/file/htdocs/surveypasar/vendor/codeigniter4/framework/system/API/ResponseTrait.php(414): CodeIgniter\Format\JSONFormatter->format(Array)
#2 /Volumes/data/dataxampp/file/htdocs/surveypasar/vendor/codeigniter4/framework/system/API/ResponseTrait.php(134): CodeIgniter\Debug\Exceptions->format(Array)
#3 /Volumes/data/dataxampp/file/htdocs/surveypasar/vendor/codeigniter4/framework/system/Debug/Exceptions.php(168): CodeIgniter\Debug\Exceptions->respond(Array, 500)
#4 [internal function]: CodeIgniter\Debug\Exceptions->exceptionHandler(Obje
#0 [internal function]: CodeIgniter\Debug\Exceptions->shutdownHandler()
#1 {main}
CRITICAL - 2021-01-27 01:58:36 --> syntax error, unexpected ':'
#0 /Volumes/data/dataxampp/file/htdocs/surveypasar/vendor/codeigniter4/framework/system/Router/Router.php(195): CodeIgniter\Router\Router->autoRoute('admin/rekap')
#1 /Volumes/data/dataxampp/file/htdocs/surveypasar/vendor/codeigniter4/framework/system/CodeIgniter.php(793): CodeIgniter\Router\Router->handle('admin/rekap')
#2 /Volumes/data/dataxampp/file/htdocs/surveypasar/vendor/codeigniter4/framework/system/CodeIgniter.php(364): CodeIgniter\CodeIgniter->tryToRouteIt(Object(CodeIgniter\Router\RouteCollection))
#3 /Volumes/data/dataxampp/file/htdocs/surveypasar/vendor/codeigniter4/framework/system/CodeIgniter.php(312): CodeIgniter\CodeIgniter->handleRequest(NULL, Object(Config\Cache), false)
#4 /Volumes/data/dataxampp/file/htdocs/surveypasar/public/index.php(45): CodeIgniter\CodeIgniter->run()
#5 {main}
CRITICAL - 2021-01-27 01:59:42 --> syntax error, unexpected '=>' (T_DOUBLE_ARROW), expecting ')'
#0 /Volumes/data/dataxampp/file/htdocs/surveypasar/vendor/codeigniter4/framework/system/Router/Router.php(195): CodeIgniter\Router\Router->autoRoute('admin/rekap')
#1 /Volumes/data/dataxampp/file/htdocs/surveypasar/vendor/codeigniter4/framework/system/CodeIgniter.php(793): CodeIgniter\Router\Router->handle('admin/rekap')
#2 /Volumes/data/dataxampp/file/htdocs/surveypasar/vendor/codeigniter4/framework/system/CodeIgniter.php(364): CodeIgniter\CodeIgniter->tryToRouteIt(Object(CodeIgniter\Router\RouteCollection))
#3 /Volumes/data/dataxampp/file/htdocs/surveypasar/vendor/codeigniter4/framework/system/CodeIgniter.php(312): CodeIgniter\CodeIgniter->handleRequest(NULL, Object(Config\Cache), false)
#4 /Volumes/data/dataxampp/file/htdocs/surveypasar/public/index.php(45): CodeIgniter\CodeIgniter->run()
#5 {main}
CRITICAL - 2021-01-27 02:01:22 --> syntax error, unexpected '=>' (T_DOUBLE_ARROW), expecting ')'
#0 /Volumes/data/dataxampp/file/htdocs/surveypasar/vendor/codeigniter4/framework/system/Router/Router.php(195): CodeIgniter\Router\Router->autoRoute('admin/rekap')
#1 /Volumes/data/dataxampp/file/htdocs/surveypasar/vendor/codeigniter4/framework/system/CodeIgniter.php(793): CodeIgniter\Router\Router->handle('admin/rekap')
#2 /Volumes/data/dataxampp/file/htdocs/surveypasar/vendor/codeigniter4/framework/system/CodeIgniter.php(364): CodeIgniter\CodeIgniter->tryToRouteIt(Object(CodeIgniter\Router\RouteCollection))
#3 /Volumes/data/dataxampp/file/htdocs/surveypasar/vendor/codeigniter4/framework/system/CodeIgniter.php(312): CodeIgniter\CodeIgniter->handleRequest(NULL, Object(Config\Cache), false)
#4 /Volumes/data/dataxampp/file/htdocs/surveypasar/public/index.php(45): CodeIgniter\CodeIgniter->run()
#5 {main}
CRITICAL - 2021-01-27 02:01:37 --> syntax error, unexpected '=>' (T_DOUBLE_ARROW), expecting ')'
#0 /Volumes/data/dataxampp/file/htdocs/surveypasar/vendor/codeigniter4/framework/system/Router/Router.php(195): CodeIgniter\Router\Router->autoRoute('admin/rekap')
#1 /Volumes/data/dataxampp/file/htdocs/surveypasar/vendor/codeigniter4/framework/system/CodeIgniter.php(793): CodeIgniter\Router\Router->handle('admin/rekap')
#2 /Volumes/data/dataxampp/file/htdocs/surveypasar/vendor/codeigniter4/framework/system/CodeIgniter.php(364): CodeIgniter\CodeIgniter->tryToRouteIt(Object(CodeIgniter\Router\RouteCollection))
#3 /Volumes/data/dataxampp/file/htdocs/surveypasar/vendor/codeigniter4/framework/system/CodeIgniter.php(312): CodeIgniter\CodeIgniter->handleRequest(NULL, Object(Config\Cache), false)
#4 /Volumes/data/dataxampp/file/htdocs/surveypasar/public/index.php(45): CodeIgniter\CodeIgniter->run()
#5 {main}
CRITICAL - 2021-01-27 02:01:54 --> Call to undefined method CodeIgniter\Database\Postgre\Builder::result()
#0 /Volumes/data/dataxampp/file/htdocs/surveypasar/app/Controllers/Admin/Rekap.php(13): App\Controllers\Admin\Rekap->gridRekap()
#1 /Volumes/data/dataxampp/file/htdocs/surveypasar/vendor/codeigniter4/framework/system/CodeIgniter.php(918): App\Controllers\Admin\Rekap->index()
#2 /Volumes/data/dataxampp/file/htdocs/surveypasar/vendor/codeigniter4/framework/system/CodeIgniter.php(404): CodeIgniter\CodeIgniter->runController(Object(App\Controllers\Admin\Rekap))
#3 /Volumes/data/dataxampp/file/htdocs/surveypasar/vendor/codeigniter4/framework/system/CodeIgniter.php(312): CodeIgniter\CodeIgniter->handleRequest(NULL, Object(Config\Cache), false)
#4 /Volumes/data/dataxampp/file/htdocs/surveypasar/public/index.php(45): CodeIgniter\CodeIgniter->run()
#5 {main}
CRITICAL - 2021-01-27 02:02:41 --> Call to undefined method CodeIgniter\Database\Postgre\Builder::row()
#0 /Volumes/data/dataxampp/file/htdocs/surveypasar/app/Controllers/Admin/Rekap.php(13): App\Controllers\Admin\Rekap->gridRekap()
#1 /Volumes/data/dataxampp/file/htdocs/surveypasar/vendor/codeigniter4/framework/system/CodeIgniter.php(918): App\Controllers\Admin\Rekap->index()
#2 /Volumes/data/dataxampp/file/htdocs/surveypasar/vendor/codeigniter4/framework/system/CodeIgniter.php(404): CodeIgniter\CodeIgniter->runController(Object(App\Controllers\Admin\Rekap))
#3 /Volumes/data/dataxampp/file/htdocs/surveypasar/vendor/codeigniter4/framework/system/CodeIgniter.php(312): CodeIgniter\CodeIgniter->handleRequest(NULL, Object(Config\Cache), false)
#4 /Volumes/data/dataxampp/file/htdocs/surveypasar/public/index.php(45): CodeIgniter\CodeIgniter->run()
#5 {main}
CRITICAL - 2021-01-27 02:03:46 --> Call to undefined method CodeIgniter\Database\Postgre\Builder::row_array()
#0 /Volumes/data/dataxampp/file/htdocs/surveypasar/app/Controllers/Admin/Rekap.php(13): App\Controllers\Admin\Rekap->gridRekap()
#1 /Volumes/data/dataxampp/file/htdocs/surveypasar/vendor/codeigniter4/framework/system/CodeIgniter.php(918): App\Controllers\Admin\Rekap->index()
#2 /Volumes/data/dataxampp/file/htdocs/surveypasar/vendor/codeigniter4/framework/system/CodeIgniter.php(404): CodeIgniter\CodeIgniter->runController(Object(App\Controllers\Admin\Rekap))
#3 /Volumes/data/dataxampp/file/htdocs/surveypasar/vendor/codeigniter4/framework/system/CodeIgniter.php(312): CodeIgniter\CodeIgniter->handleRequest(NULL, Object(Config\Cache), false)
#4 /Volumes/data/dataxampp/file/htdocs/surveypasar/public/index.php(45): CodeIgniter\CodeIgniter->run()
#5 {main}
CRITICAL - 2021-01-27 02:04:15 --> Cannot use object of type CodeIgniter\Database\Postgre\Result as array
#0 /Volumes/data/dataxampp/file/htdocs/surveypasar/app/Controllers/Admin/Rekap.php(13): App\Controllers\Admin\Rekap->gridRekap()
#1 /Volumes/data/dataxampp/file/htdocs/surveypasar/vendor/codeigniter4/framework/system/CodeIgniter.php(918): App\Controllers\Admin\Rekap->index()
#2 /Volumes/data/dataxampp/file/htdocs/surveypasar/vendor/codeigniter4/framework/system/CodeIgniter.php(404): CodeIgniter\CodeIgniter->runController(Object(App\Controllers\Admin\Rekap))
#3 /Volumes/data/dataxampp/file/htdocs/surveypasar/vendor/codeigniter4/framework/system/CodeIgniter.php(312): CodeIgniter\CodeIgniter->handleRequest(NULL, Object(Config\Cache), false)
#4 /Volumes/data/dataxampp/file/htdocs/surveypasar/public/index.php(45): CodeIgniter\CodeIgniter->run()
#5 {main}
CRITICAL - 2021-01-27 02:05:33 --> syntax error, unexpected ':'
#0 /Volumes/data/dataxampp/file/htdocs/surveypasar/vendor/codeigniter4/framework/system/Router/Router.php(195): CodeIgniter\Router\Router->autoRoute('admin/rekap')
#1 /Volumes/data/dataxampp/file/htdocs/surveypasar/vendor/codeigniter4/framework/system/CodeIgniter.php(793): CodeIgniter\Router\Router->handle('admin/rekap')
#2 /Volumes/data/dataxampp/file/htdocs/surveypasar/vendor/codeigniter4/framework/system/CodeIgniter.php(364): CodeIgniter\CodeIgniter->tryToRouteIt(Object(CodeIgniter\Router\RouteCollection))
#3 /Volumes/data/dataxampp/file/htdocs/surveypasar/vendor/codeigniter4/framework/system/CodeIgniter.php(312): CodeIgniter\CodeIgniter->handleRequest(NULL, Object(Config\Cache), false)
#4 /Volumes/data/dataxampp/file/htdocs/surveypasar/public/index.php(45): CodeIgniter\CodeIgniter->run()
#5 {main}
CRITICAL - 2021-01-27 02:05:45 --> Cannot use isset() on the result of an expression (you can use "null !== expression" instead)
#0 [internal function]: CodeIgniter\Debug\Exceptions->shutdownHandler()
#1 {main}
CRITICAL - 2021-01-27 02:08:44 --> Cannot use isset() on the result of an expression (you can use "null !== expression" instead)
#0 [internal function]: CodeIgniter\Debug\Exceptions->shutdownHandler()
#1 {main}
CRITICAL - 2021-01-27 02:08:59 --> Call to undefined method CodeIgniter\Database\Postgre\Result::result()
#0 /Volumes/data/dataxampp/file/htdocs/surveypasar/app/Controllers/Admin/Rekap.php(13): App\Controllers\Admin\Rekap->gridRekap()
#1 /Volumes/data/dataxampp/file/htdocs/surveypasar/vendor/codeigniter4/framework/system/CodeIgniter.php(918): App\Controllers\Admin\Rekap->index()
#2 /Volumes/data/dataxampp/file/htdocs/surveypasar/vendor/codeigniter4/framework/system/CodeIgniter.php(404): CodeIgniter\CodeIgniter->runController(Object(App\Controllers\Admin\Rekap))
#3 /Volumes/data/dataxampp/file/htdocs/surveypasar/vendor/codeigniter4/framework/system/CodeIgniter.php(312): CodeIgniter\CodeIgniter->handleRequest(NULL, Object(Config\Cache), false)
#4 /Volumes/data/dataxampp/file/htdocs/surveypasar/public/index.php(45): CodeIgniter\CodeIgniter->run()
#5 {main}
CRITICAL - 2021-01-27 02:09:10 --> Call to undefined method CodeIgniter\Database\Postgre\Result::row_array()
#0 /Volumes/data/dataxampp/file/htdocs/surveypasar/app/Controllers/Admin/Rekap.php(13): App\Controllers\Admin\Rekap->gridRekap()
#1 /Volumes/data/dataxampp/file/htdocs/surveypasar/vendor/codeigniter4/framework/system/CodeIgniter.php(918): App\Controllers\Admin\Rekap->index()
#2 /Volumes/data/dataxampp/file/htdocs/surveypasar/vendor/codeigniter4/framework/system/CodeIgniter.php(404): CodeIgniter\CodeIgniter->runController(Object(App\Controllers\Admin\Rekap))
#3 /Volumes/data/dataxampp/file/htdocs/surveypasar/vendor/codeigniter4/framework/system/CodeIgniter.php(312): CodeIgniter\CodeIgniter->handleRequest(NULL, Object(Config\Cache), false)
#4 /Volumes/data/dataxampp/file/htdocs/surveypasar/public/index.php(45): CodeIgniter\CodeIgniter->run()
#5 {main}
CRITICAL - 2021-01-27 02:09:29 --> Call to undefined method CodeIgniter\Database\Postgre\Result::result_array()
#0 /Volumes/data/dataxampp/file/htdocs/surveypasar/app/Controllers/Admin/Rekap.php(13): App\Controllers\Admin\Rekap->gridRekap()
#1 /Volumes/data/dataxampp/file/htdocs/surveypasar/vendor/codeigniter4/framework/system/CodeIgniter.php(918): App\Controllers\Admin\Rekap->index()
#2 /Volumes/data/dataxampp/file/htdocs/surveypasar/vendor/codeigniter4/framework/system/CodeIgniter.php(404): CodeIgniter\CodeIgniter->runController(Object(App\Controllers\Admin\Rekap))
#3 /Volumes/data/dataxampp/file/htdocs/surveypasar/vendor/codeigniter4/framework/system/CodeIgniter.php(312): CodeIgniter\CodeIgniter->handleRequest(NULL, Object(Config\Cache), false)
#4 /Volumes/data/dataxampp/file/htdocs/surveypasar/public/index.php(45): CodeIgniter\CodeIgniter->run()
#5 {main}
CRITICAL - 2021-01-27 02:09:41 --> Call to undefined method CodeIgniter\Database\Postgre\Result::get()
#0 /Volumes/data/dataxampp/file/htdocs/surveypasar/app/Controllers/Admin/Rekap.php(13): App\Controllers\Admin\Rekap->gridRekap()
#1 /Volumes/data/dataxampp/file/htdocs/surveypasar/vendor/codeigniter4/framework/system/CodeIgniter.php(918): App\Controllers\Admin\Rekap->index()
#2 /Volumes/data/dataxampp/file/htdocs/surveypasar/vendor/codeigniter4/framework/system/CodeIgniter.php(404): CodeIgniter\CodeIgniter->runController(Object(App\Controllers\Admin\Rekap))
#3 /Volumes/data/dataxampp/file/htdocs/surveypasar/vendor/codeigniter4/framework/system/CodeIgniter.php(312): CodeIgniter\CodeIgniter->handleRequest(NULL, Object(Config\Cache), false)
#4 /Volumes/data/dataxampp/file/htdocs/surveypasar/public/index.php(45): CodeIgniter\CodeIgniter->run()
#5 {main}
CRITICAL - 2021-01-27 02:13:19 --> syntax error, unexpected '}'
#0 /Volumes/data/dataxampp/file/htdocs/surveypasar/vendor/codeigniter4/framework/system/Router/Router.php(195): CodeIgniter\Router\Router->autoRoute('admin/rekap')
#1 /Volumes/data/dataxampp/file/htdocs/surveypasar/vendor/codeigniter4/framework/system/CodeIgniter.php(793): CodeIgniter\Router\Router->handle('admin/rekap')
#2 /Volumes/data/dataxampp/file/htdocs/surveypasar/vendor/codeigniter4/framework/system/CodeIgniter.php(364): CodeIgniter\CodeIgniter->tryToRouteIt(Object(CodeIgniter\Router\RouteCollection))
#3 /Volumes/data/dataxampp/file/htdocs/surveypasar/vendor/codeigniter4/framework/system/CodeIgniter.php(312): CodeIgniter\CodeIgniter->handleRequest(NULL, Object(Config\Cache), false)
#4 /Volumes/data/dataxampp/file/htdocs/surveypasar/public/index.php(45): CodeIgniter\CodeIgniter->run()
#5 {main}
CRITICAL - 2021-01-27 02:13:30 --> Cannot use isset() on the result of an expression (you can use "null !== expression" instead)
#0 [internal function]: CodeIgniter\Debug\Exceptions->shutdownHandler()
#1 {main}
CRITICAL - 2021-01-27 02:14:05 --> count(): Parameter must be an array or an object that implements Countable
#0 [internal function]: CodeIgniter\Debug\Exceptions->errorHandler(2, 'count(): Parame...', '/Volumes/data/d...', 41, Array)
#1 /Volumes/data/dataxampp/file/htdocs/surveypasar/app/Controllers/Admin/Rekap.php(41): count(Object(CodeIgniter\Database\Postgre\Result))
#2 /Volumes/data/dataxampp/file/htdocs/surveypasar/app/Controllers/Admin/Rekap.php(13): App\Controllers\Admin\Rekap->gridRekap()
#3 /Volumes/data/dataxampp/file/htdocs/surveypasar/vendor/codeigniter4/framework/system/CodeIgniter.php(918): App\Controllers\Admin\Rekap->index()
#4 /Volumes/data/dataxampp/file/htdocs/surveypasar/vendor/codeigniter4/framework/system/CodeIgniter.php(404): CodeIgniter\CodeIgniter->runController(Object(App\Controllers\Admin\Rekap))
#5 /Volumes/data/dataxampp/file/htdocs/surveypasar/vendor/codeigniter4/framework/system/CodeIgniter.php(312): CodeIgniter\CodeIgniter->handleRequest(NULL, Object(Config\Cache), false)
#6 /Volumes/data/dataxampp/file/htdocs/surveypasar/public/index.php(45): CodeIgniter\CodeIgniter->run()
#7 {main}
CRITICAL - 2021-01-27 02:23:27 --> syntax error, unexpected '}'
#0 /Volumes/data/dataxampp/file/htdocs/surveypasar/vendor/codeigniter4/framework/system/Router/Router.php(195): CodeIgniter\Router\Router->autoRoute('admin/rekap')
#1 /Volumes/data/dataxampp/file/htdocs/surveypasar/vendor/codeigniter4/framework/system/CodeIgniter.php(793): CodeIgniter\Router\Router->handle('admin/rekap')
#2 /Volumes/data/dataxampp/file/htdocs/surveypasar/vendor/codeigniter4/framework/system/CodeIgniter.php(364): CodeIgniter\CodeIgniter->tryToRouteIt(Object(CodeIgniter\Router\RouteCollection))
#3 /Volumes/data/dataxampp/file/htdocs/surveypasar/vendor/codeigniter4/framework/system/CodeIgniter.php(312): CodeIgniter\CodeIgniter->handleRequest(NULL, Object(Config\Cache), false)
#4 /Volumes/data/dataxampp/file/htdocs/surveypasar/public/index.php(45): CodeIgniter\CodeIgniter->run()
#5 {main}
CRITICAL - 2021-01-27 02:37:17 --> Undefined variable: tanggal
#0 /Volumes/data/dataxampp/file/htdocs/surveypasar/app/Views/admin/surveyStart.php(9): CodeIgniter\Debug\Exceptions->errorHandler(8, 'Undefined varia...', '/Volumes/data/d...', 9, Array)
#1 /Volumes/data/dataxampp/file/htdocs/surveypasar/vendor/codeigniter4/framework/system/View/View.php(246): include('/Volumes/data/d...')
#2 /Volumes/data/dataxampp/file/htdocs/surveypasar/vendor/codeigniter4/framework/system/Common.php(1119): CodeIgniter\View\View->render('admin/surveySta...', Array, true)
#3 /Volumes/data/dataxampp/file/htdocs/surveypasar/app/Controllers/Admin/Survey.php(142): view('admin/surveySta...', Array)
#4 /Volumes/data/dataxampp/file/htdocs/surveypasar/vendor/codeigniter4/framework/system/CodeIgniter.php(918): App\Controllers\Admin\Survey->edit('29')
#5 /Volumes/data/dataxampp/file/htdocs/surveypasar/vendor/codeigniter4/framework/system/CodeIgniter.php(404): CodeIgniter\CodeIgniter->runController(Object(App\Controllers\Admin\Survey))
#6 /Volumes/data/dataxampp/file/htdocs/surveypasar/vendor/codeigniter4/framework/system/CodeIgniter.php(312): CodeIgniter\CodeIgniter->handleRequest(NULL, Object(Config\Cache), false)
#7 /Volumes/data/dataxampp/file/htdocs/surveypasar/public/index.php(45): CodeIgniter\CodeIgniter->run()
#8 {main}
CRITICAL - 2021-01-27 02:40:30 --> Undefined offset: 0
#0 /Volumes/data/dataxampp/file/htdocs/surveypasar/app/Controllers/Admin/Survey.php(143): CodeIgniter\Debug\Exceptions->errorHandler(8, 'Undefined offse...', '/Volumes/data/d...', 143, Array)
#1 /Volumes/data/dataxampp/file/htdocs/surveypasar/vendor/codeigniter4/framework/system/CodeIgniter.php(918): App\Controllers\Admin\Survey->edit('29')
#2 /Volumes/data/dataxampp/file/htdocs/surveypasar/vendor/codeigniter4/framework/system/CodeIgniter.php(404): CodeIgniter\CodeIgniter->runController(Object(App\Controllers\Admin\Survey))
#3 /Volumes/data/dataxampp/file/htdocs/surveypasar/vendor/codeigniter4/framework/system/CodeIgniter.php(312): CodeIgniter\CodeIgniter->handleRequest(NULL, Object(Config\Cache), false)
#4 /Volumes/data/dataxampp/file/htdocs/surveypasar/public/index.php(45): CodeIgniter\CodeIgniter->run()
#5 {main}
CRITICAL - 2021-01-27 16:07:39 --> Undefined index: user_id
#0 /Volumes/data/dataxampp/file/htdocs/surveypasar/app/Controllers/Admin/Survey.php(58): CodeIgniter\Debug\Exceptions->errorHandler(8, 'Undefined index...', '/Volumes/data/d...', 58, Array)
#1 /Volumes/data/dataxampp/file/htdocs/surveypasar/app/Controllers/Admin/Survey.php(15): App\Controllers\Admin\Survey->gridSeller('2021-01-27')
#2 /Volumes/data/dataxampp/file/htdocs/surveypasar/vendor/codeigniter4/framework/system/CodeIgniter.php(918): App\Controllers\Admin\Survey->index()
#3 /Volumes/data/dataxampp/file/htdocs/surveypasar/vendor/codeigniter4/framework/system/CodeIgniter.php(404): CodeIgniter\CodeIgniter->runController(Object(App\Controllers\Admin\Survey))
#4 /Volumes/data/dataxampp/file/htdocs/surveypasar/vendor/codeigniter4/framework/system/CodeIgniter.php(312): CodeIgniter\CodeIgniter->handleRequest(NULL, Object(Config\Cache), false)
#5 /Volumes/data/dataxampp/file/htdocs/surveypasar/public/index.php(45): CodeIgniter\CodeIgniter->run()
#6 {main}
