CRITICAL - 2020-09-05 02:14:03 --> Unknown column 'waktu_buka_tutup' in 'order clause'
#0 D:\xampp7\htdocs\siakad\vendor\codeigniter4\framework\system\Database\MySQLi\Connection.php(331): mysqli->query('select true as ...')
#1 D:\xampp7\htdocs\siakad\vendor\codeigniter4\framework\system\Database\BaseConnection.php(741): CodeIgniter\Database\MySQLi\Connection->execute('select true as ...')
#2 D:\xampp7\htdocs\siakad\vendor\codeigniter4\framework\system\Database\BaseConnection.php(669): CodeIgniter\Database\BaseConnection->simpleQuery('select true as ...')
#3 D:\xampp7\htdocs\siakad\app\Libraries\SmartComponent\Datasource.php(72): CodeIgniter\Database\BaseConnection->query('select true as ...')
#4 D:\xampp7\htdocs\siakad\app\Libraries\SmartComponent\Grid.php(119): App\Libraries\SmartComponent\Datasource->run()
#5 D:\xampp7\htdocs\siakad\app\Libraries\SmartComponent\Grid.php(88): App\Libraries\SmartComponent\Grid->get_datasource()
#6 D:\xampp7\htdocs\siakad\app\Controllers\Admin\Home.php(89): App\Libraries\SmartComponent\Grid->output()
#7 D:\xampp7\htdocs\siakad\vendor\codeigniter4\framework\system\CodeIgniter.php(918): App\Controllers\Admin\Home->grid()
#8 D:\xampp7\htdocs\siakad\vendor\codeigniter4\framework\system\CodeIgniter.php(404): CodeIgniter\CodeIgniter->runController(Object(App\Controllers\Admin\Home))
#9 D:\xampp7\htdocs\siakad\vendor\codeigniter4\framework\system\CodeIgniter.php(312): CodeIgniter\CodeIgniter->handleRequest(NULL, Object(Config\Cache), false)
#10 D:\xampp7\htdocs\siakad\public\index.php(45): CodeIgniter\CodeIgniter->run()
#11 {main}
CRITICAL - 2020-09-05 02:14:04 --> Unknown column 'waktu_buka_tutup' in 'order clause'
#0 D:\xampp7\htdocs\siakad\vendor\codeigniter4\framework\system\Database\MySQLi\Connection.php(331): mysqli->query('select true as ...')
#1 D:\xampp7\htdocs\siakad\vendor\codeigniter4\framework\system\Database\BaseConnection.php(741): CodeIgniter\Database\MySQLi\Connection->execute('select true as ...')
#2 D:\xampp7\htdocs\siakad\vendor\codeigniter4\framework\system\Database\BaseConnection.php(669): CodeIgniter\Database\BaseConnection->simpleQuery('select true as ...')
#3 D:\xampp7\htdocs\siakad\app\Libraries\SmartComponent\Datasource.php(72): CodeIgniter\Database\BaseConnection->query('select true as ...')
#4 D:\xampp7\htdocs\siakad\app\Libraries\SmartComponent\Grid.php(119): App\Libraries\SmartComponent\Datasource->run()
#5 D:\xampp7\htdocs\siakad\app\Libraries\SmartComponent\Grid.php(88): App\Libraries\SmartComponent\Grid->get_datasource()
#6 D:\xampp7\htdocs\siakad\app\Controllers\Admin\Home.php(89): App\Libraries\SmartComponent\Grid->output()
#7 D:\xampp7\htdocs\siakad\vendor\codeigniter4\framework\system\CodeIgniter.php(918): App\Controllers\Admin\Home->grid()
#8 D:\xampp7\htdocs\siakad\vendor\codeigniter4\framework\system\CodeIgniter.php(404): CodeIgniter\CodeIgniter->runController(Object(App\Controllers\Admin\Home))
#9 D:\xampp7\htdocs\siakad\vendor\codeigniter4\framework\system\CodeIgniter.php(312): CodeIgniter\CodeIgniter->handleRequest(NULL, Object(Config\Cache), false)
#10 D:\xampp7\htdocs\siakad\public\index.php(45): CodeIgniter\CodeIgniter->run()
#11 {main}
CRITICAL - 2020-09-05 02:14:06 --> Unknown column 'waktu_buka_tutup' in 'order clause'
#0 D:\xampp7\htdocs\siakad\vendor\codeigniter4\framework\system\Database\MySQLi\Connection.php(331): mysqli->query('select true as ...')
#1 D:\xampp7\htdocs\siakad\vendor\codeigniter4\framework\system\Database\BaseConnection.php(741): CodeIgniter\Database\MySQLi\Connection->execute('select true as ...')
#2 D:\xampp7\htdocs\siakad\vendor\codeigniter4\framework\system\Database\BaseConnection.php(669): CodeIgniter\Database\BaseConnection->simpleQuery('select true as ...')
#3 D:\xampp7\htdocs\siakad\app\Libraries\SmartComponent\Datasource.php(72): CodeIgniter\Database\BaseConnection->query('select true as ...')
#4 D:\xampp7\htdocs\siakad\app\Libraries\SmartComponent\Grid.php(119): App\Libraries\SmartComponent\Datasource->run()
#5 D:\xampp7\htdocs\siakad\app\Libraries\SmartComponent\Grid.php(88): App\Libraries\SmartComponent\Grid->get_datasource()
#6 D:\xampp7\htdocs\siakad\app\Controllers\Admin\Home.php(89): App\Libraries\SmartComponent\Grid->output()
#7 D:\xampp7\htdocs\siakad\vendor\codeigniter4\framework\system\CodeIgniter.php(918): App\Controllers\Admin\Home->grid()
#8 D:\xampp7\htdocs\siakad\vendor\codeigniter4\framework\system\CodeIgniter.php(404): CodeIgniter\CodeIgniter->runController(Object(App\Controllers\Admin\Home))
#9 D:\xampp7\htdocs\siakad\vendor\codeigniter4\framework\system\CodeIgniter.php(312): CodeIgniter\CodeIgniter->handleRequest(NULL, Object(Config\Cache), false)
#10 D:\xampp7\htdocs\siakad\public\index.php(45): CodeIgniter\CodeIgniter->run()
#11 {main}
CRITICAL - 2020-09-05 02:27:58 --> Unknown column 'user_nama_lengkap' in 'order clause'
#0 D:\xampp7\htdocs\siakad\vendor\codeigniter4\framework\system\Database\MySQLi\Connection.php(331): mysqli->query('select true as ...')
#1 D:\xampp7\htdocs\siakad\vendor\codeigniter4\framework\system\Database\BaseConnection.php(741): CodeIgniter\Database\MySQLi\Connection->execute('select true as ...')
#2 D:\xampp7\htdocs\siakad\vendor\codeigniter4\framework\system\Database\BaseConnection.php(669): CodeIgniter\Database\BaseConnection->simpleQuery('select true as ...')
#3 D:\xampp7\htdocs\siakad\app\Libraries\SmartComponent\Datasource.php(72): CodeIgniter\Database\BaseConnection->query('select true as ...')
#4 D:\xampp7\htdocs\siakad\app\Libraries\SmartComponent\Grid.php(119): App\Libraries\SmartComponent\Datasource->run()
#5 D:\xampp7\htdocs\siakad\app\Libraries\SmartComponent\Grid.php(88): App\Libraries\SmartComponent\Grid->get_datasource()
#6 D:\xampp7\htdocs\siakad\app\Controllers\Admin\Home.php(89): App\Libraries\SmartComponent\Grid->output()
#7 D:\xampp7\htdocs\siakad\vendor\codeigniter4\framework\system\CodeIgniter.php(918): App\Controllers\Admin\Home->grid()
#8 D:\xampp7\htdocs\siakad\vendor\codeigniter4\framework\system\CodeIgniter.php(404): CodeIgniter\CodeIgniter->runController(Object(App\Controllers\Admin\Home))
#9 D:\xampp7\htdocs\siakad\vendor\codeigniter4\framework\system\CodeIgniter.php(312): CodeIgniter\CodeIgniter->handleRequest(NULL, Object(Config\Cache), false)
#10 D:\xampp7\htdocs\siakad\public\index.php(45): CodeIgniter\CodeIgniter->run()
#11 {main}
CRITICAL - 2020-09-05 02:56:35 --> Unknown column 'user_nama_lengkap' in 'order clause'
#0 D:\xampp7\htdocs\siakad\vendor\codeigniter4\framework\system\Database\MySQLi\Connection.php(331): mysqli->query('select true as ...')
#1 D:\xampp7\htdocs\siakad\vendor\codeigniter4\framework\system\Database\BaseConnection.php(741): CodeIgniter\Database\MySQLi\Connection->execute('select true as ...')
#2 D:\xampp7\htdocs\siakad\vendor\codeigniter4\framework\system\Database\BaseConnection.php(669): CodeIgniter\Database\BaseConnection->simpleQuery('select true as ...')
#3 D:\xampp7\htdocs\siakad\app\Libraries\SmartComponent\Datasource.php(72): CodeIgniter\Database\BaseConnection->query('select true as ...')
#4 D:\xampp7\htdocs\siakad\app\Libraries\SmartComponent\Grid.php(119): App\Libraries\SmartComponent\Datasource->run()
#5 D:\xampp7\htdocs\siakad\app\Libraries\SmartComponent\Grid.php(88): App\Libraries\SmartComponent\Grid->get_datasource()
#6 D:\xampp7\htdocs\siakad\app\Controllers\Admin\Home.php(89): App\Libraries\SmartComponent\Grid->output()
#7 D:\xampp7\htdocs\siakad\vendor\codeigniter4\framework\system\CodeIgniter.php(918): App\Controllers\Admin\Home->grid()
#8 D:\xampp7\htdocs\siakad\vendor\codeigniter4\framework\system\CodeIgniter.php(404): CodeIgniter\CodeIgniter->runController(Object(App\Controllers\Admin\Home))
#9 D:\xampp7\htdocs\siakad\vendor\codeigniter4\framework\system\CodeIgniter.php(312): CodeIgniter\CodeIgniter->handleRequest(NULL, Object(Config\Cache), false)
#10 D:\xampp7\htdocs\siakad\public\index.php(45): CodeIgniter\CodeIgniter->run()
#11 {main}
